2021-06-01 15:08:50.463724: W tensorflow/stream_executor/platform/default/dso_loader.cc:64] Could not load dynamic library 'libcudart.so.11.0'; dlerror: libcudart.so.11.0: cannot open shared object file: No such file or directory; LD_LIBRARY_PATH: /sw/ompi/4.1.1/lib:/sw/ompi/4.1.1/include:/sw/ucx/1.10.0/lib:/sw/gcc/10.2.0/lib64:/sw/gcc/10.2.0/lib
2021-06-01 15:08:50.463776: I tensorflow/stream_executor/cuda/cudart_stub.cc:29] Ignore above cudart dlerror if you do not have a GPU set up on your machine.
2021-06-01 15:08:50.463720: W tensorflow/stream_executor/platform/default/dso_loader.cc:64] Could not load dynamic library 'libcudart.so.11.0'; dlerror: libcudart.so.11.0: cannot open shared object file: No such file or directory; LD_LIBRARY_PATH: /sw/ompi/4.1.1/lib:/sw/ompi/4.1.1/include:/sw/ucx/1.10.0/lib:/sw/gcc/10.2.0/lib64:/sw/gcc/10.2.0/lib
2021-06-01 15:08:50.463770: I tensorflow/stream_executor/cuda/cudart_stub.cc:29] Ignore above cudart dlerror if you do not have a GPU set up on your machine.
2021-06-01 15:08:50.463739: W tensorflow/stream_executor/platform/default/dso_loader.cc:64] Could not load dynamic library 'libcudart.so.11.0'; dlerror: libcudart.so.11.0: cannot open shared object file: No such file or directory; LD_LIBRARY_PATH: /sw/ompi/4.1.1/lib:/sw/ompi/4.1.1/include:/sw/ucx/1.10.0/lib:/sw/gcc/10.2.0/lib64:/sw/gcc/10.2.0/lib
2021-06-01 15:08:50.463787: I tensorflow/stream_executor/cuda/cudart_stub.cc:29] Ignore above cudart dlerror if you do not have a GPU set up on your machine.
2021-06-01 15:08:50.463709: W tensorflow/stream_executor/platform/default/dso_loader.cc:64] Could not load dynamic library 'libcudart.so.11.0'; dlerror: libcudart.so.11.0: cannot open shared object file: No such file or directory; LD_LIBRARY_PATH: /sw/ompi/4.1.1/lib:/sw/ompi/4.1.1/include:/sw/ucx/1.10.0/lib:/sw/gcc/10.2.0/lib64:/sw/gcc/10.2.0/lib
2021-06-01 15:08:50.463769: I tensorflow/stream_executor/cuda/cudart_stub.cc:29] Ignore above cudart dlerror if you do not have a GPU set up on your machine.
2021-06-01 15:08:50.463756: W tensorflow/stream_executor/platform/default/dso_loader.cc:64] Could not load dynamic library 'libcudart.so.11.0'; dlerror: libcudart.so.11.0: cannot open shared object file: No such file or directory; LD_LIBRARY_PATH: /sw/ompi/4.1.1/lib:/sw/ompi/4.1.1/include:/sw/ucx/1.10.0/lib:/sw/gcc/10.2.0/lib64:/sw/gcc/10.2.0/lib
2021-06-01 15:08:50.463802: I tensorflow/stream_executor/cuda/cudart_stub.cc:29] Ignore above cudart dlerror if you do not have a GPU set up on your machine.
2021-06-01 15:08:50.463845: W tensorflow/stream_executor/platform/default/dso_loader.cc:64] Could not load dynamic library 'libcudart.so.11.0'; dlerror: libcudart.so.11.0: cannot open shared object file: No such file or directory; LD_LIBRARY_PATH: /sw/ompi/4.1.1/lib:/sw/ompi/4.1.1/include:/sw/ucx/1.10.0/lib:/sw/gcc/10.2.0/lib64:/sw/gcc/10.2.0/lib
2021-06-01 15:08:50.463890: I tensorflow/stream_executor/cuda/cudart_stub.cc:29] Ignore above cudart dlerror if you do not have a GPU set up on your machine.
2021-06-01 15:08:50.463777: W tensorflow/stream_executor/platform/default/dso_loader.cc:64] Could not load dynamic library 'libcudart.so.11.0'; dlerror: libcudart.so.11.0: cannot open shared object file: No such file or directory; LD_LIBRARY_PATH: /sw/ompi/4.1.1/lib:/sw/ompi/4.1.1/include:/sw/ucx/1.10.0/lib:/sw/gcc/10.2.0/lib64:/sw/gcc/10.2.0/lib
2021-06-01 15:08:50.463822: I tensorflow/stream_executor/cuda/cudart_stub.cc:29] Ignore above cudart dlerror if you do not have a GPU set up on your machine.
2021-06-01 15:08:50.463907: W tensorflow/stream_executor/platform/default/dso_loader.cc:64] Could not load dynamic library 'libcudart.so.11.0'; dlerror: libcudart.so.11.0: cannot open shared object file: No such file or directory; LD_LIBRARY_PATH: /sw/ompi/4.1.1/lib:/sw/ompi/4.1.1/include:/sw/ucx/1.10.0/lib:/sw/gcc/10.2.0/lib64:/sw/gcc/10.2.0/lib
2021-06-01 15:08:50.463952: I tensorflow/stream_executor/cuda/cudart_stub.cc:29] Ignore above cudart dlerror if you do not have a GPU set up on your machine.
2021-06-01 15:08:50.463805: W tensorflow/stream_executor/platform/default/dso_loader.cc:64] Could not load dynamic library 'libcudart.so.11.0'; dlerror: libcudart.so.11.0: cannot open shared object file: No such file or directory; LD_LIBRARY_PATH: /sw/ompi/4.1.1/lib:/sw/ompi/4.1.1/include:/sw/ucx/1.10.0/lib:/sw/gcc/10.2.0/lib64:/sw/gcc/10.2.0/lib
2021-06-01 15:08:50.463850: I tensorflow/stream_executor/cuda/cudart_stub.cc:29] Ignore above cudart dlerror if you do not have a GPU set up on your machine.
2021-06-01 15:08:50.463928: W tensorflow/stream_executor/platform/default/dso_loader.cc:64] Could not load dynamic library 'libcudart.so.11.0'; dlerror: libcudart.so.11.0: cannot open shared object file: No such file or directory; LD_LIBRARY_PATH: /sw/ompi/4.1.1/lib:/sw/ompi/4.1.1/include:/sw/ucx/1.10.0/lib:/sw/gcc/10.2.0/lib64:/sw/gcc/10.2.0/lib
2021-06-01 15:08:50.463972: I tensorflow/stream_executor/cuda/cudart_stub.cc:29] Ignore above cudart dlerror if you do not have a GPU set up on your machine.
2021-06-01 15:08:50.463792: W tensorflow/stream_executor/platform/default/dso_loader.cc:64] Could not load dynamic library 'libcudart.so.11.0'; dlerror: libcudart.so.11.0: cannot open shared object file: No such file or directory; LD_LIBRARY_PATH: /sw/ompi/4.1.1/lib:/sw/ompi/4.1.1/include:/sw/ucx/1.10.0/lib:/sw/gcc/10.2.0/lib64:/sw/gcc/10.2.0/lib
2021-06-01 15:08:50.463839: I tensorflow/stream_executor/cuda/cudart_stub.cc:29] Ignore above cudart dlerror if you do not have a GPU set up on your machine.
2021-06-01 15:08:50.463890: W tensorflow/stream_executor/platform/default/dso_loader.cc:64] Could not load dynamic library 'libcudart.so.11.0'; dlerror: libcudart.so.11.0: cannot open shared object file: No such file or directory; LD_LIBRARY_PATH: /sw/ompi/4.1.1/lib:/sw/ompi/4.1.1/include:/sw/ucx/1.10.0/lib:/sw/gcc/10.2.0/lib64:/sw/gcc/10.2.0/lib
2021-06-01 15:08:50.463935: I tensorflow/stream_executor/cuda/cudart_stub.cc:29] Ignore above cudart dlerror if you do not have a GPU set up on your machine.
2021-06-01 15:08:50.463786: W tensorflow/stream_executor/platform/default/dso_loader.cc:64] Could not load dynamic library 'libcudart.so.11.0'; dlerror: libcudart.so.11.0: cannot open shared object file: No such file or directory; LD_LIBRARY_PATH: /sw/ompi/4.1.1/lib:/sw/ompi/4.1.1/include:/sw/ucx/1.10.0/lib:/sw/gcc/10.2.0/lib64:/sw/gcc/10.2.0/lib
2021-06-01 15:08:50.463829: I tensorflow/stream_executor/cuda/cudart_stub.cc:29] Ignore above cudart dlerror if you do not have a GPU set up on your machine.
2021-06-01 15:08:50.463780: W tensorflow/stream_executor/platform/default/dso_loader.cc:64] Could not load dynamic library 'libcudart.so.11.0'; dlerror: libcudart.so.11.0: cannot open shared object file: No such file or directory; LD_LIBRARY_PATH: /sw/ompi/4.1.1/lib:/sw/ompi/4.1.1/include:/sw/ucx/1.10.0/lib:/sw/gcc/10.2.0/lib64:/sw/gcc/10.2.0/lib
2021-06-01 15:08:50.463825: I tensorflow/stream_executor/cuda/cudart_stub.cc:29] Ignore above cudart dlerror if you do not have a GPU set up on your machine.
2021-06-01 15:08:50.463865: W tensorflow/stream_executor/platform/default/dso_loader.cc:64] Could not load dynamic library 'libcudart.so.11.0'; dlerror: libcudart.so.11.0: cannot open shared object file: No such file or directory; LD_LIBRARY_PATH: /sw/ompi/4.1.1/lib:/sw/ompi/4.1.1/include:/sw/ucx/1.10.0/lib:/sw/gcc/10.2.0/lib64:/sw/gcc/10.2.0/lib
2021-06-01 15:08:50.463910: I tensorflow/stream_executor/cuda/cudart_stub.cc:29] Ignore above cudart dlerror if you do not have a GPU set up on your machine.
2021-06-01 15:08:50.463826: W tensorflow/stream_executor/platform/default/dso_loader.cc:64] Could not load dynamic library 'libcudart.so.11.0'; dlerror: libcudart.so.11.0: cannot open shared object file: No such file or directory; LD_LIBRARY_PATH: /sw/ompi/4.1.1/lib:/sw/ompi/4.1.1/include:/sw/ucx/1.10.0/lib:/sw/gcc/10.2.0/lib64:/sw/gcc/10.2.0/lib
2021-06-01 15:08:50.463871: I tensorflow/stream_executor/cuda/cudart_stub.cc:29] Ignore above cudart dlerror if you do not have a GPU set up on your machine.
2021-06-01 15:08:50.463773: W tensorflow/stream_executor/platform/default/dso_loader.cc:64] Could not load dynamic library 'libcudart.so.11.0'; dlerror: libcudart.so.11.0: cannot open shared object file: No such file or directory; LD_LIBRARY_PATH: /sw/ompi/4.1.1/lib:/sw/ompi/4.1.1/include:/sw/ucx/1.10.0/lib:/sw/gcc/10.2.0/lib64:/sw/gcc/10.2.0/lib
2021-06-01 15:08:50.463826: I tensorflow/stream_executor/cuda/cudart_stub.cc:29] Ignore above cudart dlerror if you do not have a GPU set up on your machine.
2021-06-01 15:08:50.463945: W tensorflow/stream_executor/platform/default/dso_loader.cc:64] Could not load dynamic library 'libcudart.so.11.0'; dlerror: libcudart.so.11.0: cannot open shared object file: No such file or directory; LD_LIBRARY_PATH: /sw/ompi/4.1.1/lib:/sw/ompi/4.1.1/include:/sw/ucx/1.10.0/lib:/sw/gcc/10.2.0/lib64:/sw/gcc/10.2.0/lib
2021-06-01 15:08:50.463990: I tensorflow/stream_executor/cuda/cudart_stub.cc:29] Ignore above cudart dlerror if you do not have a GPU set up on your machine.
2021-06-01 15:08:50.464579: W tensorflow/stream_executor/platform/default/dso_loader.cc:64] Could not load dynamic library 'libcudart.so.11.0'; dlerror: libcudart.so.11.0: cannot open shared object file: No such file or directory; LD_LIBRARY_PATH: /sw/ompi/4.1.1/lib:/sw/ompi/4.1.1/include:/sw/ucx/1.10.0/lib:/sw/gcc/10.2.0/lib64:/sw/gcc/10.2.0/lib
2021-06-01 15:08:50.464626: I tensorflow/stream_executor/cuda/cudart_stub.cc:29] Ignore above cudart dlerror if you do not have a GPU set up on your machine.
2021-06-01 15:08:50.464540: W tensorflow/stream_executor/platform/default/dso_loader.cc:64] Could not load dynamic library 'libcudart.so.11.0'; dlerror: libcudart.so.11.0: cannot open shared object file: No such file or directory; LD_LIBRARY_PATH: /sw/ompi/4.1.1/lib:/sw/ompi/4.1.1/include:/sw/ucx/1.10.0/lib:/sw/gcc/10.2.0/lib64:/sw/gcc/10.2.0/lib
2021-06-01 15:08:50.464588: I tensorflow/stream_executor/cuda/cudart_stub.cc:29] Ignore above cudart dlerror if you do not have a GPU set up on your machine.
2021-06-01 15:08:50.464378: W tensorflow/stream_executor/platform/default/dso_loader.cc:64] Could not load dynamic library 'libcudart.so.11.0'; dlerror: libcudart.so.11.0: cannot open shared object file: No such file or directory; LD_LIBRARY_PATH: /sw/ompi/4.1.1/lib:/sw/ompi/4.1.1/include:/sw/ucx/1.10.0/lib:/sw/gcc/10.2.0/lib64:/sw/gcc/10.2.0/lib
2021-06-01 15:08:50.464435: I tensorflow/stream_executor/cuda/cudart_stub.cc:29] Ignore above cudart dlerror if you do not have a GPU set up on your machine.
2021-06-01 15:08:50.464538: W tensorflow/stream_executor/platform/default/dso_loader.cc:64] Could not load dynamic library 'libcudart.so.11.0'; dlerror: libcudart.so.11.0: cannot open shared object file: No such file or directory; LD_LIBRARY_PATH: /sw/ompi/4.1.1/lib:/sw/ompi/4.1.1/include:/sw/ucx/1.10.0/lib:/sw/gcc/10.2.0/lib64:/sw/gcc/10.2.0/lib
2021-06-01 15:08:50.464606: I tensorflow/stream_executor/cuda/cudart_stub.cc:29] Ignore above cudart dlerror if you do not have a GPU set up on your machine.
2021-06-01 15:08:50.464374: W tensorflow/stream_executor/platform/default/dso_loader.cc:64] Could not load dynamic library 'libcudart.so.11.0'; dlerror: libcudart.so.11.0: cannot open shared object file: No such file or directory; LD_LIBRARY_PATH: /sw/ompi/4.1.1/lib:/sw/ompi/4.1.1/include:/sw/ucx/1.10.0/lib:/sw/gcc/10.2.0/lib64:/sw/gcc/10.2.0/lib
2021-06-01 15:08:50.464458: I tensorflow/stream_executor/cuda/cudart_stub.cc:29] Ignore above cudart dlerror if you do not have a GPU set up on your machine.
2021-06-01 15:08:50.464481: W tensorflow/stream_executor/platform/default/dso_loader.cc:64] Could not load dynamic library 'libcudart.so.11.0'; dlerror: libcudart.so.11.0: cannot open shared object file: No such file or directory; LD_LIBRARY_PATH: /sw/ompi/4.1.1/lib:/sw/ompi/4.1.1/include:/sw/ucx/1.10.0/lib:/sw/gcc/10.2.0/lib64:/sw/gcc/10.2.0/lib
2021-06-01 15:08:50.464551: I tensorflow/stream_executor/cuda/cudart_stub.cc:29] Ignore above cudart dlerror if you do not have a GPU set up on your machine.
2021-06-01 15:08:50.464557: W tensorflow/stream_executor/platform/default/dso_loader.cc:64] Could not load dynamic library 'libcudart.so.11.0'; dlerror: libcudart.so.11.0: cannot open shared object file: No such file or directory; LD_LIBRARY_PATH: /sw/ompi/4.1.1/lib:/sw/ompi/4.1.1/include:/sw/ucx/1.10.0/lib:/sw/gcc/10.2.0/lib64:/sw/gcc/10.2.0/lib
2021-06-01 15:08:50.464602: I tensorflow/stream_executor/cuda/cudart_stub.cc:29] Ignore above cudart dlerror if you do not have a GPU set up on your machine.
2021-06-01 15:08:50.463972: W tensorflow/stream_executor/platform/default/dso_loader.cc:64] Could not load dynamic library 'libcudart.so.11.0'; dlerror: libcudart.so.11.0: cannot open shared object file: No such file or directory; LD_LIBRARY_PATH: /sw/ompi/4.1.1/lib:/sw/ompi/4.1.1/include:/sw/ucx/1.10.0/lib:/sw/gcc/10.2.0/lib64:/sw/gcc/10.2.0/lib
2021-06-01 15:08:50.464017: I tensorflow/stream_executor/cuda/cudart_stub.cc:29] Ignore above cudart dlerror if you do not have a GPU set up on your machine.
2021-06-01 15:08:50.464254: W tensorflow/stream_executor/platform/default/dso_loader.cc:64] Could not load dynamic library 'libcudart.so.11.0'; dlerror: libcudart.so.11.0: cannot open shared object file: No such file or directory; LD_LIBRARY_PATH: /sw/ompi/4.1.1/lib:/sw/ompi/4.1.1/include:/sw/ucx/1.10.0/lib:/sw/gcc/10.2.0/lib64:/sw/gcc/10.2.0/lib
2021-06-01 15:08:50.464305: I tensorflow/stream_executor/cuda/cudart_stub.cc:29] Ignore above cudart dlerror if you do not have a GPU set up on your machine.
2021-06-01 15:08:50.464490: W tensorflow/stream_executor/platform/default/dso_loader.cc:64] Could not load dynamic library 'libcudart.so.11.0'; dlerror: libcudart.so.11.0: cannot open shared object file: No such file or directory; LD_LIBRARY_PATH: /sw/ompi/4.1.1/lib:/sw/ompi/4.1.1/include:/sw/ucx/1.10.0/lib:/sw/gcc/10.2.0/lib64:/sw/gcc/10.2.0/lib
2021-06-01 15:08:50.464538: I tensorflow/stream_executor/cuda/cudart_stub.cc:29] Ignore above cudart dlerror if you do not have a GPU set up on your machine.
[32m[I 2021-06-01 15:10:45,045][0m Trial 281 finished with value: 0.9146814033151459 and parameters: {'criterion': 'gini', 'max_depth': None, 'max_features': 'auto', 'min_samples_leaf': 1, 'min_samples_split': 5, 'n_estimators': 10}. Best is trial 233 with value: 0.9218531751282842.[0m
[32m[I 2021-06-01 15:10:45,524][0m Trial 288 finished with value: 0.9102640739938123 and parameters: {'criterion': 'gini', 'max_depth': None, 'max_features': 'auto', 'min_samples_leaf': 1, 'min_samples_split': 5, 'n_estimators': 10}. Best is trial 233 with value: 0.9218531751282842.[0m
[32m[I 2021-06-01 15:10:45,840][0m Trial 280 finished with value: 0.9123805382212462 and parameters: {'criterion': 'gini', 'max_depth': None, 'max_features': 'auto', 'min_samples_leaf': 1, 'min_samples_split': 5, 'n_estimators': 10}. Best is trial 284 with value: 0.9236651223187223.[0m
[32m[I 2021-06-01 15:10:45,866][0m Trial 282 finished with value: 0.9142504758975347 and parameters: {'criterion': 'gini', 'max_depth': None, 'max_features': 'auto', 'min_samples_leaf': 1, 'min_samples_split': 5, 'n_estimators': 10}. Best is trial 284 with value: 0.9236651223187223.[0m
[32m[I 2021-06-01 15:10:45,869][0m Trial 284 finished with value: 0.9236651223187223 and parameters: {'criterion': 'gini', 'max_depth': None, 'max_features': 'auto', 'min_samples_leaf': 1, 'min_samples_split': 5, 'n_estimators': 10}. Best is trial 284 with value: 0.9236651223187223.[0m
[32m[I 2021-06-01 15:10:45,871][0m Trial 287 finished with value: 0.9187004523292126 and parameters: {'criterion': 'gini', 'max_depth': None, 'max_features': 'auto', 'min_samples_leaf': 1, 'min_samples_split': 5, 'n_estimators': 10}. Best is trial 284 with value: 0.9236651223187223.[0m
[32m[I 2021-06-01 15:10:45,876][0m Trial 293 finished with value: 0.9117569959339871 and parameters: {'criterion': 'gini', 'max_depth': None, 'max_features': 'auto', 'min_samples_leaf': 1, 'min_samples_split': 5, 'n_estimators': 10}. Best is trial 284 with value: 0.9236651223187223.[0m
[32m[I 2021-06-01 15:10:45,878][0m Trial 289 finished with value: 0.9110604815518586 and parameters: {'criterion': 'gini', 'max_depth': None, 'max_features': 'auto', 'min_samples_leaf': 1, 'min_samples_split': 5, 'n_estimators': 10}. Best is trial 284 with value: 0.9236651223187223.[0m
[32m[I 2021-06-01 15:10:45,946][0m Trial 286 finished with value: 0.9121235580783225 and parameters: {'criterion': 'gini', 'max_depth': None, 'max_features': 'auto', 'min_samples_leaf': 1, 'min_samples_split': 5, 'n_estimators': 10}. Best is trial 284 with value: 0.9236651223187223.[0m
[32m[I 2021-06-01 15:10:45,951][0m Trial 299 finished with value: 0.9104612530076501 and parameters: {'criterion': 'gini', 'max_depth': None, 'max_features': 'auto', 'min_samples_leaf': 1, 'min_samples_split': 5, 'n_estimators': 10}. Best is trial 284 with value: 0.9236651223187223.[0m
[32m[I 2021-06-01 15:10:46,097][0m Trial 283 finished with value: 0.9165882282047872 and parameters: {'criterion': 'gini', 'max_depth': None, 'max_features': 'auto', 'min_samples_leaf': 1, 'min_samples_split': 5, 'n_estimators': 10}. Best is trial 284 with value: 0.9236651223187223.[0m
[32m[I 2021-06-01 15:10:46,513][0m Trial 297 finished with value: 0.9101537598984193 and parameters: {'criterion': 'gini', 'max_depth': None, 'max_features': 'auto', 'min_samples_leaf': 1, 'min_samples_split': 5, 'n_estimators': 10}. Best is trial 284 with value: 0.9236651223187223.[0m
[32m[I 2021-06-01 15:10:46,560][0m Trial 292 finished with value: 0.9170709616301809 and parameters: {'criterion': 'gini', 'max_depth': None, 'max_features': 'auto', 'min_samples_leaf': 1, 'min_samples_split': 5, 'n_estimators': 10}. Best is trial 284 with value: 0.9236651223187223.[0m
[32m[I 2021-06-01 15:10:46,581][0m Trial 296 finished with value: 0.9191951951951951 and parameters: {'criterion': 'gini', 'max_depth': None, 'max_features': 'auto', 'min_samples_leaf': 1, 'min_samples_split': 5, 'n_estimators': 10}. Best is trial 284 with value: 0.9236651223187223.[0m
[32m[I 2021-06-01 15:10:46,584][0m Trial 285 finished with value: 0.9100776564321527 and parameters: {'criterion': 'gini', 'max_depth': None, 'max_features': 'auto', 'min_samples_leaf': 1, 'min_samples_split': 5, 'n_estimators': 10}. Best is trial 284 with value: 0.9236651223187223.[0m
[32m[I 2021-06-01 15:10:46,591][0m Trial 295 finished with value: 0.9154118644038638 and parameters: {'criterion': 'gini', 'max_depth': None, 'max_features': 'auto', 'min_samples_leaf': 1, 'min_samples_split': 5, 'n_estimators': 10}. Best is trial 284 with value: 0.9236651223187223.[0m
[32m[I 2021-06-01 15:10:46,595][0m Trial 298 finished with value: 0.9074130830393857 and parameters: {'criterion': 'gini', 'max_depth': None, 'max_features': 'auto', 'min_samples_leaf': 1, 'min_samples_split': 5, 'n_estimators': 10}. Best is trial 284 with value: 0.9236651223187223.[0m
[32m[I 2021-06-01 15:10:46,629][0m Trial 294 finished with value: 0.9118716577540106 and parameters: {'criterion': 'gini', 'max_depth': None, 'max_features': 'auto', 'min_samples_leaf': 1, 'min_samples_split': 5, 'n_estimators': 10}. Best is trial 284 with value: 0.9236651223187223.[0m
[32m[I 2021-06-01 15:10:46,880][0m Trial 291 finished with value: 0.9117851293828577 and parameters: {'criterion': 'gini', 'max_depth': None, 'max_features': 'auto', 'min_samples_leaf': 1, 'min_samples_split': 5, 'n_estimators': 10}. Best is trial 284 with value: 0.9236651223187223.[0m
[32m[I 2021-06-01 15:10:47,009][0m Trial 290 finished with value: 0.9048811125454176 and parameters: {'criterion': 'gini', 'max_depth': None, 'max_features': 'auto', 'min_samples_leaf': 10, 'min_samples_split': 5, 'n_estimators': 10}. Best is trial 284 with value: 0.9236651223187223.[0m
[32m[I 2021-06-01 15:10:49,763][0m Trial 300 finished with value: 0.9148371792182365 and parameters: {'criterion': 'gini', 'max_depth': 20, 'max_features': 'auto', 'min_samples_leaf': 2, 'min_samples_split': 5, 'n_estimators': 15}. Best is trial 284 with value: 0.9236651223187223.[0m
[32m[I 2021-06-01 15:10:49,763][0m Trial 304 finished with value: 0.9115542040812791 and parameters: {'criterion': 'gini', 'max_depth': 20, 'max_features': 'auto', 'min_samples_leaf': 2, 'min_samples_split': 5, 'n_estimators': 15}. Best is trial 284 with value: 0.9236651223187223.[0m
[32m[I 2021-06-01 15:10:49,819][0m Trial 309 finished with value: 0.9113811908088806 and parameters: {'criterion': 'gini', 'max_depth': 20, 'max_features': 'auto', 'min_samples_leaf': 2, 'min_samples_split': 5, 'n_estimators': 15}. Best is trial 284 with value: 0.9236651223187223.[0m
[32m[I 2021-06-01 15:10:49,855][0m Trial 302 finished with value: 0.9108239134279732 and parameters: {'criterion': 'gini', 'max_depth': 20, 'max_features': 'auto', 'min_samples_leaf': 2, 'min_samples_split': 5, 'n_estimators': 15}. Best is trial 284 with value: 0.9236651223187223.[0m
[32m[I 2021-06-01 15:10:49,864][0m Trial 310 finished with value: 0.9139615098651823 and parameters: {'criterion': 'gini', 'max_depth': 20, 'max_features': 'auto', 'min_samples_leaf': 1, 'min_samples_split': 5, 'n_estimators': 15}. Best is trial 284 with value: 0.9236651223187223.[0m
[32m[I 2021-06-01 15:10:50,219][0m Trial 318 finished with value: 0.9107127054361566 and parameters: {'criterion': 'gini', 'max_depth': 20, 'max_features': 'auto', 'min_samples_leaf': 2, 'min_samples_split': 5, 'n_estimators': 15}. Best is trial 284 with value: 0.9236651223187223.[0m
[32m[I 2021-06-01 15:10:50,483][0m Trial 313 finished with value: 0.9090370184698958 and parameters: {'criterion': 'gini', 'max_depth': 20, 'max_features': 'auto', 'min_samples_leaf': 2, 'min_samples_split': 5, 'n_estimators': 15}. Best is trial 284 with value: 0.9236651223187223.[0m
[32m[I 2021-06-01 15:10:50,529][0m Trial 312 finished with value: 0.9115588023088023 and parameters: {'criterion': 'gini', 'max_depth': 20, 'max_features': 'auto', 'min_samples_leaf': 2, 'min_samples_split': 5, 'n_estimators': 15}. Best is trial 284 with value: 0.9236651223187223.[0m
[32m[I 2021-06-01 15:10:50,842][0m Trial 319 finished with value: 0.909682236282731 and parameters: {'criterion': 'gini', 'max_depth': 20, 'max_features': 'auto', 'min_samples_leaf': 2, 'min_samples_split': 5, 'n_estimators': 15}. Best is trial 284 with value: 0.9236651223187223.[0m
[32m[I 2021-06-01 15:10:50,845][0m Trial 320 finished with value: 0.9099434422778625 and parameters: {'criterion': 'gini', 'max_depth': 20, 'max_features': 'auto', 'min_samples_leaf': 1, 'min_samples_split': 5, 'n_estimators': 15}. Best is trial 284 with value: 0.9236651223187223.[0m
[32m[I 2021-06-01 15:10:50,887][0m Trial 308 finished with value: 0.9105816265637674 and parameters: {'criterion': 'gini', 'max_depth': 20, 'max_features': 'auto', 'min_samples_leaf': 1, 'min_samples_split': 5, 'n_estimators': 15}. Best is trial 284 with value: 0.9236651223187223.[0m
[32m[I 2021-06-01 15:10:50,892][0m Trial 317 finished with value: 0.9091652541097057 and parameters: {'criterion': 'gini', 'max_depth': 20, 'max_features': 'auto', 'min_samples_leaf': 2, 'min_samples_split': 5, 'n_estimators': 15}. Best is trial 284 with value: 0.9236651223187223.[0m
[32m[I 2021-06-01 15:10:50,913][0m Trial 326 finished with value: 0.9102123273030314 and parameters: {'criterion': 'gini', 'max_depth': 20, 'max_features': 'auto', 'min_samples_leaf': 2, 'min_samples_split': 5, 'n_estimators': 15}. Best is trial 284 with value: 0.9236651223187223.[0m
[32m[I 2021-06-01 15:10:50,914][0m Trial 306 finished with value: 0.9096974786864692 and parameters: {'criterion': 'gini', 'max_depth': 20, 'max_features': 'auto', 'min_samples_leaf': 1, 'min_samples_split': 5, 'n_estimators': 15}. Best is trial 284 with value: 0.9236651223187223.[0m
[32m[I 2021-06-01 15:10:50,914][0m Trial 324 finished with value: 0.9075091894420652 and parameters: {'criterion': 'gini', 'max_depth': 20, 'max_features': 'auto', 'min_samples_leaf': 2, 'min_samples_split': 5, 'n_estimators': 15}. Best is trial 284 with value: 0.9236651223187223.[0m
[32m[I 2021-06-01 15:10:50,915][0m Trial 301 finished with value: 0.9133056884635831 and parameters: {'criterion': 'gini', 'max_depth': 20, 'max_features': 'auto', 'min_samples_leaf': 2, 'min_samples_split': 5, 'n_estimators': 15}. Best is trial 284 with value: 0.9236651223187223.[0m
[32m[I 2021-06-01 15:10:51,073][0m Trial 325 finished with value: 0.907564124497328 and parameters: {'criterion': 'gini', 'max_depth': 20, 'max_features': 'auto', 'min_samples_leaf': 1, 'min_samples_split': 5, 'n_estimators': 15}. Best is trial 284 with value: 0.9236651223187223.[0m
[32m[I 2021-06-01 15:10:51,096][0m Trial 322 finished with value: 0.9178627357007452 and parameters: {'criterion': 'gini', 'max_depth': 20, 'max_features': 'auto', 'min_samples_leaf': 1, 'min_samples_split': 5, 'n_estimators': 15}. Best is trial 284 with value: 0.9236651223187223.[0m
[32m[I 2021-06-01 15:10:51,097][0m Trial 323 finished with value: 0.9119188956504324 and parameters: {'criterion': 'gini', 'max_depth': 20, 'max_features': 'auto', 'min_samples_leaf': 1, 'min_samples_split': 5, 'n_estimators': 15}. Best is trial 284 with value: 0.9236651223187223.[0m
[32m[I 2021-06-01 15:10:51,180][0m Trial 311 finished with value: 0.9152283572258806 and parameters: {'criterion': 'gini', 'max_depth': 20, 'max_features': 'auto', 'min_samples_leaf': 1, 'min_samples_split': 5, 'n_estimators': 15}. Best is trial 284 with value: 0.9236651223187223.[0m
[32m[I 2021-06-01 15:11:01,755][0m Trial 315 finished with value: 0.9072956627124753 and parameters: {'criterion': 'gini', 'max_depth': 20, 'max_features': 'auto', 'min_samples_leaf': 2, 'min_samples_split': 5, 'n_estimators': 215}. Best is trial 284 with value: 0.9236651223187223.[0m
[32m[I 2021-06-01 15:11:01,764][0m Trial 305 finished with value: 0.9088263898557747 and parameters: {'criterion': 'gini', 'max_depth': 20, 'max_features': 'log2', 'min_samples_leaf': 1, 'min_samples_split': 5, 'n_estimators': 15}. Best is trial 284 with value: 0.9236651223187223.[0m
[32m[I 2021-06-01 15:11:01,839][0m Trial 307 finished with value: 0.9051703655419299 and parameters: {'criterion': 'gini', 'max_depth': 20, 'max_features': 'auto', 'min_samples_leaf': 2, 'min_samples_split': 5, 'n_estimators': 215}. Best is trial 284 with value: 0.9236651223187223.[0m
[32m[I 2021-06-01 15:11:02,293][0m Trial 303 finished with value: 0.9055379906001951 and parameters: {'criterion': 'gini', 'max_depth': 20, 'max_features': 'auto', 'min_samples_leaf': 1, 'min_samples_split': 5, 'n_estimators': 215}. Best is trial 284 with value: 0.9236651223187223.[0m
[32m[I 2021-06-01 15:11:02,708][0m Trial 316 finished with value: 0.9063865624558719 and parameters: {'criterion': 'gini', 'max_depth': 20, 'max_features': 'auto', 'min_samples_leaf': 1, 'min_samples_split': 5, 'n_estimators': 220}. Best is trial 284 with value: 0.9236651223187223.[0m
[32m[I 2021-06-01 15:11:03,016][0m Trial 330 finished with value: 0.9098904526139332 and parameters: {'criterion': 'gini', 'max_depth': 15, 'max_features': 'auto', 'min_samples_leaf': 1, 'min_samples_split': 7, 'n_estimators': 20}. Best is trial 284 with value: 0.9236651223187223.[0m
[32m[I 2021-06-01 15:11:03,622][0m Trial 329 finished with value: 0.9107070454856219 and parameters: {'criterion': 'gini', 'max_depth': 15, 'max_features': 'auto', 'min_samples_leaf': 1, 'min_samples_split': 7, 'n_estimators': 20}. Best is trial 284 with value: 0.9236651223187223.[0m
[32m[I 2021-06-01 15:11:03,955][0m Trial 331 finished with value: 0.9090211621001003 and parameters: {'criterion': 'gini', 'max_depth': 15, 'max_features': 'auto', 'min_samples_leaf': 1, 'min_samples_split': 5, 'n_estimators': 20}. Best is trial 284 with value: 0.9236651223187223.[0m
[32m[I 2021-06-01 15:11:04,170][0m Trial 337 finished with value: 0.9085184033657573 and parameters: {'criterion': 'gini', 'max_depth': 15, 'max_features': 'auto', 'min_samples_leaf': 1, 'min_samples_split': 5, 'n_estimators': 20}. Best is trial 284 with value: 0.9236651223187223.[0m
[32m[I 2021-06-01 15:11:04,227][0m Trial 314 finished with value: 0.9067081964086923 and parameters: {'criterion': 'gini', 'max_depth': 20, 'max_features': 'log2', 'min_samples_leaf': 2, 'min_samples_split': 5, 'n_estimators': 220}. Best is trial 284 with value: 0.9236651223187223.[0m
[32m[I 2021-06-01 15:11:04,248][0m Trial 339 finished with value: 0.9109177280914917 and parameters: {'criterion': 'gini', 'max_depth': None, 'max_features': 'auto', 'min_samples_leaf': 1, 'min_samples_split': 5, 'n_estimators': 20}. Best is trial 284 with value: 0.9236651223187223.[0m
[32m[I 2021-06-01 15:11:04,249][0m Trial 333 finished with value: 0.9116289946056881 and parameters: {'criterion': 'gini', 'max_depth': 15, 'max_features': 'auto', 'min_samples_leaf': 1, 'min_samples_split': 7, 'n_estimators': 20}. Best is trial 284 with value: 0.9236651223187223.[0m
[32m[I 2021-06-01 15:11:04,505][0m Trial 336 finished with value: 0.9101735193840458 and parameters: {'criterion': 'gini', 'max_depth': None, 'max_features': 'auto', 'min_samples_leaf': 1, 'min_samples_split': 7, 'n_estimators': 20}. Best is trial 284 with value: 0.9236651223187223.[0m
[32m[I 2021-06-01 15:11:04,507][0m Trial 346 finished with value: 0.9020026350461133 and parameters: {'criterion': 'gini', 'max_depth': None, 'max_features': 'auto', 'min_samples_leaf': 8, 'min_samples_split': 5, 'n_estimators': 20}. Best is trial 284 with value: 0.9236651223187223.[0m
[32m[I 2021-06-01 15:11:04,510][0m Trial 335 finished with value: 0.9092274625958836 and parameters: {'criterion': 'gini', 'max_depth': 15, 'max_features': 'auto', 'min_samples_leaf': 1, 'min_samples_split': 7, 'n_estimators': 20}. Best is trial 284 with value: 0.9236651223187223.[0m
[32m[I 2021-06-01 15:11:04,534][0m Trial 328 finished with value: 0.9077782952957616 and parameters: {'criterion': 'gini', 'max_depth': 15, 'max_features': 'auto', 'min_samples_leaf': 1, 'min_samples_split': 5, 'n_estimators': 20}. Best is trial 284 with value: 0.9236651223187223.[0m
[32m[I 2021-06-01 15:11:04,610][0m Trial 340 finished with value: 0.9103424562703106 and parameters: {'criterion': 'gini', 'max_depth': 15, 'max_features': 'auto', 'min_samples_leaf': 1, 'min_samples_split': 5, 'n_estimators': 20}. Best is trial 284 with value: 0.9236651223187223.[0m
[32m[I 2021-06-01 15:11:04,784][0m Trial 343 finished with value: 0.9131681526825914 and parameters: {'criterion': 'gini', 'max_depth': None, 'max_features': 'auto', 'min_samples_leaf': 1, 'min_samples_split': 5, 'n_estimators': 20}. Best is trial 284 with value: 0.9236651223187223.[0m
[32m[I 2021-06-01 15:11:05,178][0m Trial 342 finished with value: 0.9121559995020638 and parameters: {'criterion': 'gini', 'max_depth': None, 'max_features': 'auto', 'min_samples_leaf': 1, 'min_samples_split': 5, 'n_estimators': 20}. Best is trial 284 with value: 0.9236651223187223.[0m
[32m[I 2021-06-01 15:11:05,273][0m Trial 321 finished with value: 0.9059413057039789 and parameters: {'criterion': 'gini', 'max_depth': 20, 'max_features': 'log2', 'min_samples_leaf': 1, 'min_samples_split': 5, 'n_estimators': 215}. Best is trial 284 with value: 0.9236651223187223.[0m
[32m[I 2021-06-01 15:11:05,353][0m Trial 350 finished with value: 0.9099967418980324 and parameters: {'criterion': 'gini', 'max_depth': None, 'max_features': 'auto', 'min_samples_leaf': 1, 'min_samples_split': 5, 'n_estimators': 20}. Best is trial 284 with value: 0.9236651223187223.[0m
[32m[I 2021-06-01 15:11:05,373][0m Trial 347 finished with value: 0.908291561424711 and parameters: {'criterion': 'gini', 'max_depth': 15, 'max_features': 'auto', 'min_samples_leaf': 1, 'min_samples_split': 5, 'n_estimators': 20}. Best is trial 284 with value: 0.9236651223187223.[0m
[32m[I 2021-06-01 15:11:05,498][0m Trial 349 finished with value: 0.9120542500327303 and parameters: {'criterion': 'gini', 'max_depth': None, 'max_features': 'auto', 'min_samples_leaf': 1, 'min_samples_split': 5, 'n_estimators': 20}. Best is trial 284 with value: 0.9236651223187223.[0m
[32m[I 2021-06-01 15:11:05,562][0m Trial 338 finished with value: 0.910991914741963 and parameters: {'criterion': 'gini', 'max_depth': None, 'max_features': 'auto', 'min_samples_leaf': 1, 'min_samples_split': 5, 'n_estimators': 20}. Best is trial 284 with value: 0.9236651223187223.[0m
[32m[I 2021-06-01 15:11:05,567][0m Trial 327 finished with value: 0.907936366511184 and parameters: {'criterion': 'gini', 'max_depth': 15, 'max_features': 'auto', 'min_samples_leaf': 1, 'min_samples_split': 5, 'n_estimators': 230}. Best is trial 284 with value: 0.9236651223187223.[0m
[32m[I 2021-06-01 15:11:05,597][0m Trial 334 finished with value: 0.9107205019349781 and parameters: {'criterion': 'gini', 'max_depth': None, 'max_features': 'auto', 'min_samples_leaf': 1, 'min_samples_split': 5, 'n_estimators': 20}. Best is trial 284 with value: 0.9236651223187223.[0m
[32m[I 2021-06-01 15:11:06,100][0m Trial 345 finished with value: 0.9106494118242898 and parameters: {'criterion': 'gini', 'max_depth': None, 'max_features': 'auto', 'min_samples_leaf': 1, 'min_samples_split': 6, 'n_estimators': 20}. Best is trial 284 with value: 0.9236651223187223.[0m
[32m[I 2021-06-01 15:11:06,108][0m Trial 348 finished with value: 0.9124776820369508 and parameters: {'criterion': 'gini', 'max_depth': None, 'max_features': 'auto', 'min_samples_leaf': 1, 'min_samples_split': 5, 'n_estimators': 20}. Best is trial 284 with value: 0.9236651223187223.[0m
[32m[I 2021-06-01 15:11:06,112][0m Trial 344 finished with value: 0.9114391173845634 and parameters: {'criterion': 'gini', 'max_depth': None, 'max_features': 'auto', 'min_samples_leaf': 1, 'min_samples_split': 5, 'n_estimators': 20}. Best is trial 284 with value: 0.9236651223187223.[0m
[32m[I 2021-06-01 15:11:06,114][0m Trial 341 finished with value: 0.9138803992652059 and parameters: {'criterion': 'gini', 'max_depth': None, 'max_features': 'auto', 'min_samples_leaf': 1, 'min_samples_split': 5, 'n_estimators': 20}. Best is trial 284 with value: 0.9236651223187223.[0m
[32m[I 2021-06-01 15:11:06,642][0m Trial 351 finished with value: 0.9057665842261141 and parameters: {'criterion': 'gini', 'max_depth': None, 'max_features': 'auto', 'min_samples_leaf': 1, 'min_samples_split': 6, 'n_estimators': 20}. Best is trial 284 with value: 0.9236651223187223.[0m
[32m[I 2021-06-01 15:11:07,124][0m Trial 352 finished with value: 0.9091880448298492 and parameters: {'criterion': 'gini', 'max_depth': None, 'max_features': 'auto', 'min_samples_leaf': 1, 'min_samples_split': 6, 'n_estimators': 10}. Best is trial 284 with value: 0.9236651223187223.[0m
[32m[I 2021-06-01 15:11:07,148][0m Trial 332 finished with value: 0.9068470465996924 and parameters: {'criterion': 'gini', 'max_depth': None, 'max_features': 'auto', 'min_samples_leaf': 1, 'min_samples_split': 5, 'n_estimators': 215}. Best is trial 284 with value: 0.9236651223187223.[0m
[32m[I 2021-06-01 15:11:08,127][0m Trial 353 finished with value: 0.912280366536339 and parameters: {'criterion': 'gini', 'max_depth': None, 'max_features': 'auto', 'min_samples_leaf': 1, 'min_samples_split': 6, 'n_estimators': 10}. Best is trial 284 with value: 0.9236651223187223.[0m
[32m[I 2021-06-01 15:11:08,194][0m Trial 356 finished with value: 0.9122152246412509 and parameters: {'criterion': 'entropy', 'max_depth': None, 'max_features': 'auto', 'min_samples_leaf': 1, 'min_samples_split': 6, 'n_estimators': 10}. Best is trial 284 with value: 0.9236651223187223.[0m
[32m[I 2021-06-01 15:11:08,226][0m Trial 354 finished with value: 0.9135956937134763 and parameters: {'criterion': 'entropy', 'max_depth': None, 'max_features': 'auto', 'min_samples_leaf': 1, 'min_samples_split': 6, 'n_estimators': 10}. Best is trial 284 with value: 0.9236651223187223.[0m
[32m[I 2021-06-01 15:11:08,227][0m Trial 357 finished with value: 0.9161661526679568 and parameters: {'criterion': 'entropy', 'max_depth': None, 'max_features': 'auto', 'min_samples_leaf': 1, 'min_samples_split': 4, 'n_estimators': 10}. Best is trial 284 with value: 0.9236651223187223.[0m
[32m[I 2021-06-01 15:11:08,532][0m Trial 365 finished with value: 0.9166380405123247 and parameters: {'criterion': 'entropy', 'max_depth': None, 'max_features': 'auto', 'min_samples_leaf': 1, 'min_samples_split': 4, 'n_estimators': 10}. Best is trial 284 with value: 0.9236651223187223.[0m
[32m[I 2021-06-01 15:11:08,533][0m Trial 361 finished with value: 0.9158357655962577 and parameters: {'criterion': 'entropy', 'max_depth': None, 'max_features': 'auto', 'min_samples_leaf': 1, 'min_samples_split': 4, 'n_estimators': 10}. Best is trial 284 with value: 0.9236651223187223.[0m
[32m[I 2021-06-01 15:11:08,747][0m Trial 360 finished with value: 0.915406216047208 and parameters: {'criterion': 'entropy', 'max_depth': None, 'max_features': 'auto', 'min_samples_leaf': 1, 'min_samples_split': 4, 'n_estimators': 10}. Best is trial 284 with value: 0.9236651223187223.[0m
[32m[I 2021-06-01 15:11:08,900][0m Trial 362 finished with value: 0.9149782136279997 and parameters: {'criterion': 'entropy', 'max_depth': None, 'max_features': 'auto', 'min_samples_leaf': 1, 'min_samples_split': 4, 'n_estimators': 10}. Best is trial 284 with value: 0.9236651223187223.[0m
[32m[I 2021-06-01 15:11:08,949][0m Trial 359 finished with value: 0.9170469738480511 and parameters: {'criterion': 'entropy', 'max_depth': 45, 'max_features': 'auto', 'min_samples_leaf': 1, 'min_samples_split': 4, 'n_estimators': 10}. Best is trial 284 with value: 0.9236651223187223.[0m
[32m[I 2021-06-01 15:11:09,257][0m Trial 364 finished with value: 0.9152476860422066 and parameters: {'criterion': 'entropy', 'max_depth': None, 'max_features': 'auto', 'min_samples_leaf': 1, 'min_samples_split': 4, 'n_estimators': 10}. Best is trial 284 with value: 0.9236651223187223.[0m
[32m[I 2021-06-01 15:11:09,268][0m Trial 363 finished with value: 0.9204519508997041 and parameters: {'criterion': 'entropy', 'max_depth': 45, 'max_features': 'auto', 'min_samples_leaf': 1, 'min_samples_split': 4, 'n_estimators': 10}. Best is trial 284 with value: 0.9236651223187223.[0m
[32m[I 2021-06-01 15:11:09,269][0m Trial 371 finished with value: 0.917279838553268 and parameters: {'criterion': 'entropy', 'max_depth': 45, 'max_features': 'auto', 'min_samples_leaf': 1, 'min_samples_split': 4, 'n_estimators': 10}. Best is trial 284 with value: 0.9236651223187223.[0m
[32m[I 2021-06-01 15:11:09,343][0m Trial 358 finished with value: 0.9115791956857808 and parameters: {'criterion': 'entropy', 'max_depth': None, 'max_features': 'auto', 'min_samples_leaf': 1, 'min_samples_split': 4, 'n_estimators': 10}. Best is trial 284 with value: 0.9236651223187223.[0m
[32m[I 2021-06-01 15:11:09,466][0m Trial 367 finished with value: 0.9166708131509675 and parameters: {'criterion': 'entropy', 'max_depth': 45, 'max_features': 'auto', 'min_samples_leaf': 1, 'min_samples_split': 4, 'n_estimators': 10}. Best is trial 284 with value: 0.9236651223187223.[0m
[32m[I 2021-06-01 15:11:09,628][0m Trial 375 finished with value: 0.9123785241038604 and parameters: {'criterion': 'entropy', 'max_depth': 45, 'max_features': 'auto', 'min_samples_leaf': 1, 'min_samples_split': 4, 'n_estimators': 10}. Best is trial 284 with value: 0.9236651223187223.[0m
[32m[I 2021-06-01 15:11:09,978][0m Trial 372 finished with value: 0.9174795715736632 and parameters: {'criterion': 'entropy', 'max_depth': 45, 'max_features': 'auto', 'min_samples_leaf': 1, 'min_samples_split': 4, 'n_estimators': 10}. Best is trial 284 with value: 0.9236651223187223.[0m
[32m[I 2021-06-01 15:11:09,990][0m Trial 373 finished with value: 0.9138636098202172 and parameters: {'criterion': 'entropy', 'max_depth': 45, 'max_features': 'auto', 'min_samples_leaf': 1, 'min_samples_split': 4, 'n_estimators': 10}. Best is trial 284 with value: 0.9236651223187223.[0m
[32m[I 2021-06-01 15:11:10,254][0m Trial 374 finished with value: 0.9192912848137131 and parameters: {'criterion': 'entropy', 'max_depth': 45, 'max_features': 'auto', 'min_samples_leaf': 1, 'min_samples_split': 4, 'n_estimators': 10}. Best is trial 284 with value: 0.9236651223187223.[0m
[32m[I 2021-06-01 15:11:10,442][0m Trial 369 finished with value: 0.9088796726585523 and parameters: {'criterion': 'entropy', 'max_depth': 45, 'max_features': 'auto', 'min_samples_leaf': 1, 'min_samples_split': 10, 'n_estimators': 10}. Best is trial 284 with value: 0.9236651223187223.[0m
[32m[I 2021-06-01 15:11:10,443][0m Trial 370 finished with value: 0.9166973770538377 and parameters: {'criterion': 'entropy', 'max_depth': 45, 'max_features': 'auto', 'min_samples_leaf': 1, 'min_samples_split': 4, 'n_estimators': 10}. Best is trial 284 with value: 0.9236651223187223.[0m
[32m[I 2021-06-01 15:11:10,796][0m Trial 376 finished with value: 0.9127124201657908 and parameters: {'criterion': 'entropy', 'max_depth': 45, 'max_features': 'auto', 'min_samples_leaf': 1, 'min_samples_split': 4, 'n_estimators': 10}. Best is trial 284 with value: 0.9236651223187223.[0m
[32m[I 2021-06-01 15:11:11,214][0m Trial 368 finished with value: 0.9182403966255093 and parameters: {'criterion': 'entropy', 'max_depth': 45, 'max_features': 'auto', 'min_samples_leaf': 1, 'min_samples_split': 4, 'n_estimators': 10}. Best is trial 284 with value: 0.9236651223187223.[0m
[32m[I 2021-06-01 15:11:11,227][0m Trial 383 finished with value: 0.9155804668304668 and parameters: {'criterion': 'entropy', 'max_depth': 45, 'max_features': 'auto', 'min_samples_leaf': 1, 'min_samples_split': 4, 'n_estimators': 10}. Best is trial 284 with value: 0.9236651223187223.[0m
[32m[I 2021-06-01 15:11:11,294][0m Trial 366 finished with value: 0.9167159326576687 and parameters: {'criterion': 'entropy', 'max_depth': 45, 'max_features': 'auto', 'min_samples_leaf': 1, 'min_samples_split': 4, 'n_estimators': 10}. Best is trial 284 with value: 0.9236651223187223.[0m
[32m[I 2021-06-01 15:11:11,960][0m Trial 377 finished with value: 0.9159162659199589 and parameters: {'criterion': 'entropy', 'max_depth': 45, 'max_features': 'auto', 'min_samples_leaf': 1, 'min_samples_split': 4, 'n_estimators': 10}. Best is trial 284 with value: 0.9236651223187223.[0m
[32m[I 2021-06-01 15:11:12,061][0m Trial 385 finished with value: 0.9156573747755544 and parameters: {'criterion': 'entropy', 'max_depth': 45, 'max_features': 'auto', 'min_samples_leaf': 1, 'min_samples_split': 4, 'n_estimators': 10}. Best is trial 284 with value: 0.9236651223187223.[0m
[32m[I 2021-06-01 15:11:12,140][0m Trial 380 finished with value: 0.9154316710144172 and parameters: {'criterion': 'entropy', 'max_depth': 45, 'max_features': 'auto', 'min_samples_leaf': 1, 'min_samples_split': 4, 'n_estimators': 10}. Best is trial 284 with value: 0.9236651223187223.[0m
[32m[I 2021-06-01 15:11:12,165][0m Trial 379 finished with value: 0.9125872205614117 and parameters: {'criterion': 'entropy', 'max_depth': 45, 'max_features': 'auto', 'min_samples_leaf': 1, 'min_samples_split': 4, 'n_estimators': 10}. Best is trial 284 with value: 0.9236651223187223.[0m
[32m[I 2021-06-01 15:11:12,346][0m Trial 378 finished with value: 0.9117166139217703 and parameters: {'criterion': 'entropy', 'max_depth': 45, 'max_features': 'auto', 'min_samples_leaf': 1, 'min_samples_split': 4, 'n_estimators': 10}. Best is trial 284 with value: 0.9236651223187223.[0m
[32m[I 2021-06-01 15:11:12,487][0m Trial 386 finished with value: 0.9209677654184381 and parameters: {'criterion': 'entropy', 'max_depth': 45, 'max_features': 'auto', 'min_samples_leaf': 1, 'min_samples_split': 4, 'n_estimators': 10}. Best is trial 284 with value: 0.9236651223187223.[0m
[32m[I 2021-06-01 15:11:12,842][0m Trial 389 finished with value: 0.9152328042699638 and parameters: {'criterion': 'entropy', 'max_depth': 45, 'max_features': 'auto', 'min_samples_leaf': 1, 'min_samples_split': 4, 'n_estimators': 10}. Best is trial 284 with value: 0.9236651223187223.[0m
[32m[I 2021-06-01 15:11:13,135][0m Trial 388 finished with value: 0.9158550059072056 and parameters: {'criterion': 'entropy', 'max_depth': 45, 'max_features': 'auto', 'min_samples_leaf': 1, 'min_samples_split': 4, 'n_estimators': 10}. Best is trial 284 with value: 0.9236651223187223.[0m
[32m[I 2021-06-01 15:11:13,271][0m Trial 387 finished with value: 0.9121907312596923 and parameters: {'criterion': 'entropy', 'max_depth': 45, 'max_features': 'auto', 'min_samples_leaf': 1, 'min_samples_split': 4, 'n_estimators': 10}. Best is trial 284 with value: 0.9236651223187223.[0m
[32m[I 2021-06-01 15:11:13,607][0m Trial 393 finished with value: 0.910470919451094 and parameters: {'criterion': 'entropy', 'max_depth': 45, 'max_features': 'auto', 'min_samples_leaf': 1, 'min_samples_split': 4, 'n_estimators': 30}. Best is trial 284 with value: 0.9236651223187223.[0m
[32m[I 2021-06-01 15:11:13,611][0m Trial 392 finished with value: 0.9036094871523008 and parameters: {'criterion': 'entropy', 'max_depth': 45, 'max_features': 'auto', 'min_samples_leaf': 9, 'min_samples_split': 4, 'n_estimators': 30}. Best is trial 284 with value: 0.9236651223187223.[0m
[32m[I 2021-06-01 15:11:13,611][0m Trial 390 finished with value: 0.9131957498420332 and parameters: {'criterion': 'entropy', 'max_depth': 45, 'max_features': 'auto', 'min_samples_leaf': 1, 'min_samples_split': 4, 'n_estimators': 30}. Best is trial 284 with value: 0.9236651223187223.[0m
[32m[I 2021-06-01 15:11:13,737][0m Trial 395 finished with value: 0.9125680342568095 and parameters: {'criterion': 'entropy', 'max_depth': 45, 'max_features': 'log2', 'min_samples_leaf': 1, 'min_samples_split': 4, 'n_estimators': 35}. Best is trial 284 with value: 0.9236651223187223.[0m
[32m[I 2021-06-01 15:11:13,988][0m Trial 382 finished with value: 0.914255772005772 and parameters: {'criterion': 'entropy', 'max_depth': 45, 'max_features': 'auto', 'min_samples_leaf': 1, 'min_samples_split': 4, 'n_estimators': 10}. Best is trial 284 with value: 0.9236651223187223.[0m
[32m[I 2021-06-01 15:11:13,991][0m Trial 381 finished with value: 0.9157598290431743 and parameters: {'criterion': 'entropy', 'max_depth': 45, 'max_features': 'auto', 'min_samples_leaf': 1, 'min_samples_split': 4, 'n_estimators': 10}. Best is trial 284 with value: 0.9236651223187223.[0m
[32m[I 2021-06-01 15:11:14,015][0m Trial 355 finished with value: 0.9121100526326991 and parameters: {'criterion': 'entropy', 'max_depth': None, 'max_features': 'auto', 'min_samples_leaf': 1, 'min_samples_split': 6, 'n_estimators': 245}. Best is trial 284 with value: 0.9236651223187223.[0m
[32m[I 2021-06-01 15:11:14,123][0m Trial 384 finished with value: 0.9096993330004232 and parameters: {'criterion': 'entropy', 'max_depth': 45, 'max_features': 'auto', 'min_samples_leaf': 1, 'min_samples_split': 4, 'n_estimators': 90}. Best is trial 284 with value: 0.9236651223187223.[0m
[32m[I 2021-06-01 15:11:14,380][0m Trial 400 finished with value: 0.9069981767543662 and parameters: {'criterion': 'entropy', 'max_depth': 45, 'max_features': 'log2', 'min_samples_leaf': 1, 'min_samples_split': 4, 'n_estimators': 30}. Best is trial 284 with value: 0.9236651223187223.[0m
[32m[I 2021-06-01 15:11:14,384][0m Trial 396 finished with value: 0.9079108972916732 and parameters: {'criterion': 'entropy', 'max_depth': 45, 'max_features': 'log2', 'min_samples_leaf': 1, 'min_samples_split': 4, 'n_estimators': 30}. Best is trial 284 with value: 0.9236651223187223.[0m
[32m[I 2021-06-01 15:11:14,466][0m Trial 403 finished with value: 0.909810309368603 and parameters: {'criterion': 'entropy', 'max_depth': 45, 'max_features': 'auto', 'min_samples_leaf': 1, 'min_samples_split': 4, 'n_estimators': 30}. Best is trial 284 with value: 0.9236651223187223.[0m
[32m[I 2021-06-01 15:11:14,716][0m Trial 398 finished with value: 0.913169054135842 and parameters: {'criterion': 'entropy', 'max_depth': 45, 'max_features': 'auto', 'min_samples_leaf': 1, 'min_samples_split': 4, 'n_estimators': 35}. Best is trial 284 with value: 0.9236651223187223.[0m
[32m[I 2021-06-01 15:11:15,185][0m Trial 391 finished with value: 0.9083192269643161 and parameters: {'criterion': 'entropy', 'max_depth': 45, 'max_features': 'log2', 'min_samples_leaf': 1, 'min_samples_split': 4, 'n_estimators': 90}. Best is trial 284 with value: 0.9236651223187223.[0m
[32m[I 2021-06-01 15:11:15,203][0m Trial 394 finished with value: 0.9138349718771333 and parameters: {'criterion': 'entropy', 'max_depth': 45, 'max_features': 'auto', 'min_samples_leaf': 1, 'min_samples_split': 4, 'n_estimators': 30}. Best is trial 284 with value: 0.9236651223187223.[0m
[32m[I 2021-06-01 15:11:15,725][0m Trial 404 finished with value: 0.9073558962769199 and parameters: {'criterion': 'entropy', 'max_depth': 45, 'max_features': 'auto', 'min_samples_leaf': 7, 'min_samples_split': 4, 'n_estimators': 30}. Best is trial 284 with value: 0.9236651223187223.[0m
[32m[I 2021-06-01 15:11:15,863][0m Trial 402 finished with value: 0.912074097485602 and parameters: {'criterion': 'entropy', 'max_depth': 45, 'max_features': 'auto', 'min_samples_leaf': 1, 'min_samples_split': 3, 'n_estimators': 30}. Best is trial 284 with value: 0.9236651223187223.[0m
[32m[I 2021-06-01 15:11:15,895][0m Trial 405 finished with value: 0.9133814246608946 and parameters: {'criterion': 'entropy', 'max_depth': 45, 'max_features': 'auto', 'min_samples_leaf': 1, 'min_samples_split': 3, 'n_estimators': 35}. Best is trial 284 with value: 0.9236651223187223.[0m
[32m[I 2021-06-01 15:11:15,946][0m Trial 399 finished with value: 0.9159346521348187 and parameters: {'criterion': 'entropy', 'max_depth': 45, 'max_features': 'auto', 'min_samples_leaf': 1, 'min_samples_split': 4, 'n_estimators': 30}. Best is trial 284 with value: 0.9236651223187223.[0m
[32m[I 2021-06-01 15:11:16,044][0m Trial 411 finished with value: 0.9141676629213542 and parameters: {'criterion': 'entropy', 'max_depth': 45, 'max_features': 'auto', 'min_samples_leaf': 1, 'min_samples_split': 4, 'n_estimators': 30}. Best is trial 284 with value: 0.9236651223187223.[0m
[32m[I 2021-06-01 15:11:16,381][0m Trial 397 finished with value: 0.9060887178775479 and parameters: {'criterion': 'entropy', 'max_depth': 45, 'max_features': 'auto', 'min_samples_leaf': 1, 'min_samples_split': 4, 'n_estimators': 95}. Best is trial 284 with value: 0.9236651223187223.[0m
[32m[I 2021-06-01 15:11:16,392][0m Trial 410 finished with value: 0.9132711895252118 and parameters: {'criterion': 'entropy', 'max_depth': 45, 'max_features': 'auto', 'min_samples_leaf': 1, 'min_samples_split': 4, 'n_estimators': 30}. Best is trial 284 with value: 0.9236651223187223.[0m
[32m[I 2021-06-01 15:11:16,411][0m Trial 413 finished with value: 0.9121699973756552 and parameters: {'criterion': 'entropy', 'max_depth': 45, 'max_features': 'auto', 'min_samples_leaf': 1, 'min_samples_split': 3, 'n_estimators': 15}. Best is trial 284 with value: 0.9236651223187223.[0m
[32m[I 2021-06-01 15:11:16,434][0m Trial 408 finished with value: 0.9114692264426175 and parameters: {'criterion': 'entropy', 'max_depth': 45, 'max_features': 'auto', 'min_samples_leaf': 1, 'min_samples_split': 3, 'n_estimators': 30}. Best is trial 284 with value: 0.9236651223187223.[0m
[32m[I 2021-06-01 15:11:16,453][0m Trial 409 finished with value: 0.910280408835006 and parameters: {'criterion': 'entropy', 'max_depth': 45, 'max_features': 'auto', 'min_samples_leaf': 1, 'min_samples_split': 3, 'n_estimators': 35}. Best is trial 284 with value: 0.9236651223187223.[0m
[32m[I 2021-06-01 15:11:16,854][0m Trial 406 finished with value: 0.9162968148457477 and parameters: {'criterion': 'entropy', 'max_depth': 45, 'max_features': 'auto', 'min_samples_leaf': 1, 'min_samples_split': 3, 'n_estimators': 30}. Best is trial 284 with value: 0.9236651223187223.[0m
[32m[I 2021-06-01 15:11:16,853][0m Trial 407 finished with value: 0.9110800794919347 and parameters: {'criterion': 'entropy', 'max_depth': 45, 'max_features': 'auto', 'min_samples_leaf': 1, 'min_samples_split': 4, 'n_estimators': 30}. Best is trial 284 with value: 0.9236651223187223.[0m
[32m[I 2021-06-01 15:11:16,858][0m Trial 412 finished with value: 0.9185892529715993 and parameters: {'criterion': 'entropy', 'max_depth': 45, 'max_features': 'auto', 'min_samples_leaf': 1, 'min_samples_split': 3, 'n_estimators': 15}. Best is trial 284 with value: 0.9236651223187223.[0m
[32m[I 2021-06-01 15:11:17,181][0m Trial 416 finished with value: 0.9144388342738597 and parameters: {'criterion': 'entropy', 'max_depth': 45, 'max_features': 'auto', 'min_samples_leaf': 1, 'min_samples_split': 4, 'n_estimators': 15}. Best is trial 284 with value: 0.9236651223187223.[0m
[32m[I 2021-06-01 15:11:17,395][0m Trial 417 finished with value: 0.9119624420800891 and parameters: {'criterion': 'entropy', 'max_depth': 45, 'max_features': 'auto', 'min_samples_leaf': 1, 'min_samples_split': 4, 'n_estimators': 15}. Best is trial 284 with value: 0.9236651223187223.[0m
[32m[I 2021-06-01 15:11:17,433][0m Trial 419 finished with value: 0.9043547301379083 and parameters: {'criterion': 'entropy', 'max_depth': 5, 'max_features': 'auto', 'min_samples_leaf': 1, 'min_samples_split': 4, 'n_estimators': 15}. Best is trial 284 with value: 0.9236651223187223.[0m
[32m[I 2021-06-01 15:11:17,438][0m Trial 414 finished with value: 0.9019951063429325 and parameters: {'criterion': 'entropy', 'max_depth': 5, 'max_features': 'auto', 'min_samples_leaf': 1, 'min_samples_split': 4, 'n_estimators': 15}. Best is trial 284 with value: 0.9236651223187223.[0m
[32m[I 2021-06-01 15:11:18,278][0m Trial 424 finished with value: 0.9036213062300018 and parameters: {'criterion': 'entropy', 'max_depth': 5, 'max_features': 'auto', 'min_samples_leaf': 1, 'min_samples_split': 3, 'n_estimators': 15}. Best is trial 284 with value: 0.9236651223187223.[0m
[32m[I 2021-06-01 15:11:18,405][0m Trial 415 finished with value: 0.911631316822838 and parameters: {'criterion': 'entropy', 'max_depth': 45, 'max_features': 'auto', 'min_samples_leaf': 1, 'min_samples_split': 3, 'n_estimators': 15}. Best is trial 284 with value: 0.9236651223187223.[0m
[32m[I 2021-06-01 15:11:18,409][0m Trial 425 finished with value: 0.9035510713542749 and parameters: {'criterion': 'entropy', 'max_depth': 5, 'max_features': 'auto', 'min_samples_leaf': 4, 'min_samples_split': 4, 'n_estimators': 15}. Best is trial 284 with value: 0.9236651223187223.[0m
[32m[I 2021-06-01 15:11:18,440][0m Trial 421 finished with value: 0.9037191793713534 and parameters: {'criterion': 'entropy', 'max_depth': 5, 'max_features': 'auto', 'min_samples_leaf': 1, 'min_samples_split': 4, 'n_estimators': 15}. Best is trial 284 with value: 0.9236651223187223.[0m
[32m[I 2021-06-01 15:11:18,511][0m Trial 423 finished with value: 0.9024440240875243 and parameters: {'criterion': 'entropy', 'max_depth': 5, 'max_features': 'auto', 'min_samples_leaf': 1, 'min_samples_split': 4, 'n_estimators': 15}. Best is trial 284 with value: 0.9236651223187223.[0m
[32m[I 2021-06-01 15:11:18,569][0m Trial 418 finished with value: 0.9144907019285744 and parameters: {'criterion': 'entropy', 'max_depth': 30, 'max_features': 'auto', 'min_samples_leaf': 1, 'min_samples_split': 4, 'n_estimators': 15}. Best is trial 284 with value: 0.9236651223187223.[0m
[32m[I 2021-06-01 15:11:18,790][0m Trial 401 finished with value: 0.9105071736902042 and parameters: {'criterion': 'entropy', 'max_depth': 45, 'max_features': 'auto', 'min_samples_leaf': 1, 'min_samples_split': 4, 'n_estimators': 245}. Best is trial 284 with value: 0.9236651223187223.[0m
[32m[I 2021-06-01 15:11:19,247][0m Trial 432 finished with value: 0.9146797001871674 and parameters: {'criterion': 'entropy', 'max_depth': 30, 'max_features': 'auto', 'min_samples_leaf': 1, 'min_samples_split': 2, 'n_estimators': 15}. Best is trial 284 with value: 0.9236651223187223.[0m
[32m[I 2021-06-01 15:11:19,737][0m Trial 430 finished with value: 0.9106917556838636 and parameters: {'criterion': 'entropy', 'max_depth': 30, 'max_features': 'auto', 'min_samples_leaf': 1, 'min_samples_split': 6, 'n_estimators': 15}. Best is trial 284 with value: 0.9236651223187223.[0m
[32m[I 2021-06-01 15:11:19,769][0m Trial 433 finished with value: 0.9113601649237365 and parameters: {'criterion': 'entropy', 'max_depth': 30, 'max_features': 'auto', 'min_samples_leaf': 1, 'min_samples_split': 2, 'n_estimators': 15}. Best is trial 284 with value: 0.9236651223187223.[0m
[32m[I 2021-06-01 15:11:19,769][0m Trial 427 finished with value: 0.904993592589571 and parameters: {'criterion': 'entropy', 'max_depth': 5, 'max_features': 'auto', 'min_samples_leaf': 1, 'min_samples_split': 2, 'n_estimators': 15}. Best is trial 284 with value: 0.9236651223187223.[0m
[32m[I 2021-06-01 15:11:19,773][0m Trial 431 finished with value: 0.9130126370410707 and parameters: {'criterion': 'entropy', 'max_depth': 30, 'max_features': 'auto', 'min_samples_leaf': 1, 'min_samples_split': 2, 'n_estimators': 15}. Best is trial 284 with value: 0.9236651223187223.[0m
[32m[I 2021-06-01 15:11:20,209][0m Trial 422 finished with value: 0.9149348851758035 and parameters: {'criterion': 'entropy', 'max_depth': 30, 'max_features': 'auto', 'min_samples_leaf': 1, 'min_samples_split': 2, 'n_estimators': 15}. Best is trial 284 with value: 0.9236651223187223.[0m
[32m[I 2021-06-01 15:11:20,214][0m Trial 426 finished with value: 0.9085212716044999 and parameters: {'criterion': 'entropy', 'max_depth': 30, 'max_features': 'auto', 'min_samples_leaf': 1, 'min_samples_split': 9, 'n_estimators': 15}. Best is trial 284 with value: 0.9236651223187223.[0m
[32m[I 2021-06-01 15:11:20,225][0m Trial 428 finished with value: 0.9034723201846202 and parameters: {'criterion': 'entropy', 'max_depth': 5, 'max_features': 'auto', 'min_samples_leaf': 1, 'min_samples_split': 3, 'n_estimators': 15}. Best is trial 284 with value: 0.9236651223187223.[0m
[32m[I 2021-06-01 15:11:20,229][0m Trial 434 finished with value: 0.9133616770027622 and parameters: {'criterion': 'entropy', 'max_depth': 30, 'max_features': 'auto', 'min_samples_leaf': 1, 'min_samples_split': 6, 'n_estimators': 15}. Best is trial 284 with value: 0.9236651223187223.[0m
[32m[I 2021-06-01 15:11:20,894][0m Trial 437 finished with value: 0.9102813720687261 and parameters: {'criterion': 'entropy', 'max_depth': 30, 'max_features': 'auto', 'min_samples_leaf': 1, 'min_samples_split': 2, 'n_estimators': 20}. Best is trial 284 with value: 0.9236651223187223.[0m
[32m[I 2021-06-01 15:11:20,922][0m Trial 420 finished with value: 0.9021645021645022 and parameters: {'criterion': 'entropy', 'max_depth': 5, 'max_features': 'auto', 'min_samples_leaf': 4, 'min_samples_split': 2, 'n_estimators': 140}. Best is trial 284 with value: 0.9236651223187223.[0m
[32m[I 2021-06-01 15:11:20,932][0m Trial 438 finished with value: 0.9126890334467428 and parameters: {'criterion': 'entropy', 'max_depth': 30, 'max_features': 'auto', 'min_samples_leaf': 1, 'min_samples_split': 2, 'n_estimators': 20}. Best is trial 284 with value: 0.9236651223187223.[0m
[32m[I 2021-06-01 15:11:20,936][0m Trial 436 finished with value: 0.9114982175737266 and parameters: {'criterion': 'entropy', 'max_depth': 30, 'max_features': 'auto', 'min_samples_leaf': 2, 'min_samples_split': 2, 'n_estimators': 15}. Best is trial 284 with value: 0.9236651223187223.[0m
[32m[I 2021-06-01 15:11:21,067][0m Trial 441 finished with value: 0.9159131518193112 and parameters: {'criterion': 'entropy', 'max_depth': 30, 'max_features': 'auto', 'min_samples_leaf': 1, 'min_samples_split': 2, 'n_estimators': 20}. Best is trial 284 with value: 0.9236651223187223.[0m
[32m[I 2021-06-01 15:11:21,708][0m Trial 446 finished with value: 0.9115841837643964 and parameters: {'criterion': 'entropy', 'max_depth': 30, 'max_features': 'auto', 'min_samples_leaf': 2, 'min_samples_split': 5, 'n_estimators': 20}. Best is trial 284 with value: 0.9236651223187223.[0m
[32m[I 2021-06-01 15:11:21,713][0m Trial 444 finished with value: 0.9092574073760167 and parameters: {'criterion': 'entropy', 'max_depth': 30, 'max_features': 'auto', 'min_samples_leaf': 2, 'min_samples_split': 5, 'n_estimators': 20}. Best is trial 284 with value: 0.9236651223187223.[0m
[32m[I 2021-06-01 15:11:21,715][0m Trial 435 finished with value: 0.910069064712774 and parameters: {'criterion': 'entropy', 'max_depth': 30, 'max_features': 'auto', 'min_samples_leaf': 2, 'min_samples_split': 8, 'n_estimators': 15}. Best is trial 284 with value: 0.9236651223187223.[0m
[32m[I 2021-06-01 15:11:21,828][0m Trial 439 finished with value: 0.9093004753701898 and parameters: {'criterion': 'entropy', 'max_depth': 30, 'max_features': 'auto', 'min_samples_leaf': 1, 'min_samples_split': 5, 'n_estimators': 135}. Best is trial 284 with value: 0.9236651223187223.[0m
[32m[I 2021-06-01 15:11:22,016][0m Trial 442 finished with value: 0.9149562153191338 and parameters: {'criterion': 'entropy', 'max_depth': 30, 'max_features': 'auto', 'min_samples_leaf': 1, 'min_samples_split': 5, 'n_estimators': 20}. Best is trial 284 with value: 0.9236651223187223.[0m
[32m[I 2021-06-01 15:11:22,033][0m Trial 443 finished with value: 0.9064855706268544 and parameters: {'criterion': 'entropy', 'max_depth': 30, 'max_features': 'auto', 'min_samples_leaf': 2, 'min_samples_split': 9, 'n_estimators': 20}. Best is trial 284 with value: 0.9236651223187223.[0m
[32m[I 2021-06-01 15:11:22,529][0m Trial 429 finished with value: 0.9128140495051461 and parameters: {'criterion': 'entropy', 'max_depth': 30, 'max_features': 'auto', 'min_samples_leaf': 2, 'min_samples_split': 5, 'n_estimators': 15}. Best is trial 284 with value: 0.9236651223187223.[0m
[32m[I 2021-06-01 15:11:22,678][0m Trial 448 finished with value: 0.9126429554019351 and parameters: {'criterion': 'entropy', 'max_depth': 25, 'max_features': 'auto', 'min_samples_leaf': 2, 'min_samples_split': 5, 'n_estimators': 20}. Best is trial 284 with value: 0.9236651223187223.[0m
[32m[I 2021-06-01 15:11:23,041][0m Trial 453 finished with value: 0.9102522759029512 and parameters: {'criterion': 'entropy', 'max_depth': 25, 'max_features': 'auto', 'min_samples_leaf': 1, 'min_samples_split': 5, 'n_estimators': 20}. Best is trial 284 with value: 0.9236651223187223.[0m
[32m[I 2021-06-01 15:11:23,042][0m Trial 440 finished with value: 0.9093891761901721 and parameters: {'criterion': 'entropy', 'max_depth': 30, 'max_features': 'auto', 'min_samples_leaf': 2, 'min_samples_split': 2, 'n_estimators': 135}. Best is trial 284 with value: 0.9236651223187223.[0m
[32m[I 2021-06-01 15:11:23,043][0m Trial 447 finished with value: 0.9100481818769947 and parameters: {'criterion': 'entropy', 'max_depth': 30, 'max_features': 'auto', 'min_samples_leaf': 2, 'min_samples_split': 5, 'n_estimators': 20}. Best is trial 284 with value: 0.9236651223187223.[0m
[32m[I 2021-06-01 15:11:23,044][0m Trial 450 finished with value: 0.9124883562449935 and parameters: {'criterion': 'entropy', 'max_depth': 25, 'max_features': 'auto', 'min_samples_leaf': 1, 'min_samples_split': 5, 'n_estimators': 20}. Best is trial 284 with value: 0.9236651223187223.[0m
[32m[I 2021-06-01 15:11:23,263][0m Trial 454 finished with value: 0.9095581549718863 and parameters: {'criterion': 'entropy', 'max_depth': 40, 'max_features': 'auto', 'min_samples_leaf': 1, 'min_samples_split': 5, 'n_estimators': 20}. Best is trial 284 with value: 0.9236651223187223.[0m
[32m[I 2021-06-01 15:11:23,419][0m Trial 445 finished with value: 0.9156150692532119 and parameters: {'criterion': 'entropy', 'max_depth': 25, 'max_features': 'auto', 'min_samples_leaf': 2, 'min_samples_split': 5, 'n_estimators': 20}. Best is trial 284 with value: 0.9236651223187223.[0m
[32m[I 2021-06-01 15:11:23,504][0m Trial 456 finished with value: 0.9097245905910352 and parameters: {'criterion': 'entropy', 'max_depth': 25, 'max_features': 'auto', 'min_samples_leaf': 1, 'min_samples_split': 5, 'n_estimators': 20}. Best is trial 284 with value: 0.9236651223187223.[0m
[32m[I 2021-06-01 15:11:23,588][0m Trial 452 finished with value: 0.9133477247896786 and parameters: {'criterion': 'entropy', 'max_depth': 25, 'max_features': 'auto', 'min_samples_leaf': 1, 'min_samples_split': 5, 'n_estimators': 20}. Best is trial 284 with value: 0.9236651223187223.[0m
[32m[I 2021-06-01 15:11:23,687][0m Trial 455 finished with value: 0.9095742839005059 and parameters: {'criterion': 'entropy', 'max_depth': 35, 'max_features': 'auto', 'min_samples_leaf': 1, 'min_samples_split': 5, 'n_estimators': 20}. Best is trial 284 with value: 0.9236651223187223.[0m
[32m[I 2021-06-01 15:11:23,992][0m Trial 457 finished with value: 0.9131118911172125 and parameters: {'criterion': 'entropy', 'max_depth': 35, 'max_features': 'auto', 'min_samples_leaf': 1, 'min_samples_split': 5, 'n_estimators': 25}. Best is trial 284 with value: 0.9236651223187223.[0m
[32m[I 2021-06-01 15:11:24,061][0m Trial 449 finished with value: 0.9141402818717982 and parameters: {'criterion': 'entropy', 'max_depth': 25, 'max_features': 'auto', 'min_samples_leaf': 1, 'min_samples_split': 5, 'n_estimators': 20}. Best is trial 284 with value: 0.9236651223187223.[0m
[32m[I 2021-06-01 15:11:24,468][0m Trial 451 finished with value: 0.9152386371299164 and parameters: {'criterion': 'entropy', 'max_depth': 35, 'max_features': 'auto', 'min_samples_leaf': 1, 'min_samples_split': 5, 'n_estimators': 20}. Best is trial 284 with value: 0.9236651223187223.[0m
[32m[I 2021-06-01 15:11:24,573][0m Trial 464 finished with value: 0.9117458714268599 and parameters: {'criterion': 'entropy', 'max_depth': 35, 'max_features': 'auto', 'min_samples_leaf': 1, 'min_samples_split': 5, 'n_estimators': 10}. Best is trial 284 with value: 0.9236651223187223.[0m
[32m[I 2021-06-01 15:11:24,575][0m Trial 460 finished with value: 0.9140838693748131 and parameters: {'criterion': 'entropy', 'max_depth': 25, 'max_features': 'auto', 'min_samples_leaf': 1, 'min_samples_split': 5, 'n_estimators': 25}. Best is trial 284 with value: 0.9236651223187223.[0m
[32m[I 2021-06-01 15:11:24,602][0m Trial 458 finished with value: 0.9182032569662824 and parameters: {'criterion': 'entropy', 'max_depth': 25, 'max_features': 'auto', 'min_samples_leaf': 1, 'min_samples_split': 5, 'n_estimators': 25}. Best is trial 284 with value: 0.9236651223187223.[0m
[32m[I 2021-06-01 15:11:25,010][0m Trial 469 finished with value: 0.9149963621744801 and parameters: {'criterion': 'entropy', 'max_depth': 35, 'max_features': 'auto', 'min_samples_leaf': 1, 'min_samples_split': 4, 'n_estimators': 10}. Best is trial 284 with value: 0.9236651223187223.[0m
[32m[I 2021-06-01 15:11:25,010][0m Trial 462 finished with value: 0.9115501978496466 and parameters: {'criterion': 'entropy', 'max_depth': 45, 'max_features': 'auto', 'min_samples_leaf': 1, 'min_samples_split': 5, 'n_estimators': 10}. Best is trial 284 with value: 0.9236651223187223.[0m
[32m[I 2021-06-01 15:11:25,123][0m Trial 461 finished with value: 0.9109924517608265 and parameters: {'criterion': 'entropy', 'max_depth': 45, 'max_features': 'auto', 'min_samples_leaf': 1, 'min_samples_split': 5, 'n_estimators': 25}. Best is trial 284 with value: 0.9236651223187223.[0m
[32m[I 2021-06-01 15:11:25,168][0m Trial 459 finished with value: 0.9117951045133947 and parameters: {'criterion': 'entropy', 'max_depth': 45, 'max_features': 'auto', 'min_samples_leaf': 1, 'min_samples_split': 5, 'n_estimators': 25}. Best is trial 284 with value: 0.9236651223187223.[0m
[32m[I 2021-06-01 15:11:26,034][0m Trial 471 finished with value: 0.9124311840875718 and parameters: {'criterion': 'entropy', 'max_depth': 35, 'max_features': 'auto', 'min_samples_leaf': 1, 'min_samples_split': 4, 'n_estimators': 10}. Best is trial 284 with value: 0.9236651223187223.[0m
[32m[I 2021-06-01 15:11:26,094][0m Trial 466 finished with value: 0.9143140025126926 and parameters: {'criterion': 'entropy', 'max_depth': 40, 'max_features': 'auto', 'min_samples_leaf': 1, 'min_samples_split': 5, 'n_estimators': 10}. Best is trial 284 with value: 0.9236651223187223.[0m
[32m[I 2021-06-01 15:11:26,132][0m Trial 473 finished with value: 0.9140654650279103 and parameters: {'criterion': 'gini', 'max_depth': 45, 'max_features': 'auto', 'min_samples_leaf': 1, 'min_samples_split': 4, 'n_estimators': 10}. Best is trial 284 with value: 0.9236651223187223.[0m
[32m[I 2021-06-01 15:11:26,157][0m Trial 476 finished with value: 0.9108532968401963 and parameters: {'criterion': 'gini', 'max_depth': 45, 'max_features': 'auto', 'min_samples_leaf': 1, 'min_samples_split': 4, 'n_estimators': 10}. Best is trial 284 with value: 0.9236651223187223.[0m
[32m[I 2021-06-01 15:11:26,158][0m Trial 470 finished with value: 0.917009922285575 and parameters: {'criterion': 'gini', 'max_depth': 45, 'max_features': 'auto', 'min_samples_leaf': 1, 'min_samples_split': 4, 'n_estimators': 10}. Best is trial 284 with value: 0.9236651223187223.[0m
[32m[I 2021-06-01 15:11:26,166][0m Trial 463 finished with value: 0.9149739186669981 and parameters: {'criterion': 'entropy', 'max_depth': 45, 'max_features': 'auto', 'min_samples_leaf': 1, 'min_samples_split': 6, 'n_estimators': 10}. Best is trial 284 with value: 0.9236651223187223.[0m
[32m[I 2021-06-01 15:11:26,176][0m Trial 468 finished with value: 0.9193383964781556 and parameters: {'criterion': 'entropy', 'max_depth': 40, 'max_features': 'auto', 'min_samples_leaf': 1, 'min_samples_split': 4, 'n_estimators': 10}. Best is trial 284 with value: 0.9236651223187223.[0m
[32m[I 2021-06-01 15:11:26,746][0m Trial 467 finished with value: 0.9181153233124799 and parameters: {'criterion': 'gini', 'max_depth': 45, 'max_features': 'auto', 'min_samples_leaf': 1, 'min_samples_split': 4, 'n_estimators': 10}. Best is trial 284 with value: 0.9236651223187223.[0m
[32m[I 2021-06-01 15:11:26,865][0m Trial 474 finished with value: 0.9135873753177242 and parameters: {'criterion': 'gini', 'max_depth': 45, 'max_features': 'auto', 'min_samples_leaf': 1, 'min_samples_split': 6, 'n_estimators': 10}. Best is trial 284 with value: 0.9236651223187223.[0m
[32m[I 2021-06-01 15:11:26,892][0m Trial 475 finished with value: 0.9109499784430863 and parameters: {'criterion': 'gini', 'max_depth': 45, 'max_features': 'auto', 'min_samples_leaf': 1, 'min_samples_split': 6, 'n_estimators': 10}. Best is trial 284 with value: 0.9236651223187223.[0m
[32m[I 2021-06-01 15:11:27,499][0m Trial 477 finished with value: 0.9145160457890327 and parameters: {'criterion': 'entropy', 'max_depth': 45, 'max_features': 'auto', 'min_samples_leaf': 1, 'min_samples_split': 6, 'n_estimators': 10}. Best is trial 284 with value: 0.9236651223187223.[0m
[32m[I 2021-06-01 15:11:27,621][0m Trial 481 finished with value: 0.9179752187482111 and parameters: {'criterion': 'entropy', 'max_depth': 45, 'max_features': 'auto', 'min_samples_leaf': 1, 'min_samples_split': 6, 'n_estimators': 10}. Best is trial 284 with value: 0.9236651223187223.[0m
[32m[I 2021-06-01 15:11:27,866][0m Trial 472 finished with value: 0.9157304317304318 and parameters: {'criterion': 'gini', 'max_depth': 45, 'max_features': 'auto', 'min_samples_leaf': 1, 'min_samples_split': 6, 'n_estimators': 10}. Best is trial 284 with value: 0.9236651223187223.[0m
[32m[I 2021-06-01 15:11:27,881][0m Trial 479 finished with value: 0.9156564882705958 and parameters: {'criterion': 'entropy', 'max_depth': 45, 'max_features': 'auto', 'min_samples_leaf': 1, 'min_samples_split': 6, 'n_estimators': 10}. Best is trial 284 with value: 0.9236651223187223.[0m
[32m[I 2021-06-01 15:11:27,966][0m Trial 480 finished with value: 0.9129350190245098 and parameters: {'criterion': 'entropy', 'max_depth': 45, 'max_features': 'auto', 'min_samples_leaf': 3, 'min_samples_split': 6, 'n_estimators': 10}. Best is trial 284 with value: 0.9236651223187223.[0m
[32m[I 2021-06-01 15:11:27,966][0m Trial 482 finished with value: 0.9148033191997081 and parameters: {'criterion': 'entropy', 'max_depth': 45, 'max_features': 'auto', 'min_samples_leaf': 1, 'min_samples_split': 3, 'n_estimators': 10}. Best is trial 284 with value: 0.9236651223187223.[0m
[32m[I 2021-06-01 15:11:28,254][0m Trial 486 finished with value: 0.9158424616723231 and parameters: {'criterion': 'entropy', 'max_depth': 25, 'max_features': 'auto', 'min_samples_leaf': 1, 'min_samples_split': 4, 'n_estimators': 10}. Best is trial 284 with value: 0.9236651223187223.[0m
[32m[I 2021-06-01 15:11:28,668][0m Trial 483 finished with value: 0.9122012663148744 and parameters: {'criterion': 'entropy', 'max_depth': 45, 'max_features': 'auto', 'min_samples_leaf': 1, 'min_samples_split': 6, 'n_estimators': 10}. Best is trial 284 with value: 0.9236651223187223.[0m
[32m[I 2021-06-01 15:11:28,748][0m Trial 478 finished with value: 0.9169937794937795 and parameters: {'criterion': 'gini', 'max_depth': 45, 'max_features': 'auto', 'min_samples_leaf': 1, 'min_samples_split': 6, 'n_estimators': 10}. Best is trial 284 with value: 0.9236651223187223.[0m
[32m[I 2021-06-01 15:11:28,748][0m Trial 485 finished with value: 0.9148850043761548 and parameters: {'criterion': 'entropy', 'max_depth': 25, 'max_features': 'auto', 'min_samples_leaf': 1, 'min_samples_split': 6, 'n_estimators': 10}. Best is trial 284 with value: 0.9236651223187223.[0m
[32m[I 2021-06-01 15:11:28,761][0m Trial 487 finished with value: 0.9216887378652086 and parameters: {'criterion': 'entropy', 'max_depth': 40, 'max_features': 'auto', 'min_samples_leaf': 1, 'min_samples_split': 4, 'n_estimators': 10}. Best is trial 284 with value: 0.9236651223187223.[0m
[32m[I 2021-06-01 15:11:28,764][0m Trial 484 finished with value: 0.9126885282043821 and parameters: {'criterion': 'entropy', 'max_depth': 45, 'max_features': 'auto', 'min_samples_leaf': 3, 'min_samples_split': 6, 'n_estimators': 10}. Best is trial 284 with value: 0.9236651223187223.[0m
[32m[I 2021-06-01 15:11:28,776][0m Trial 490 finished with value: 0.9185949107353217 and parameters: {'criterion': 'entropy', 'max_depth': 45, 'max_features': 'auto', 'min_samples_leaf': 1, 'min_samples_split': 4, 'n_estimators': 10}. Best is trial 284 with value: 0.9236651223187223.[0m
[32m[I 2021-06-01 15:11:28,892][0m Trial 465 finished with value: 0.9199959124668151 and parameters: {'criterion': 'entropy', 'max_depth': 40, 'max_features': 'auto', 'min_samples_leaf': 1, 'min_samples_split': 4, 'n_estimators': 10}. Best is trial 284 with value: 0.9236651223187223.[0m
[32m[I 2021-06-01 15:11:29,378][0m Trial 488 finished with value: 0.9181307397068806 and parameters: {'criterion': 'entropy', 'max_depth': 40, 'max_features': 'auto', 'min_samples_leaf': 1, 'min_samples_split': 4, 'n_estimators': 10}. Best is trial 284 with value: 0.9236651223187223.[0m
[32m[I 2021-06-01 15:11:29,395][0m Trial 492 finished with value: 0.9141463313259168 and parameters: {'criterion': 'gini', 'max_depth': 40, 'max_features': 'auto', 'min_samples_leaf': 1, 'min_samples_split': 4, 'n_estimators': 10}. Best is trial 284 with value: 0.9236651223187223.[0m
[32m[I 2021-06-01 15:11:29,571][0m Trial 497 finished with value: 0.9161466466911673 and parameters: {'criterion': 'gini', 'max_depth': 10, 'max_features': 'auto', 'min_samples_leaf': 1, 'min_samples_split': 4, 'n_estimators': 10}. Best is trial 284 with value: 0.9236651223187223.[0m
[32m[I 2021-06-01 15:11:30,000][0m Trial 498 finished with value: 0.9151456858417213 and parameters: {'criterion': 'gini', 'max_depth': 10, 'max_features': 'auto', 'min_samples_leaf': 1, 'min_samples_split': 4, 'n_estimators': 10}. Best is trial 284 with value: 0.9236651223187223.[0m
[32m[I 2021-06-01 15:11:30,527][0m Trial 499 finished with value: 0.9114154807343662 and parameters: {'criterion': 'gini', 'max_depth': 40, 'max_features': 'auto', 'min_samples_leaf': 1, 'min_samples_split': 4, 'n_estimators': 10}. Best is trial 284 with value: 0.9236651223187223.[0m
[32m[I 2021-06-01 15:11:30,553][0m Trial 496 finished with value: 0.9149933758204458 and parameters: {'criterion': 'gini', 'max_depth': 40, 'max_features': 'auto', 'min_samples_leaf': 1, 'min_samples_split': 4, 'n_estimators': 10}. Best is trial 284 with value: 0.9236651223187223.[0m
[32m[I 2021-06-01 15:11:30,559][0m Trial 494 finished with value: 0.9089906838588293 and parameters: {'criterion': 'gini', 'max_depth': 45, 'max_features': 'auto', 'min_samples_leaf': 1, 'min_samples_split': 4, 'n_estimators': 10}. Best is trial 284 with value: 0.9236651223187223.[0m
[32m[I 2021-06-01 15:11:30,672][0m Trial 493 finished with value: 0.9206056137337363 and parameters: {'criterion': 'gini', 'max_depth': 40, 'max_features': 'auto', 'min_samples_leaf': 1, 'min_samples_split': 4, 'n_estimators': 10}. Best is trial 284 with value: 0.9236651223187223.[0m
[32m[I 2021-06-01 15:11:30,711][0m Trial 491 finished with value: 0.9133824415118837 and parameters: {'criterion': 'gini', 'max_depth': 10, 'max_features': 'auto', 'min_samples_leaf': 1, 'min_samples_split': 4, 'n_estimators': 10}. Best is trial 284 with value: 0.9236651223187223.[0m
[32m[I 2021-06-01 15:11:30,734][0m Trial 502 finished with value: 0.9131200647208566 and parameters: {'criterion': 'gini', 'max_depth': 40, 'max_features': 'auto', 'min_samples_leaf': 1, 'min_samples_split': 4, 'n_estimators': 10}. Best is trial 284 with value: 0.9236651223187223.[0m
[32m[I 2021-06-01 15:11:31,291][0m Trial 504 finished with value: 0.9124344756970661 and parameters: {'criterion': 'gini', 'max_depth': 40, 'max_features': 'auto', 'min_samples_leaf': 1, 'min_samples_split': 4, 'n_estimators': 10}. Best is trial 284 with value: 0.9236651223187223.[0m
[32m[I 2021-06-01 15:11:31,294][0m Trial 503 finished with value: 0.9100494993187562 and parameters: {'criterion': 'gini', 'max_depth': 45, 'max_features': 'auto', 'min_samples_leaf': 1, 'min_samples_split': 4, 'n_estimators': 25}. Best is trial 284 with value: 0.9236651223187223.[0m
[32m[I 2021-06-01 15:11:31,379][0m Trial 489 finished with value: 0.908702724788682 and parameters: {'criterion': 'entropy', 'max_depth': 10, 'max_features': 'auto', 'min_samples_leaf': 6, 'min_samples_split': 4, 'n_estimators': 10}. Best is trial 284 with value: 0.9236651223187223.[0m
[32m[I 2021-06-01 15:11:32,050][0m Trial 507 finished with value: 0.9097783175158147 and parameters: {'criterion': 'entropy', 'max_depth': 40, 'max_features': 'log2', 'min_samples_leaf': 1, 'min_samples_split': 4, 'n_estimators': 25}. Best is trial 284 with value: 0.9236651223187223.[0m
[32m[I 2021-06-01 15:11:32,086][0m Trial 505 finished with value: 0.9125071091333826 and parameters: {'criterion': 'entropy', 'max_depth': 40, 'max_features': 'auto', 'min_samples_leaf': 1, 'min_samples_split': 4, 'n_estimators': 25}. Best is trial 284 with value: 0.9236651223187223.[0m
[32m[I 2021-06-01 15:11:32,103][0m Trial 506 finished with value: 0.9041359353126763 and parameters: {'criterion': 'entropy', 'max_depth': 40, 'max_features': 'log2', 'min_samples_leaf': 6, 'min_samples_split': 4, 'n_estimators': 25}. Best is trial 284 with value: 0.9236651223187223.[0m
[32m[I 2021-06-01 15:11:32,106][0m Trial 510 finished with value: 0.9140844955776748 and parameters: {'criterion': 'entropy', 'max_depth': 40, 'max_features': 'log2', 'min_samples_leaf': 1, 'min_samples_split': 4, 'n_estimators': 25}. Best is trial 284 with value: 0.9236651223187223.[0m
[32m[I 2021-06-01 15:11:32,385][0m Trial 508 finished with value: 0.910629100042683 and parameters: {'criterion': 'entropy', 'max_depth': 40, 'max_features': 'auto', 'min_samples_leaf': 1, 'min_samples_split': 4, 'n_estimators': 25}. Best is trial 284 with value: 0.9236651223187223.[0m
[32m[I 2021-06-01 15:11:32,612][0m Trial 513 finished with value: 0.9101286549707602 and parameters: {'criterion': 'entropy', 'max_depth': 40, 'max_features': 'log2', 'min_samples_leaf': 1, 'min_samples_split': 4, 'n_estimators': 25}. Best is trial 284 with value: 0.9236651223187223.[0m
[32m[I 2021-06-01 15:11:32,665][0m Trial 515 finished with value: 0.9126524460932066 and parameters: {'criterion': 'entropy', 'max_depth': 40, 'max_features': 'auto', 'min_samples_leaf': 1, 'min_samples_split': 4, 'n_estimators': 25}. Best is trial 284 with value: 0.9236651223187223.[0m
[32m[I 2021-06-01 15:11:32,997][0m Trial 509 finished with value: 0.9133354589350458 and parameters: {'criterion': 'entropy', 'max_depth': 40, 'max_features': 'log2', 'min_samples_leaf': 1, 'min_samples_split': 4, 'n_estimators': 25}. Best is trial 284 with value: 0.9236651223187223.[0m
[32m[I 2021-06-01 15:11:33,039][0m Trial 516 finished with value: 0.9131581749704525 and parameters: {'criterion': 'entropy', 'max_depth': 25, 'max_features': 'auto', 'min_samples_leaf': 1, 'min_samples_split': 4, 'n_estimators': 25}. Best is trial 284 with value: 0.9236651223187223.[0m
[32m[I 2021-06-01 15:11:33,042][0m Trial 495 finished with value: 0.9117327436243301 and parameters: {'criterion': 'gini', 'max_depth': 40, 'max_features': 'auto', 'min_samples_leaf': 1, 'min_samples_split': 4, 'n_estimators': 150}. Best is trial 284 with value: 0.9236651223187223.[0m
[32m[I 2021-06-01 15:11:33,045][0m Trial 511 finished with value: 0.9149100493241462 and parameters: {'criterion': 'entropy', 'max_depth': 40, 'max_features': 'auto', 'min_samples_leaf': 1, 'min_samples_split': 4, 'n_estimators': 25}. Best is trial 284 with value: 0.9236651223187223.[0m
[32m[I 2021-06-01 15:11:33,258][0m Trial 517 finished with value: 0.914602468240901 and parameters: {'criterion': 'entropy', 'max_depth': 40, 'max_features': 'auto', 'min_samples_leaf': 1, 'min_samples_split': 3, 'n_estimators': 25}. Best is trial 284 with value: 0.9236651223187223.[0m
[32m[I 2021-06-01 15:11:33,920][0m Trial 522 finished with value: 0.9128340149367637 and parameters: {'criterion': 'entropy', 'max_depth': 40, 'max_features': 'auto', 'min_samples_leaf': 1, 'min_samples_split': 3, 'n_estimators': 25}. Best is trial 284 with value: 0.9236651223187223.[0m
[32m[I 2021-06-01 15:11:33,920][0m Trial 500 finished with value: 0.9103383695051903 and parameters: {'criterion': 'gini', 'max_depth': 40, 'max_features': 'auto', 'min_samples_leaf': 1, 'min_samples_split': 4, 'n_estimators': 190}. Best is trial 284 with value: 0.9236651223187223.[0m
[32m[I 2021-06-01 15:11:33,961][0m Trial 514 finished with value: 0.9081505919224098 and parameters: {'criterion': 'entropy', 'max_depth': 40, 'max_features': 'auto', 'min_samples_leaf': 1, 'min_samples_split': 4, 'n_estimators': 25}. Best is trial 284 with value: 0.9236651223187223.[0m
[32m[I 2021-06-01 15:11:33,967][0m Trial 518 finished with value: 0.9139462705436158 and parameters: {'criterion': 'entropy', 'max_depth': 40, 'max_features': 'auto', 'min_samples_leaf': 1, 'min_samples_split': 4, 'n_estimators': 25}. Best is trial 284 with value: 0.9236651223187223.[0m
[32m[I 2021-06-01 15:11:34,099][0m Trial 520 finished with value: 0.9086222732107266 and parameters: {'criterion': 'entropy', 'max_depth': 40, 'max_features': 'auto', 'min_samples_leaf': 1, 'min_samples_split': 3, 'n_estimators': 25}. Best is trial 284 with value: 0.9236651223187223.[0m
[32m[I 2021-06-01 15:11:34,219][0m Trial 512 finished with value: 0.9117392555780517 and parameters: {'criterion': 'entropy', 'max_depth': 40, 'max_features': 'auto', 'min_samples_leaf': 1, 'min_samples_split': 4, 'n_estimators': 80}. Best is trial 284 with value: 0.9236651223187223.[0m
[32m[I 2021-06-01 15:11:34,271][0m Trial 501 finished with value: 0.9071612568248575 and parameters: {'criterion': 'gini', 'max_depth': 40, 'max_features': 'auto', 'min_samples_leaf': 1, 'min_samples_split': 4, 'n_estimators': 185}. Best is trial 284 with value: 0.9236651223187223.[0m
[32m[I 2021-06-01 15:11:34,805][0m Trial 523 finished with value: 0.9146506003668993 and parameters: {'criterion': 'entropy', 'max_depth': 40, 'max_features': 'auto', 'min_samples_leaf': 1, 'min_samples_split': 3, 'n_estimators': 25}. Best is trial 284 with value: 0.9236651223187223.[0m
[32m[I 2021-06-01 15:11:34,998][0m Trial 525 finished with value: 0.9095604377669595 and parameters: {'criterion': 'entropy', 'max_depth': 40, 'max_features': 'auto', 'min_samples_leaf': 1, 'min_samples_split': 3, 'n_estimators': 25}. Best is trial 284 with value: 0.9236651223187223.[0m
[32m[I 2021-06-01 15:11:35,237][0m Trial 521 finished with value: 0.9115882073659061 and parameters: {'criterion': 'entropy', 'max_depth': 40, 'max_features': 'auto', 'min_samples_leaf': 1, 'min_samples_split': 3, 'n_estimators': 25}. Best is trial 284 with value: 0.9236651223187223.[0m
[32m[I 2021-06-01 15:11:35,294][0m Trial 528 finished with value: 0.91346246230725 and parameters: {'criterion': 'entropy', 'max_depth': 40, 'max_features': 'auto', 'min_samples_leaf': 1, 'min_samples_split': 3, 'n_estimators': 15}. Best is trial 284 with value: 0.9236651223187223.[0m
[32m[I 2021-06-01 15:11:35,297][0m Trial 526 finished with value: 0.9146682805153914 and parameters: {'criterion': 'entropy', 'max_depth': 40, 'max_features': 'auto', 'min_samples_leaf': 1, 'min_samples_split': 3, 'n_estimators': 25}. Best is trial 284 with value: 0.9236651223187223.[0m
[32m[I 2021-06-01 15:11:35,402][0m Trial 519 finished with value: 0.9088858211649274 and parameters: {'criterion': 'entropy', 'max_depth': 40, 'max_features': 'auto', 'min_samples_leaf': 1, 'min_samples_split': 3, 'n_estimators': 25}. Best is trial 284 with value: 0.9236651223187223.[0m
[32m[I 2021-06-01 15:11:35,429][0m Trial 524 finished with value: 0.9146240250911019 and parameters: {'criterion': 'entropy', 'max_depth': 40, 'max_features': 'auto', 'min_samples_leaf': 1, 'min_samples_split': 3, 'n_estimators': 25}. Best is trial 284 with value: 0.9236651223187223.[0m
[32m[I 2021-06-01 15:11:35,998][0m Trial 530 finished with value: 0.9164111112417157 and parameters: {'criterion': 'entropy', 'max_depth': 40, 'max_features': 'auto', 'min_samples_leaf': 1, 'min_samples_split': 4, 'n_estimators': 15}. Best is trial 284 with value: 0.9236651223187223.[0m
[32m[I 2021-06-01 15:11:36,000][0m Trial 533 finished with value: 0.9162235831763151 and parameters: {'criterion': 'entropy', 'max_depth': 40, 'max_features': 'auto', 'min_samples_leaf': 1, 'min_samples_split': 4, 'n_estimators': 15}. Best is trial 284 with value: 0.9236651223187223.[0m
[32m[I 2021-06-01 15:11:36,126][0m Trial 536 finished with value: 0.919066574607036 and parameters: {'criterion': 'entropy', 'max_depth': 40, 'max_features': 'auto', 'min_samples_leaf': 1, 'min_samples_split': 4, 'n_estimators': 15}. Best is trial 284 with value: 0.9236651223187223.[0m
[32m[I 2021-06-01 15:11:36,129][0m Trial 535 finished with value: 0.9165565830326441 and parameters: {'criterion': 'entropy', 'max_depth': 40, 'max_features': 'auto', 'min_samples_leaf': 1, 'min_samples_split': 4, 'n_estimators': 15}. Best is trial 284 with value: 0.9236651223187223.[0m
[32m[I 2021-06-01 15:11:36,131][0m Trial 529 finished with value: 0.9127529076487667 and parameters: {'criterion': 'entropy', 'max_depth': 40, 'max_features': 'auto', 'min_samples_leaf': 1, 'min_samples_split': 4, 'n_estimators': 15}. Best is trial 284 with value: 0.9236651223187223.[0m
[32m[I 2021-06-01 15:11:36,132][0m Trial 531 finished with value: 0.9145132030526767 and parameters: {'criterion': 'entropy', 'max_depth': 40, 'max_features': 'auto', 'min_samples_leaf': 1, 'min_samples_split': 4, 'n_estimators': 15}. Best is trial 284 with value: 0.9236651223187223.[0m
[32m[I 2021-06-01 15:11:36,134][0m Trial 532 finished with value: 0.912555980380243 and parameters: {'criterion': 'entropy', 'max_depth': 40, 'max_features': 'auto', 'min_samples_leaf': 1, 'min_samples_split': 4, 'n_estimators': 15}. Best is trial 284 with value: 0.9236651223187223.[0m
[32m[I 2021-06-01 15:11:36,150][0m Trial 527 finished with value: 0.9144138822092239 and parameters: {'criterion': 'entropy', 'max_depth': 40, 'max_features': 'auto', 'min_samples_leaf': 1, 'min_samples_split': 4, 'n_estimators': 15}. Best is trial 284 with value: 0.9236651223187223.[0m
[32m[I 2021-06-01 15:11:36,662][0m Trial 537 finished with value: 0.9173496187380612 and parameters: {'criterion': 'entropy', 'max_depth': 40, 'max_features': 'auto', 'min_samples_leaf': 1, 'min_samples_split': 4, 'n_estimators': 15}. Best is trial 284 with value: 0.9236651223187223.[0m
[32m[I 2021-06-01 15:11:37,057][0m Trial 539 finished with value: 0.9111189961771355 and parameters: {'criterion': 'entropy', 'max_depth': 40, 'max_features': 'auto', 'min_samples_leaf': 2, 'min_samples_split': 4, 'n_estimators': 15}. Best is trial 284 with value: 0.9236651223187223.[0m
[32m[I 2021-06-01 15:11:37,098][0m Trial 540 finished with value: 0.91455023443886 and parameters: {'criterion': 'entropy', 'max_depth': 40, 'max_features': 'auto', 'min_samples_leaf': 1, 'min_samples_split': 4, 'n_estimators': 15}. Best is trial 284 with value: 0.9236651223187223.[0m
[32m[I 2021-06-01 15:11:37,103][0m Trial 538 finished with value: 0.9158075226692992 and parameters: {'criterion': 'entropy', 'max_depth': 40, 'max_features': 'auto', 'min_samples_leaf': 2, 'min_samples_split': 4, 'n_estimators': 15}. Best is trial 284 with value: 0.9236651223187223.[0m
[32m[I 2021-06-01 15:11:37,412][0m Trial 542 finished with value: 0.9110432053883176 and parameters: {'criterion': 'entropy', 'max_depth': 40, 'max_features': 'auto', 'min_samples_leaf': 5, 'min_samples_split': 4, 'n_estimators': 15}. Best is trial 284 with value: 0.9236651223187223.[0m
[32m[I 2021-06-01 15:11:37,416][0m Trial 543 finished with value: 0.9147452038959566 and parameters: {'criterion': 'entropy', 'max_depth': 40, 'max_features': 'auto', 'min_samples_leaf': 2, 'min_samples_split': 4, 'n_estimators': 15}. Best is trial 284 with value: 0.9236651223187223.[0m
[32m[I 2021-06-01 15:11:37,418][0m Trial 534 finished with value: 0.9074378283671332 and parameters: {'criterion': 'entropy', 'max_depth': 40, 'max_features': 'auto', 'min_samples_leaf': 1, 'min_samples_split': 4, 'n_estimators': 70}. Best is trial 284 with value: 0.9236651223187223.[0m
[32m[I 2021-06-01 15:11:37,640][0m Trial 544 finished with value: 0.9177575953458307 and parameters: {'criterion': 'entropy', 'max_depth': 40, 'max_features': 'auto', 'min_samples_leaf': 2, 'min_samples_split': 4, 'n_estimators': 15}. Best is trial 284 with value: 0.9236651223187223.[0m
[32m[I 2021-06-01 15:11:37,647][0m Trial 541 finished with value: 0.9172112232736083 and parameters: {'criterion': 'entropy', 'max_depth': 40, 'max_features': 'auto', 'min_samples_leaf': 2, 'min_samples_split': 4, 'n_estimators': 15}. Best is trial 284 with value: 0.9236651223187223.[0m
[32m[I 2021-06-01 15:11:38,153][0m Trial 545 finished with value: 0.9104686182712992 and parameters: {'criterion': 'entropy', 'max_depth': 40, 'max_features': 'auto', 'min_samples_leaf': 2, 'min_samples_split': 4, 'n_estimators': 15}. Best is trial 284 with value: 0.9236651223187223.[0m
[32m[I 2021-06-01 15:11:38,215][0m Trial 546 finished with value: 0.9046990611246299 and parameters: {'criterion': 'entropy', 'max_depth': 40, 'max_features': 'auto', 'min_samples_leaf': 8, 'min_samples_split': 4, 'n_estimators': 15}. Best is trial 284 with value: 0.9236651223187223.[0m
[32m[I 2021-06-01 15:11:38,231][0m Trial 547 finished with value: 0.9089863754319099 and parameters: {'criterion': 'entropy', 'max_depth': 40, 'max_features': 'auto', 'min_samples_leaf': 1, 'min_samples_split': 4, 'n_estimators': 15}. Best is trial 284 with value: 0.9236651223187223.[0m
[32m[I 2021-06-01 15:11:38,290][0m Trial 548 finished with value: 0.9124388740765623 and parameters: {'criterion': 'entropy', 'max_depth': 40, 'max_features': 'auto', 'min_samples_leaf': 1, 'min_samples_split': 4, 'n_estimators': 15}. Best is trial 284 with value: 0.9236651223187223.[0m
[32m[I 2021-06-01 15:11:38,535][0m Trial 550 finished with value: 0.9119345402099974 and parameters: {'criterion': 'gini', 'max_depth': 40, 'max_features': 'auto', 'min_samples_leaf': 1, 'min_samples_split': 4, 'n_estimators': 15}. Best is trial 284 with value: 0.9236651223187223.[0m
[32m[I 2021-06-01 15:11:38,545][0m Trial 549 finished with value: 0.9113352038319 and parameters: {'criterion': 'entropy', 'max_depth': 40, 'max_features': 'auto', 'min_samples_leaf': 1, 'min_samples_split': 4, 'n_estimators': 15}. Best is trial 284 with value: 0.9236651223187223.[0m
[32m[I 2021-06-01 15:11:38,653][0m Trial 553 finished with value: 0.9161595946609552 and parameters: {'criterion': 'gini', 'max_depth': 40, 'max_features': 'auto', 'min_samples_leaf': 1, 'min_samples_split': 4, 'n_estimators': 15}. Best is trial 284 with value: 0.9236651223187223.[0m
[32m[I 2021-06-01 15:11:38,655][0m Trial 552 finished with value: 0.9101416326165431 and parameters: {'criterion': 'gini', 'max_depth': 40, 'max_features': 'auto', 'min_samples_leaf': 1, 'min_samples_split': 4, 'n_estimators': 15}. Best is trial 284 with value: 0.9236651223187223.[0m
[32m[I 2021-06-01 15:11:39,139][0m Trial 554 finished with value: 0.9151615168832479 and parameters: {'criterion': 'gini', 'max_depth': 25, 'max_features': 'auto', 'min_samples_leaf': 1, 'min_samples_split': 4, 'n_estimators': 10}. Best is trial 284 with value: 0.9236651223187223.[0m
[32m[I 2021-06-01 15:11:39,294][0m Trial 555 finished with value: 0.9139743204424027 and parameters: {'criterion': 'gini', 'max_depth': 25, 'max_features': 'auto', 'min_samples_leaf': 1, 'min_samples_split': 4, 'n_estimators': 10}. Best is trial 284 with value: 0.9236651223187223.[0m
[32m[I 2021-06-01 15:11:39,683][0m Trial 556 finished with value: 0.9134175232880277 and parameters: {'criterion': 'gini', 'max_depth': 45, 'max_features': 'auto', 'min_samples_leaf': 1, 'min_samples_split': 4, 'n_estimators': 10}. Best is trial 284 with value: 0.9236651223187223.[0m
[32m[I 2021-06-01 15:11:40,118][0m Trial 557 finished with value: 0.918902686739896 and parameters: {'criterion': 'gini', 'max_depth': 25, 'max_features': 'auto', 'min_samples_leaf': 1, 'min_samples_split': 4, 'n_estimators': 10}. Best is trial 284 with value: 0.9236651223187223.[0m
[32m[I 2021-06-01 15:11:40,405][0m Trial 558 finished with value: 0.9102639993080043 and parameters: {'criterion': 'gini', 'max_depth': 45, 'max_features': 'auto', 'min_samples_leaf': 1, 'min_samples_split': 4, 'n_estimators': 10}. Best is trial 284 with value: 0.9236651223187223.[0m
[32m[I 2021-06-01 15:11:40,991][0m Trial 559 finished with value: 0.9144977666329976 and parameters: {'criterion': 'entropy', 'max_depth': 45, 'max_features': 'auto', 'min_samples_leaf': 1, 'min_samples_split': 4, 'n_estimators': 10}. Best is trial 284 with value: 0.9236651223187223.[0m
[32m[I 2021-06-01 15:11:42,780][0m Trial 551 finished with value: 0.9110889383680403 and parameters: {'criterion': 'gini', 'max_depth': 40, 'max_features': 'auto', 'min_samples_leaf': 1, 'min_samples_split': 4, 'n_estimators': 300}. Best is trial 284 with value: 0.9236651223187223.[0m
