2021-06-01 14:33:52.506803: W tensorflow/stream_executor/platform/default/dso_loader.cc:64] Could not load dynamic library 'libcudart.so.11.0'; dlerror: libcudart.so.11.0: cannot open shared object file: No such file or directory; LD_LIBRARY_PATH: /sw/ompi/4.1.1/lib:/sw/ompi/4.1.1/include:/sw/ucx/1.10.0/lib:/sw/gcc/10.2.0/lib64:/sw/gcc/10.2.0/lib
2021-06-01 14:33:52.506853: I tensorflow/stream_executor/cuda/cudart_stub.cc:29] Ignore above cudart dlerror if you do not have a GPU set up on your machine.
2021-06-01 14:33:52.506879: W tensorflow/stream_executor/platform/default/dso_loader.cc:64] Could not load dynamic library 'libcudart.so.11.0'; dlerror: libcudart.so.11.0: cannot open shared object file: No such file or directory; LD_LIBRARY_PATH: /sw/ompi/4.1.1/lib:/sw/ompi/4.1.1/include:/sw/ucx/1.10.0/lib:/sw/gcc/10.2.0/lib64:/sw/gcc/10.2.0/lib
2021-06-01 14:33:52.506922: I tensorflow/stream_executor/cuda/cudart_stub.cc:29] Ignore above cudart dlerror if you do not have a GPU set up on your machine.
2021-06-01 14:33:52.506796: W tensorflow/stream_executor/platform/default/dso_loader.cc:64] Could not load dynamic library 'libcudart.so.11.0'; dlerror: libcudart.so.11.0: cannot open shared object file: No such file or directory; LD_LIBRARY_PATH: /sw/ompi/4.1.1/lib:/sw/ompi/4.1.1/include:/sw/ucx/1.10.0/lib:/sw/gcc/10.2.0/lib64:/sw/gcc/10.2.0/lib
2021-06-01 14:33:52.506852: I tensorflow/stream_executor/cuda/cudart_stub.cc:29] Ignore above cudart dlerror if you do not have a GPU set up on your machine.
2021-06-01 14:33:52.506816: W tensorflow/stream_executor/platform/default/dso_loader.cc:64] Could not load dynamic library 'libcudart.so.11.0'; dlerror: libcudart.so.11.0: cannot open shared object file: No such file or directory; LD_LIBRARY_PATH: /sw/ompi/4.1.1/lib:/sw/ompi/4.1.1/include:/sw/ucx/1.10.0/lib:/sw/gcc/10.2.0/lib64:/sw/gcc/10.2.0/lib
2021-06-01 14:33:52.506862: I tensorflow/stream_executor/cuda/cudart_stub.cc:29] Ignore above cudart dlerror if you do not have a GPU set up on your machine.
2021-06-01 14:33:52.507060: W tensorflow/stream_executor/platform/default/dso_loader.cc:64] Could not load dynamic library 'libcudart.so.11.0'; dlerror: libcudart.so.11.0: cannot open shared object file: No such file or directory; LD_LIBRARY_PATH: /sw/ompi/4.1.1/lib:/sw/ompi/4.1.1/include:/sw/ucx/1.10.0/lib:/sw/gcc/10.2.0/lib64:/sw/gcc/10.2.0/lib
2021-06-01 14:33:52.507099: I tensorflow/stream_executor/cuda/cudart_stub.cc:29] Ignore above cudart dlerror if you do not have a GPU set up on your machine.
2021-06-01 14:33:52.507068: W tensorflow/stream_executor/platform/default/dso_loader.cc:64] Could not load dynamic library 'libcudart.so.11.0'; dlerror: libcudart.so.11.0: cannot open shared object file: No such file or directory; LD_LIBRARY_PATH: /sw/ompi/4.1.1/lib:/sw/ompi/4.1.1/include:/sw/ucx/1.10.0/lib:/sw/gcc/10.2.0/lib64:/sw/gcc/10.2.0/lib
2021-06-01 14:33:52.507108: I tensorflow/stream_executor/cuda/cudart_stub.cc:29] Ignore above cudart dlerror if you do not have a GPU set up on your machine.
2021-06-01 14:33:52.507063: W tensorflow/stream_executor/platform/default/dso_loader.cc:64] Could not load dynamic library 'libcudart.so.11.0'; dlerror: libcudart.so.11.0: cannot open shared object file: No such file or directory; LD_LIBRARY_PATH: /sw/ompi/4.1.1/lib:/sw/ompi/4.1.1/include:/sw/ucx/1.10.0/lib:/sw/gcc/10.2.0/lib64:/sw/gcc/10.2.0/lib
2021-06-01 14:33:52.507101: I tensorflow/stream_executor/cuda/cudart_stub.cc:29] Ignore above cudart dlerror if you do not have a GPU set up on your machine.
2021-06-01 14:33:52.507077: W tensorflow/stream_executor/platform/default/dso_loader.cc:64] Could not load dynamic library 'libcudart.so.11.0'; dlerror: libcudart.so.11.0: cannot open shared object file: No such file or directory; LD_LIBRARY_PATH: /sw/ompi/4.1.1/lib:/sw/ompi/4.1.1/include:/sw/ucx/1.10.0/lib:/sw/gcc/10.2.0/lib64:/sw/gcc/10.2.0/lib
2021-06-01 14:33:52.507112: I tensorflow/stream_executor/cuda/cudart_stub.cc:29] Ignore above cudart dlerror if you do not have a GPU set up on your machine.
2021-06-01 14:33:52.507440: W tensorflow/stream_executor/platform/default/dso_loader.cc:64] Could not load dynamic library 'libcudart.so.11.0'; dlerror: libcudart.so.11.0: cannot open shared object file: No such file or directory; LD_LIBRARY_PATH: /sw/ompi/4.1.1/lib:/sw/ompi/4.1.1/include:/sw/ucx/1.10.0/lib:/sw/gcc/10.2.0/lib64:/sw/gcc/10.2.0/lib
2021-06-01 14:33:52.507488: I tensorflow/stream_executor/cuda/cudart_stub.cc:29] Ignore above cudart dlerror if you do not have a GPU set up on your machine.
2021-06-01 14:33:52.507096: W tensorflow/stream_executor/platform/default/dso_loader.cc:64] Could not load dynamic library 'libcudart.so.11.0'; dlerror: libcudart.so.11.0: cannot open shared object file: No such file or directory; LD_LIBRARY_PATH: /sw/ompi/4.1.1/lib:/sw/ompi/4.1.1/include:/sw/ucx/1.10.0/lib:/sw/gcc/10.2.0/lib64:/sw/gcc/10.2.0/lib
2021-06-01 14:33:52.507140: I tensorflow/stream_executor/cuda/cudart_stub.cc:29] Ignore above cudart dlerror if you do not have a GPU set up on your machine.
2021-06-01 14:33:52.507366: W tensorflow/stream_executor/platform/default/dso_loader.cc:64] Could not load dynamic library 'libcudart.so.11.0'; dlerror: libcudart.so.11.0: cannot open shared object file: No such file or directory; LD_LIBRARY_PATH: /sw/ompi/4.1.1/lib:/sw/ompi/4.1.1/include:/sw/ucx/1.10.0/lib:/sw/gcc/10.2.0/lib64:/sw/gcc/10.2.0/lib
2021-06-01 14:33:52.507407: I tensorflow/stream_executor/cuda/cudart_stub.cc:29] Ignore above cudart dlerror if you do not have a GPU set up on your machine.
2021-06-01 14:33:52.507410: W tensorflow/stream_executor/platform/default/dso_loader.cc:64] Could not load dynamic library 'libcudart.so.11.0'; dlerror: libcudart.so.11.0: cannot open shared object file: No such file or directory; LD_LIBRARY_PATH: /sw/ompi/4.1.1/lib:/sw/ompi/4.1.1/include:/sw/ucx/1.10.0/lib:/sw/gcc/10.2.0/lib64:/sw/gcc/10.2.0/lib
2021-06-01 14:33:52.507451: I tensorflow/stream_executor/cuda/cudart_stub.cc:29] Ignore above cudart dlerror if you do not have a GPU set up on your machine.
2021-06-01 14:33:52.507390: W tensorflow/stream_executor/platform/default/dso_loader.cc:64] Could not load dynamic library 'libcudart.so.11.0'; dlerror: libcudart.so.11.0: cannot open shared object file: No such file or directory; LD_LIBRARY_PATH: /sw/ompi/4.1.1/lib:/sw/ompi/4.1.1/include:/sw/ucx/1.10.0/lib:/sw/gcc/10.2.0/lib64:/sw/gcc/10.2.0/lib
2021-06-01 14:33:52.507431: I tensorflow/stream_executor/cuda/cudart_stub.cc:29] Ignore above cudart dlerror if you do not have a GPU set up on your machine.
2021-06-01 14:33:52.507308: W tensorflow/stream_executor/platform/default/dso_loader.cc:64] Could not load dynamic library 'libcudart.so.11.0'; dlerror: libcudart.so.11.0: cannot open shared object file: No such file or directory; LD_LIBRARY_PATH: /sw/ompi/4.1.1/lib:/sw/ompi/4.1.1/include:/sw/ucx/1.10.0/lib:/sw/gcc/10.2.0/lib64:/sw/gcc/10.2.0/lib
2021-06-01 14:33:52.507348: I tensorflow/stream_executor/cuda/cudart_stub.cc:29] Ignore above cudart dlerror if you do not have a GPU set up on your machine.
2021-06-01 14:33:52.507136: W tensorflow/stream_executor/platform/default/dso_loader.cc:64] Could not load dynamic library 'libcudart.so.11.0'; dlerror: libcudart.so.11.0: cannot open shared object file: No such file or directory; LD_LIBRARY_PATH: /sw/ompi/4.1.1/lib:/sw/ompi/4.1.1/include:/sw/ucx/1.10.0/lib:/sw/gcc/10.2.0/lib64:/sw/gcc/10.2.0/lib
2021-06-01 14:33:52.507180: I tensorflow/stream_executor/cuda/cudart_stub.cc:29] Ignore above cudart dlerror if you do not have a GPU set up on your machine.
2021-06-01 14:33:52.507257: W tensorflow/stream_executor/platform/default/dso_loader.cc:64] Could not load dynamic library 'libcudart.so.11.0'; dlerror: libcudart.so.11.0: cannot open shared object file: No such file or directory; LD_LIBRARY_PATH: /sw/ompi/4.1.1/lib:/sw/ompi/4.1.1/include:/sw/ucx/1.10.0/lib:/sw/gcc/10.2.0/lib64:/sw/gcc/10.2.0/lib
2021-06-01 14:33:52.507296: I tensorflow/stream_executor/cuda/cudart_stub.cc:29] Ignore above cudart dlerror if you do not have a GPU set up on your machine.
2021-06-01 14:33:52.507294: W tensorflow/stream_executor/platform/default/dso_loader.cc:64] Could not load dynamic library 'libcudart.so.11.0'; dlerror: libcudart.so.11.0: cannot open shared object file: No such file or directory; LD_LIBRARY_PATH: /sw/ompi/4.1.1/lib:/sw/ompi/4.1.1/include:/sw/ucx/1.10.0/lib:/sw/gcc/10.2.0/lib64:/sw/gcc/10.2.0/lib
2021-06-01 14:33:52.507333: I tensorflow/stream_executor/cuda/cudart_stub.cc:29] Ignore above cudart dlerror if you do not have a GPU set up on your machine.
2021-06-01 14:33:52.507285: W tensorflow/stream_executor/platform/default/dso_loader.cc:64] Could not load dynamic library 'libcudart.so.11.0'; dlerror: libcudart.so.11.0: cannot open shared object file: No such file or directory; LD_LIBRARY_PATH: /sw/ompi/4.1.1/lib:/sw/ompi/4.1.1/include:/sw/ucx/1.10.0/lib:/sw/gcc/10.2.0/lib64:/sw/gcc/10.2.0/lib
2021-06-01 14:33:52.507327: I tensorflow/stream_executor/cuda/cudart_stub.cc:29] Ignore above cudart dlerror if you do not have a GPU set up on your machine.
2021-06-01 14:33:52.507402: W tensorflow/stream_executor/platform/default/dso_loader.cc:64] Could not load dynamic library 'libcudart.so.11.0'; dlerror: libcudart.so.11.0: cannot open shared object file: No such file or directory; LD_LIBRARY_PATH: /sw/ompi/4.1.1/lib:/sw/ompi/4.1.1/include:/sw/ucx/1.10.0/lib:/sw/gcc/10.2.0/lib64:/sw/gcc/10.2.0/lib
2021-06-01 14:33:52.507442: I tensorflow/stream_executor/cuda/cudart_stub.cc:29] Ignore above cudart dlerror if you do not have a GPU set up on your machine.
2021-06-01 14:33:52.507377: W tensorflow/stream_executor/platform/default/dso_loader.cc:64] Could not load dynamic library 'libcudart.so.11.0'; dlerror: libcudart.so.11.0: cannot open shared object file: No such file or directory; LD_LIBRARY_PATH: /sw/ompi/4.1.1/lib:/sw/ompi/4.1.1/include:/sw/ucx/1.10.0/lib:/sw/gcc/10.2.0/lib64:/sw/gcc/10.2.0/lib
2021-06-01 14:33:52.507418: I tensorflow/stream_executor/cuda/cudart_stub.cc:29] Ignore above cudart dlerror if you do not have a GPU set up on your machine.
2021-06-01 14:33:52.507231: W tensorflow/stream_executor/platform/default/dso_loader.cc:64] Could not load dynamic library 'libcudart.so.11.0'; dlerror: libcudart.so.11.0: cannot open shared object file: No such file or directory; LD_LIBRARY_PATH: /sw/ompi/4.1.1/lib:/sw/ompi/4.1.1/include:/sw/ucx/1.10.0/lib:/sw/gcc/10.2.0/lib64:/sw/gcc/10.2.0/lib
2021-06-01 14:33:52.507269: I tensorflow/stream_executor/cuda/cudart_stub.cc:29] Ignore above cudart dlerror if you do not have a GPU set up on your machine.
2021-06-01 14:33:52.507253: W tensorflow/stream_executor/platform/default/dso_loader.cc:64] Could not load dynamic library 'libcudart.so.11.0'; dlerror: libcudart.so.11.0: cannot open shared object file: No such file or directory; LD_LIBRARY_PATH: /sw/ompi/4.1.1/lib:/sw/ompi/4.1.1/include:/sw/ucx/1.10.0/lib:/sw/gcc/10.2.0/lib64:/sw/gcc/10.2.0/lib
2021-06-01 14:33:52.507292: I tensorflow/stream_executor/cuda/cudart_stub.cc:29] Ignore above cudart dlerror if you do not have a GPU set up on your machine.
2021-06-01 14:33:52.507371: W tensorflow/stream_executor/platform/default/dso_loader.cc:64] Could not load dynamic library 'libcudart.so.11.0'; dlerror: libcudart.so.11.0: cannot open shared object file: No such file or directory; LD_LIBRARY_PATH: /sw/ompi/4.1.1/lib:/sw/ompi/4.1.1/include:/sw/ucx/1.10.0/lib:/sw/gcc/10.2.0/lib64:/sw/gcc/10.2.0/lib
2021-06-01 14:33:52.507412: I tensorflow/stream_executor/cuda/cudart_stub.cc:29] Ignore above cudart dlerror if you do not have a GPU set up on your machine.
2021-06-01 14:33:52.507362: W tensorflow/stream_executor/platform/default/dso_loader.cc:64] Could not load dynamic library 'libcudart.so.11.0'; dlerror: libcudart.so.11.0: cannot open shared object file: No such file or directory; LD_LIBRARY_PATH: /sw/ompi/4.1.1/lib:/sw/ompi/4.1.1/include:/sw/ucx/1.10.0/lib:/sw/gcc/10.2.0/lib64:/sw/gcc/10.2.0/lib
2021-06-01 14:33:52.507402: I tensorflow/stream_executor/cuda/cudart_stub.cc:29] Ignore above cudart dlerror if you do not have a GPU set up on your machine.
2021-06-01 14:33:52.507202: W tensorflow/stream_executor/platform/default/dso_loader.cc:64] Could not load dynamic library 'libcudart.so.11.0'; dlerror: libcudart.so.11.0: cannot open shared object file: No such file or directory; LD_LIBRARY_PATH: /sw/ompi/4.1.1/lib:/sw/ompi/4.1.1/include:/sw/ucx/1.10.0/lib:/sw/gcc/10.2.0/lib64:/sw/gcc/10.2.0/lib
2021-06-01 14:33:52.507241: I tensorflow/stream_executor/cuda/cudart_stub.cc:29] Ignore above cudart dlerror if you do not have a GPU set up on your machine.
2021-06-01 14:33:52.507347: W tensorflow/stream_executor/platform/default/dso_loader.cc:64] Could not load dynamic library 'libcudart.so.11.0'; dlerror: libcudart.so.11.0: cannot open shared object file: No such file or directory; LD_LIBRARY_PATH: /sw/ompi/4.1.1/lib:/sw/ompi/4.1.1/include:/sw/ucx/1.10.0/lib:/sw/gcc/10.2.0/lib64:/sw/gcc/10.2.0/lib
2021-06-01 14:33:52.507386: I tensorflow/stream_executor/cuda/cudart_stub.cc:29] Ignore above cudart dlerror if you do not have a GPU set up on your machine.
2021-06-01 14:33:52.507204: W tensorflow/stream_executor/platform/default/dso_loader.cc:64] Could not load dynamic library 'libcudart.so.11.0'; dlerror: libcudart.so.11.0: cannot open shared object file: No such file or directory; LD_LIBRARY_PATH: /sw/ompi/4.1.1/lib:/sw/ompi/4.1.1/include:/sw/ucx/1.10.0/lib:/sw/gcc/10.2.0/lib64:/sw/gcc/10.2.0/lib
2021-06-01 14:33:52.507243: I tensorflow/stream_executor/cuda/cudart_stub.cc:29] Ignore above cudart dlerror if you do not have a GPU set up on your machine.
2021-06-01 14:33:52.507281: W tensorflow/stream_executor/platform/default/dso_loader.cc:64] Could not load dynamic library 'libcudart.so.11.0'; dlerror: libcudart.so.11.0: cannot open shared object file: No such file or directory; LD_LIBRARY_PATH: /sw/ompi/4.1.1/lib:/sw/ompi/4.1.1/include:/sw/ucx/1.10.0/lib:/sw/gcc/10.2.0/lib64:/sw/gcc/10.2.0/lib
2021-06-01 14:33:52.507320: I tensorflow/stream_executor/cuda/cudart_stub.cc:29] Ignore above cudart dlerror if you do not have a GPU set up on your machine.
[32m[I 2021-06-01 14:36:01,371][0m Trial 19 finished with value: 0.9083732464673056 and parameters: {'criterion': 'gini', 'max_depth': 5, 'max_features': 'log2', 'min_samples_leaf': 7, 'min_samples_split': 3, 'n_estimators': 35}. Best is trial 19 with value: 0.9083732464673056.[0m
[32m[I 2021-06-01 14:36:14,043][0m Trial 21 finished with value: 0.9083733405188731 and parameters: {'criterion': 'gini', 'max_depth': 5, 'max_features': 'auto', 'min_samples_leaf': 4, 'min_samples_split': 2, 'n_estimators': 95}. Best is trial 21 with value: 0.9083733405188731.[0m
[32m[I 2021-06-01 14:36:23,467][0m Trial 25 finished with value: 0.9083745161634672 and parameters: {'criterion': 'gini', 'max_depth': 45, 'max_features': 'log2', 'min_samples_leaf': 10, 'min_samples_split': 8, 'n_estimators': 130}. Best is trial 25 with value: 0.9083745161634672.[0m
[32m[I 2021-06-01 14:36:24,464][0m Trial 3 finished with value: 0.9083738578024946 and parameters: {'criterion': 'gini', 'max_depth': 5, 'max_features': 'sqrt', 'min_samples_leaf': 5, 'min_samples_split': 5, 'n_estimators': 170}. Best is trial 25 with value: 0.9083745161634672.[0m
[32m[I 2021-06-01 14:36:25,208][0m Trial 15 finished with value: 0.9083739283411703 and parameters: {'criterion': 'gini', 'max_depth': 45, 'max_features': 'log2', 'min_samples_leaf': 9, 'min_samples_split': 10, 'n_estimators': 145}. Best is trial 25 with value: 0.9083745161634672.[0m
[32m[I 2021-06-01 14:36:30,630][0m Trial 12 finished with value: 0.9097707979510293 and parameters: {'criterion': 'entropy', 'max_depth': None, 'max_features': 'log2', 'min_samples_leaf': 2, 'min_samples_split': 6, 'n_estimators': 65}. Best is trial 12 with value: 0.9097707979510293.[0m
[32m[I 2021-06-01 14:36:30,692][0m Trial 32 finished with value: 0.9084300493874219 and parameters: {'criterion': 'gini', 'max_depth': 45, 'max_features': 'log2', 'min_samples_leaf': 10, 'min_samples_split': 2, 'n_estimators': 10}. Best is trial 12 with value: 0.9097707979510293.[0m
[32m[I 2021-06-01 14:36:36,911][0m Trial 27 finished with value: 0.908373951854062 and parameters: {'criterion': 'gini', 'max_depth': 5, 'max_features': 'sqrt', 'min_samples_leaf': 10, 'min_samples_split': 10, 'n_estimators': 215}. Best is trial 12 with value: 0.9097707979510293.[0m
[32m[I 2021-06-01 14:36:37,590][0m Trial 18 finished with value: 0.9083739753669541 and parameters: {'criterion': 'gini', 'max_depth': 30, 'max_features': 'auto', 'min_samples_leaf': 9, 'min_samples_split': 3, 'n_estimators': 105}. Best is trial 12 with value: 0.9097707979510293.[0m
[32m[I 2021-06-01 14:36:40,364][0m Trial 17 finished with value: 0.909097222014166 and parameters: {'criterion': 'entropy', 'max_depth': 40, 'max_features': 'log2', 'min_samples_leaf': 3, 'min_samples_split': 4, 'n_estimators': 85}. Best is trial 12 with value: 0.9097707979510293.[0m
[32m[I 2021-06-01 14:36:44,592][0m Trial 11 finished with value: 0.9089395837323657 and parameters: {'criterion': 'gini', 'max_depth': 30, 'max_features': 'log2', 'min_samples_leaf': 2, 'min_samples_split': 7, 'n_estimators': 185}. Best is trial 12 with value: 0.9097707979510293.[0m
[32m[I 2021-06-01 14:36:45,526][0m Trial 16 finished with value: 0.9083742340087646 and parameters: {'criterion': 'gini', 'max_depth': 5, 'max_features': 'sqrt', 'min_samples_leaf': 8, 'min_samples_split': 10, 'n_estimators': 270}. Best is trial 12 with value: 0.9097707979510293.[0m
[32m[I 2021-06-01 14:36:47,959][0m Trial 8 finished with value: 0.9084360213231811 and parameters: {'criterion': 'gini', 'max_depth': 40, 'max_features': 'log2', 'min_samples_leaf': 6, 'min_samples_split': 3, 'n_estimators': 230}. Best is trial 12 with value: 0.9097707979510293.[0m
[32m[I 2021-06-01 14:36:54,300][0m Trial 36 finished with value: 0.9083739753669541 and parameters: {'criterion': 'gini', 'max_depth': 25, 'max_features': 'sqrt', 'min_samples_leaf': 10, 'min_samples_split': 2, 'n_estimators': 45}. Best is trial 12 with value: 0.9097707979510293.[0m
[32m[I 2021-06-01 14:36:54,854][0m Trial 23 finished with value: 0.9091464466330923 and parameters: {'criterion': 'gini', 'max_depth': 40, 'max_features': 'log2', 'min_samples_leaf': 3, 'min_samples_split': 2, 'n_estimators': 235}. Best is trial 12 with value: 0.9097707979510293.[0m
[32m[I 2021-06-01 14:36:58,463][0m Trial 0 finished with value: 0.9083669875048758 and parameters: {'criterion': 'gini', 'max_depth': 20, 'max_features': 'auto', 'min_samples_leaf': 8, 'min_samples_split': 2, 'n_estimators': 170}. Best is trial 12 with value: 0.9097707979510293.[0m
[32m[I 2021-06-01 14:37:06,003][0m Trial 14 finished with value: 0.9088293364422919 and parameters: {'criterion': 'entropy', 'max_depth': 35, 'max_features': 'sqrt', 'min_samples_leaf': 4, 'min_samples_split': 10, 'n_estimators': 80}. Best is trial 12 with value: 0.9097707979510293.[0m
[32m[I 2021-06-01 14:37:13,531][0m Trial 34 finished with value: 0.9097317283717727 and parameters: {'criterion': 'entropy', 'max_depth': 30, 'max_features': 'auto', 'min_samples_leaf': 2, 'min_samples_split': 7, 'n_estimators': 45}. Best is trial 12 with value: 0.9097707979510293.[0m
[32m[I 2021-06-01 14:37:15,991][0m Trial 38 finished with value: 0.9102754593069214 and parameters: {'criterion': 'entropy', 'max_depth': 40, 'max_features': 'log2', 'min_samples_leaf': 1, 'min_samples_split': 5, 'n_estimators': 50}. Best is trial 38 with value: 0.9102754593069214.[0m
[32m[I 2021-06-01 14:37:16,225][0m Trial 33 finished with value: 0.9084730752038533 and parameters: {'criterion': 'entropy', 'max_depth': 30, 'max_features': 'log2', 'min_samples_leaf': 4, 'min_samples_split': 10, 'n_estimators': 95}. Best is trial 38 with value: 0.9102754593069214.[0m
[32m[I 2021-06-01 14:37:16,238][0m Trial 28 finished with value: 0.9088107140525388 and parameters: {'criterion': 'gini', 'max_depth': 30, 'max_features': 'sqrt', 'min_samples_leaf': 4, 'min_samples_split': 5, 'n_estimators': 170}. Best is trial 38 with value: 0.9102754593069214.[0m
[32m[I 2021-06-01 14:37:23,359][0m Trial 40 finished with value: 0.9105296895642994 and parameters: {'criterion': 'entropy', 'max_depth': None, 'max_features': 'log2', 'min_samples_leaf': 1, 'min_samples_split': 5, 'n_estimators': 60}. Best is trial 40 with value: 0.9105296895642994.[0m
[32m[I 2021-06-01 14:37:26,196][0m Trial 39 finished with value: 0.9104943715903306 and parameters: {'criterion': 'entropy', 'max_depth': None, 'max_features': 'log2', 'min_samples_leaf': 1, 'min_samples_split': 5, 'n_estimators': 70}. Best is trial 40 with value: 0.9105296895642994.[0m
[32m[I 2021-06-01 14:37:26,699][0m Trial 46 finished with value: 0.9114280742548546 and parameters: {'criterion': 'entropy', 'max_depth': None, 'max_features': 'auto', 'min_samples_leaf': 1, 'min_samples_split': 7, 'n_estimators': 10}. Best is trial 46 with value: 0.9114280742548546.[0m
[32m[I 2021-06-01 14:37:29,301][0m Trial 49 finished with value: 0.9119226777658795 and parameters: {'criterion': 'entropy', 'max_depth': None, 'max_features': 'log2', 'min_samples_leaf': 1, 'min_samples_split': 6, 'n_estimators': 10}. Best is trial 49 with value: 0.9119226777658795.[0m
[32m[I 2021-06-01 14:37:36,254][0m Trial 41 finished with value: 0.91032721045298 and parameters: {'criterion': 'entropy', 'max_depth': None, 'max_features': 'log2', 'min_samples_leaf': 1, 'min_samples_split': 6, 'n_estimators': 70}. Best is trial 49 with value: 0.9119226777658795.[0m
[32m[I 2021-06-01 14:37:37,059][0m Trial 51 finished with value: 0.9114245777899977 and parameters: {'criterion': 'entropy', 'max_depth': None, 'max_features': 'auto', 'min_samples_leaf': 1, 'min_samples_split': 8, 'n_estimators': 10}. Best is trial 49 with value: 0.9119226777658795.[0m
[32m[I 2021-06-01 14:37:37,507][0m Trial 4 finished with value: 0.9094926744968695 and parameters: {'criterion': 'gini', 'max_depth': 15, 'max_features': 'auto', 'min_samples_leaf': 2, 'min_samples_split': 5, 'n_estimators': 260}. Best is trial 49 with value: 0.9119226777658795.[0m
[32m[I 2021-06-01 14:37:42,866][0m Trial 50 finished with value: 0.9102721285742579 and parameters: {'criterion': 'entropy', 'max_depth': None, 'max_features': 'log2', 'min_samples_leaf': 1, 'min_samples_split': 5, 'n_estimators': 30}. Best is trial 49 with value: 0.9119226777658795.[0m
[32m[I 2021-06-01 14:37:44,734][0m Trial 6 finished with value: 0.9083742340087648 and parameters: {'criterion': 'entropy', 'max_depth': 30, 'max_features': 'auto', 'min_samples_leaf': 10, 'min_samples_split': 8, 'n_estimators': 145}. Best is trial 49 with value: 0.9119226777658795.[0m
[32m[I 2021-06-01 14:37:45,206][0m Trial 54 finished with value: 0.9085773481433644 and parameters: {'criterion': 'entropy', 'max_depth': 10, 'max_features': 'auto', 'min_samples_leaf': 2, 'min_samples_split': 8, 'n_estimators': 10}. Best is trial 49 with value: 0.9119226777658795.[0m
[32m[I 2021-06-01 14:37:51,368][0m Trial 55 finished with value: 0.9086421682829504 and parameters: {'criterion': 'entropy', 'max_depth': 10, 'max_features': 'auto', 'min_samples_leaf': 3, 'min_samples_split': 8, 'n_estimators': 10}. Best is trial 49 with value: 0.9119226777658795.[0m
[32m[I 2021-06-01 14:37:54,188][0m Trial 52 finished with value: 0.9106715400386161 and parameters: {'criterion': 'entropy', 'max_depth': None, 'max_features': 'auto', 'min_samples_leaf': 1, 'min_samples_split': 8, 'n_estimators': 25}. Best is trial 49 with value: 0.9119226777658795.[0m
[32m[I 2021-06-01 14:37:54,581][0m Trial 56 finished with value: 0.9084298140971796 and parameters: {'criterion': 'entropy', 'max_depth': 10, 'max_features': 'auto', 'min_samples_leaf': 3, 'min_samples_split': 9, 'n_estimators': 15}. Best is trial 49 with value: 0.9119226777658795.[0m
[32m[I 2021-06-01 14:37:55,332][0m Trial 1 finished with value: 0.9096301963286815 and parameters: {'criterion': 'gini', 'max_depth': 20, 'max_features': 'sqrt', 'min_samples_leaf': 2, 'min_samples_split': 4, 'n_estimators': 265}. Best is trial 49 with value: 0.9119226777658795.[0m
[32m[I 2021-06-01 14:37:55,530][0m Trial 58 finished with value: 0.9118635973018081 and parameters: {'criterion': 'entropy', 'max_depth': None, 'max_features': 'auto', 'min_samples_leaf': 1, 'min_samples_split': 7, 'n_estimators': 10}. Best is trial 49 with value: 0.9119226777658795.[0m
[32m[I 2021-06-01 14:37:55,739][0m Trial 53 finished with value: 0.9095175014482569 and parameters: {'criterion': 'entropy', 'max_depth': 15, 'max_features': 'auto', 'min_samples_leaf': 1, 'min_samples_split': 8, 'n_estimators': 20}. Best is trial 49 with value: 0.9119226777658795.[0m
[32m[I 2021-06-01 14:37:57,439][0m Trial 57 finished with value: 0.9087109924372007 and parameters: {'criterion': 'entropy', 'max_depth': 10, 'max_features': 'auto', 'min_samples_leaf': 1, 'min_samples_split': 8, 'n_estimators': 10}. Best is trial 49 with value: 0.9119226777658795.[0m
[32m[I 2021-06-01 14:37:57,614][0m Trial 45 finished with value: 0.9098054145647213 and parameters: {'criterion': 'entropy', 'max_depth': None, 'max_features': 'auto', 'min_samples_leaf': 1, 'min_samples_split': 8, 'n_estimators': 45}. Best is trial 49 with value: 0.9119226777658795.[0m
[32m[I 2021-06-01 14:37:58,196][0m Trial 2 finished with value: 0.909222012058095 and parameters: {'criterion': 'entropy', 'max_depth': 45, 'max_features': 'auto', 'min_samples_leaf': 4, 'min_samples_split': 5, 'n_estimators': 140}. Best is trial 49 with value: 0.9119226777658795.[0m
[32m[I 2021-06-01 14:38:05,139][0m Trial 7 finished with value: 0.9115283060243662 and parameters: {'criterion': 'gini', 'max_depth': None, 'max_features': 'auto', 'min_samples_leaf': 1, 'min_samples_split': 2, 'n_estimators': 235}. Best is trial 49 with value: 0.9119226777658795.[0m
[32m[I 2021-06-01 14:38:08,733][0m Trial 10 finished with value: 0.909024760000932 and parameters: {'criterion': 'entropy', 'max_depth': 45, 'max_features': 'sqrt', 'min_samples_leaf': 4, 'min_samples_split': 4, 'n_estimators': 145}. Best is trial 49 with value: 0.9119226777658795.[0m
[32m[I 2021-06-01 14:38:10,896][0m Trial 47 finished with value: 0.910149533205162 and parameters: {'criterion': 'entropy', 'max_depth': None, 'max_features': 'auto', 'min_samples_leaf': 1, 'min_samples_split': 7, 'n_estimators': 50}. Best is trial 49 with value: 0.9119226777658795.[0m
[32m[I 2021-06-01 14:38:11,393][0m Trial 59 finished with value: 0.9111944535373476 and parameters: {'criterion': 'entropy', 'max_depth': None, 'max_features': 'auto', 'min_samples_leaf': 1, 'min_samples_split': 7, 'n_estimators': 20}. Best is trial 49 with value: 0.9119226777658795.[0m
[32m[I 2021-06-01 14:38:11,478][0m Trial 48 finished with value: 0.9094449971845606 and parameters: {'criterion': 'entropy', 'max_depth': None, 'max_features': 'auto', 'min_samples_leaf': 1, 'min_samples_split': 7, 'n_estimators': 50}. Best is trial 49 with value: 0.9119226777658795.[0m
[32m[I 2021-06-01 14:38:11,925][0m Trial 29 finished with value: 0.9084857025380779 and parameters: {'criterion': 'entropy', 'max_depth': 15, 'max_features': 'auto', 'min_samples_leaf': 7, 'min_samples_split': 6, 'n_estimators': 145}. Best is trial 49 with value: 0.9119226777658795.[0m
[32m[I 2021-06-01 14:38:13,420][0m Trial 31 finished with value: 0.9083738578024946 and parameters: {'criterion': 'entropy', 'max_depth': 40, 'max_features': 'sqrt', 'min_samples_leaf': 9, 'min_samples_split': 6, 'n_estimators': 140}. Best is trial 49 with value: 0.9119226777658795.[0m
[32m[I 2021-06-01 14:38:18,676][0m Trial 60 finished with value: 0.9096027132532724 and parameters: {'criterion': 'entropy', 'max_depth': 20, 'max_features': 'auto', 'min_samples_leaf': 1, 'min_samples_split': 9, 'n_estimators': 25}. Best is trial 49 with value: 0.9119226777658795.[0m
[32m[I 2021-06-01 14:38:19,498][0m Trial 63 finished with value: 0.9100858626650637 and parameters: {'criterion': 'entropy', 'max_depth': 20, 'max_features': 'auto', 'min_samples_leaf': 2, 'min_samples_split': 7, 'n_estimators': 25}. Best is trial 49 with value: 0.9119226777658795.[0m
[32m[I 2021-06-01 14:38:23,835][0m Trial 61 finished with value: 0.9106332176577017 and parameters: {'criterion': 'entropy', 'max_depth': 20, 'max_features': 'auto', 'min_samples_leaf': 1, 'min_samples_split': 7, 'n_estimators': 30}. Best is trial 49 with value: 0.9119226777658795.[0m
[32m[I 2021-06-01 14:38:25,154][0m Trial 64 finished with value: 0.9100970011132542 and parameters: {'criterion': 'entropy', 'max_depth': 20, 'max_features': 'auto', 'min_samples_leaf': 2, 'min_samples_split': 7, 'n_estimators': 30}. Best is trial 49 with value: 0.9119226777658795.[0m
[32m[I 2021-06-01 14:38:26,161][0m Trial 66 finished with value: 0.9100994131856813 and parameters: {'criterion': 'entropy', 'max_depth': 20, 'max_features': 'auto', 'min_samples_leaf': 2, 'min_samples_split': 7, 'n_estimators': 30}. Best is trial 49 with value: 0.9119226777658795.[0m
[32m[I 2021-06-01 14:38:30,684][0m Trial 65 finished with value: 0.9097227143349251 and parameters: {'criterion': 'entropy', 'max_depth': 20, 'max_features': 'auto', 'min_samples_leaf': 2, 'min_samples_split': 7, 'n_estimators': 35}. Best is trial 49 with value: 0.9119226777658795.[0m
[32m[I 2021-06-01 14:39:12,079][0m Trial 30 finished with value: 0.9083745161634672 and parameters: {'criterion': 'entropy', 'max_depth': 10, 'max_features': 'sqrt', 'min_samples_leaf': 5, 'min_samples_split': 4, 'n_estimators': 220}. Best is trial 49 with value: 0.9119226777658795.[0m
[32m[I 2021-06-01 14:39:17,965][0m Trial 20 finished with value: 0.9099094536546561 and parameters: {'criterion': 'entropy', 'max_depth': 30, 'max_features': 'sqrt', 'min_samples_leaf': 3, 'min_samples_split': 6, 'n_estimators': 220}. Best is trial 49 with value: 0.9119226777658795.[0m
[32m[I 2021-06-01 14:39:19,239][0m Trial 26 finished with value: 0.9083734580833325 and parameters: {'criterion': 'entropy', 'max_depth': 10, 'max_features': 'auto', 'min_samples_leaf': 6, 'min_samples_split': 2, 'n_estimators': 275}. Best is trial 49 with value: 0.9119226777658795.[0m
[32m[I 2021-06-01 14:39:20,214][0m Trial 9 finished with value: 0.9083675755530256 and parameters: {'criterion': 'entropy', 'max_depth': 30, 'max_features': 'auto', 'min_samples_leaf': 8, 'min_samples_split': 5, 'n_estimators': 260}. Best is trial 49 with value: 0.9119226777658795.[0m
[32m[I 2021-06-01 14:39:30,473][0m Trial 42 finished with value: 0.9098599456093724 and parameters: {'criterion': 'entropy', 'max_depth': None, 'max_features': 'log2', 'min_samples_leaf': 1, 'min_samples_split': 6, 'n_estimators': 280}. Best is trial 49 with value: 0.9119226777658795.[0m
[32m[I 2021-06-01 14:39:32,359][0m Trial 43 finished with value: 0.9096053899706182 and parameters: {'criterion': 'entropy', 'max_depth': None, 'max_features': 'log2', 'min_samples_leaf': 1, 'min_samples_split': 6, 'n_estimators': 275}. Best is trial 49 with value: 0.9119226777658795.[0m
[32m[I 2021-06-01 14:39:38,923][0m Trial 13 finished with value: 0.9084232176418711 and parameters: {'criterion': 'entropy', 'max_depth': 15, 'max_features': 'auto', 'min_samples_leaf': 6, 'min_samples_split': 2, 'n_estimators': 275}. Best is trial 49 with value: 0.9119226777658795.[0m
[32m[I 2021-06-01 14:39:47,968][0m Trial 44 finished with value: 0.9101818167273137 and parameters: {'criterion': 'entropy', 'max_depth': None, 'max_features': 'log2', 'min_samples_leaf': 1, 'min_samples_split': 6, 'n_estimators': 290}. Best is trial 49 with value: 0.9119226777658795.[0m
[32m[I 2021-06-01 14:39:52,698][0m Trial 67 finished with value: 0.9098295346249741 and parameters: {'criterion': 'entropy', 'max_depth': None, 'max_features': 'auto', 'min_samples_leaf': 2, 'min_samples_split': 7, 'n_estimators': 115}. Best is trial 49 with value: 0.9119226777658795.[0m
[32m[I 2021-06-01 14:39:57,253][0m Trial 24 finished with value: 0.9086102257730346 and parameters: {'criterion': 'entropy', 'max_depth': 25, 'max_features': 'sqrt', 'min_samples_leaf': 6, 'min_samples_split': 4, 'n_estimators': 290}. Best is trial 49 with value: 0.9119226777658795.[0m
[32m[I 2021-06-01 14:40:02,499][0m Trial 35 finished with value: 0.9102635652816409 and parameters: {'criterion': 'entropy', 'max_depth': 30, 'max_features': 'sqrt', 'min_samples_leaf': 1, 'min_samples_split': 7, 'n_estimators': 205}. Best is trial 49 with value: 0.9119226777658795.[0m
[32m[I 2021-06-01 14:40:02,793][0m Trial 88 finished with value: 0.9107127814458812 and parameters: {'criterion': 'entropy', 'max_depth': None, 'max_features': 'auto', 'min_samples_leaf': 2, 'min_samples_split': 9, 'n_estimators': 15}. Best is trial 49 with value: 0.9119226777658795.[0m
[32m[I 2021-06-01 14:40:05,022][0m Trial 5 finished with value: 0.9090975021639978 and parameters: {'criterion': 'entropy', 'max_depth': 35, 'max_features': 'sqrt', 'min_samples_leaf': 3, 'min_samples_split': 8, 'n_estimators': 275}. Best is trial 49 with value: 0.9119226777658795.[0m
[32m[I 2021-06-01 14:40:11,102][0m Trial 92 finished with value: 0.9109778323328491 and parameters: {'criterion': 'gini', 'max_depth': 35, 'max_features': 'auto', 'min_samples_leaf': 2, 'min_samples_split': 8, 'n_estimators': 15}. Best is trial 49 with value: 0.9119226777658795.[0m
[32m[I 2021-06-01 14:40:17,848][0m Trial 93 finished with value: 0.9098810602327585 and parameters: {'criterion': 'gini', 'max_depth': 35, 'max_features': 'auto', 'min_samples_leaf': 2, 'min_samples_split': 9, 'n_estimators': 15}. Best is trial 49 with value: 0.9119226777658795.[0m
[32m[I 2021-06-01 14:40:44,938][0m Trial 22 finished with value: 0.9101858280762853 and parameters: {'criterion': 'entropy', 'max_depth': 25, 'max_features': 'auto', 'min_samples_leaf': 2, 'min_samples_split': 4, 'n_estimators': 295}. Best is trial 49 with value: 0.9119226777658795.[0m
[32m[I 2021-06-01 14:41:02,869][0m Trial 85 finished with value: 0.909490161034206 and parameters: {'criterion': 'gini', 'max_depth': 35, 'max_features': 'auto', 'min_samples_leaf': 2, 'min_samples_split': 9, 'n_estimators': 190}. Best is trial 49 with value: 0.9119226777658795.[0m
[32m[I 2021-06-01 14:41:05,308][0m Trial 69 finished with value: 0.9094321804880808 and parameters: {'criterion': 'entropy', 'max_depth': 35, 'max_features': 'auto', 'min_samples_leaf': 2, 'min_samples_split': 9, 'n_estimators': 185}. Best is trial 49 with value: 0.9119226777658795.[0m
[32m[I 2021-06-01 14:41:09,848][0m Trial 86 finished with value: 0.9093212943133571 and parameters: {'criterion': 'gini', 'max_depth': 35, 'max_features': 'auto', 'min_samples_leaf': 2, 'min_samples_split': 9, 'n_estimators': 200}. Best is trial 49 with value: 0.9119226777658795.[0m
[32m[I 2021-06-01 14:41:11,978][0m Trial 87 finished with value: 0.9088736552838302 and parameters: {'criterion': 'gini', 'max_depth': None, 'max_features': 'auto', 'min_samples_leaf': 3, 'min_samples_split': 9, 'n_estimators': 195}. Best is trial 49 with value: 0.9119226777658795.[0m
[32m[I 2021-06-01 14:41:19,837][0m Trial 71 finished with value: 0.9103379136195094 and parameters: {'criterion': 'entropy', 'max_depth': 20, 'max_features': 'auto', 'min_samples_leaf': 2, 'min_samples_split': 6, 'n_estimators': 200}. Best is trial 49 with value: 0.9119226777658795.[0m
[32m[I 2021-06-01 14:41:21,691][0m Trial 97 finished with value: 0.9095032015912589 and parameters: {'criterion': 'gini', 'max_depth': 35, 'max_features': 'auto', 'min_samples_leaf': 3, 'min_samples_split': 8, 'n_estimators': 40}. Best is trial 49 with value: 0.9119226777658795.[0m
[32m[I 2021-06-01 14:41:21,778][0m Trial 100 finished with value: 0.9100986314052125 and parameters: {'criterion': 'gini', 'max_depth': None, 'max_features': 'auto', 'min_samples_leaf': 3, 'min_samples_split': 8, 'n_estimators': 20}. Best is trial 49 with value: 0.9119226777658795.[0m
[32m[I 2021-06-01 14:41:24,592][0m Trial 37 finished with value: 0.9095114516269961 and parameters: {'criterion': 'entropy', 'max_depth': None, 'max_features': 'auto', 'min_samples_leaf': 1, 'min_samples_split': 7, 'n_estimators': 285}. Best is trial 49 with value: 0.9119226777658795.[0m
[32m[I 2021-06-01 14:41:24,610][0m Trial 76 finished with value: 0.9094027971214942 and parameters: {'criterion': 'entropy', 'max_depth': 35, 'max_features': 'auto', 'min_samples_leaf': 2, 'min_samples_split': 7, 'n_estimators': 195}. Best is trial 49 with value: 0.9119226777658795.[0m
[32m[I 2021-06-01 14:41:26,855][0m Trial 75 finished with value: 0.9100602468679151 and parameters: {'criterion': 'entropy', 'max_depth': None, 'max_features': 'auto', 'min_samples_leaf': 2, 'min_samples_split': 7, 'n_estimators': 200}. Best is trial 49 with value: 0.9119226777658795.[0m
[32m[I 2021-06-01 14:41:29,205][0m Trial 78 finished with value: 0.9092421563149298 and parameters: {'criterion': 'entropy', 'max_depth': None, 'max_features': 'auto', 'min_samples_leaf': 2, 'min_samples_split': 9, 'n_estimators': 195}. Best is trial 49 with value: 0.9119226777658795.[0m
[32m[I 2021-06-01 14:41:31,985][0m Trial 104 finished with value: 0.9116142336692855 and parameters: {'criterion': 'gini', 'max_depth': None, 'max_features': 'auto', 'min_samples_leaf': 1, 'min_samples_split': 8, 'n_estimators': 10}. Best is trial 49 with value: 0.9119226777658795.[0m
[32m[I 2021-06-01 14:41:32,551][0m Trial 102 finished with value: 0.9108965269683417 and parameters: {'criterion': 'gini', 'max_depth': None, 'max_features': 'auto', 'min_samples_leaf': 1, 'min_samples_split': 8, 'n_estimators': 10}. Best is trial 49 with value: 0.9119226777658795.[0m
[32m[I 2021-06-01 14:41:33,602][0m Trial 79 finished with value: 0.9096289526735466 and parameters: {'criterion': 'entropy', 'max_depth': None, 'max_features': 'auto', 'min_samples_leaf': 2, 'min_samples_split': 9, 'n_estimators': 200}. Best is trial 49 with value: 0.9119226777658795.[0m
[32m[I 2021-06-01 14:41:35,164][0m Trial 91 finished with value: 0.9096110182276304 and parameters: {'criterion': 'gini', 'max_depth': 35, 'max_features': 'auto', 'min_samples_leaf': 2, 'min_samples_split': 9, 'n_estimators': 190}. Best is trial 49 with value: 0.9119226777658795.[0m
[32m[I 2021-06-01 14:41:38,101][0m Trial 108 finished with value: 0.9115622625356332 and parameters: {'criterion': 'gini', 'max_depth': None, 'max_features': 'auto', 'min_samples_leaf': 1, 'min_samples_split': 8, 'n_estimators': 10}. Best is trial 49 with value: 0.9119226777658795.[0m
[32m[I 2021-06-01 14:42:05,882][0m Trial 74 finished with value: 0.909062940288057 and parameters: {'criterion': 'entropy', 'max_depth': 20, 'max_features': 'auto', 'min_samples_leaf': 2, 'min_samples_split': 9, 'n_estimators': 245}. Best is trial 49 with value: 0.9119226777658795.[0m
[32m[I 2021-06-01 14:42:08,513][0m Trial 94 finished with value: 0.909657650319431 and parameters: {'criterion': 'gini', 'max_depth': 35, 'max_features': 'auto', 'min_samples_leaf': 2, 'min_samples_split': 9, 'n_estimators': 240}. Best is trial 49 with value: 0.9119226777658795.[0m
[32m[I 2021-06-01 14:42:10,420][0m Trial 112 finished with value: 0.9097949423468977 and parameters: {'criterion': 'gini', 'max_depth': None, 'max_features': 'auto', 'min_samples_leaf': 1, 'min_samples_split': 8, 'n_estimators': 60}. Best is trial 49 with value: 0.9119226777658795.[0m
[32m[I 2021-06-01 14:42:17,117][0m Trial 83 finished with value: 0.9098414240065298 and parameters: {'criterion': 'entropy', 'max_depth': None, 'max_features': 'auto', 'min_samples_leaf': 2, 'min_samples_split': 6, 'n_estimators': 180}. Best is trial 49 with value: 0.9119226777658795.[0m
[32m[I 2021-06-01 14:42:17,793][0m Trial 113 finished with value: 0.9103291315245704 and parameters: {'criterion': 'gini', 'max_depth': None, 'max_features': 'auto', 'min_samples_leaf': 1, 'min_samples_split': 8, 'n_estimators': 20}. Best is trial 49 with value: 0.9119226777658795.[0m
[32m[I 2021-06-01 14:42:18,779][0m Trial 95 finished with value: 0.909354455882643 and parameters: {'criterion': 'gini', 'max_depth': 35, 'max_features': 'auto', 'min_samples_leaf': 2, 'min_samples_split': 8, 'n_estimators': 245}. Best is trial 49 with value: 0.9119226777658795.[0m
[32m[I 2021-06-01 14:42:21,932][0m Trial 115 finished with value: 0.9105516620212333 and parameters: {'criterion': 'gini', 'max_depth': None, 'max_features': 'auto', 'min_samples_leaf': 1, 'min_samples_split': 8, 'n_estimators': 20}. Best is trial 49 with value: 0.9119226777658795.[0m
[32m[I 2021-06-01 14:42:25,406][0m Trial 118 finished with value: 0.9114157645881853 and parameters: {'criterion': 'gini', 'max_depth': None, 'max_features': 'auto', 'min_samples_leaf': 1, 'min_samples_split': 8, 'n_estimators': 10}. Best is trial 49 with value: 0.9119226777658795.[0m
[32m[I 2021-06-01 14:42:28,036][0m Trial 119 finished with value: 0.9113942661193409 and parameters: {'criterion': 'gini', 'max_depth': None, 'max_features': 'auto', 'min_samples_leaf': 1, 'min_samples_split': 8, 'n_estimators': 10}. Best is trial 49 with value: 0.9119226777658795.[0m
[32m[I 2021-06-01 14:42:28,891][0m Trial 116 finished with value: 0.9112726313854014 and parameters: {'criterion': 'gini', 'max_depth': None, 'max_features': 'auto', 'min_samples_leaf': 1, 'min_samples_split': 8, 'n_estimators': 20}. Best is trial 49 with value: 0.9119226777658795.[0m
[32m[I 2021-06-01 14:42:29,430][0m Trial 84 finished with value: 0.9095241013291109 and parameters: {'criterion': 'entropy', 'max_depth': None, 'max_features': 'auto', 'min_samples_leaf': 2, 'min_samples_split': 9, 'n_estimators': 195}. Best is trial 49 with value: 0.9119226777658795.[0m
[32m[I 2021-06-01 14:42:35,573][0m Trial 122 finished with value: 0.9113349587885236 and parameters: {'criterion': 'gini', 'max_depth': None, 'max_features': 'auto', 'min_samples_leaf': 1, 'min_samples_split': 8, 'n_estimators': 10}. Best is trial 49 with value: 0.9119226777658795.[0m
[32m[I 2021-06-01 14:42:35,985][0m Trial 70 finished with value: 0.9095462461658897 and parameters: {'criterion': 'entropy', 'max_depth': 20, 'max_features': 'auto', 'min_samples_leaf': 2, 'min_samples_split': 7, 'n_estimators': 280}. Best is trial 49 with value: 0.9119226777658795.[0m
[32m[I 2021-06-01 14:42:40,274][0m Trial 117 finished with value: 0.9098084182007746 and parameters: {'criterion': 'gini', 'max_depth': None, 'max_features': 'auto', 'min_samples_leaf': 1, 'min_samples_split': 8, 'n_estimators': 40}. Best is trial 49 with value: 0.9119226777658795.[0m
[32m[I 2021-06-01 14:42:44,806][0m Trial 114 finished with value: 0.9104328394457586 and parameters: {'criterion': 'gini', 'max_depth': None, 'max_features': 'auto', 'min_samples_leaf': 1, 'min_samples_split': 8, 'n_estimators': 60}. Best is trial 49 with value: 0.9119226777658795.[0m
[32m[I 2021-06-01 14:42:45,267][0m Trial 68 finished with value: 0.9094417316563593 and parameters: {'criterion': 'entropy', 'max_depth': 20, 'max_features': 'auto', 'min_samples_leaf': 2, 'min_samples_split': 7, 'n_estimators': 295}. Best is trial 49 with value: 0.9119226777658795.[0m
[32m[I 2021-06-01 14:42:45,908][0m Trial 62 finished with value: 0.9096235475895282 and parameters: {'criterion': 'entropy', 'max_depth': 20, 'max_features': 'auto', 'min_samples_leaf': 2, 'min_samples_split': 7, 'n_estimators': 300}. Best is trial 49 with value: 0.9119226777658795.[0m
[32m[I 2021-06-01 14:42:46,361][0m Trial 126 finished with value: 0.9109421518297534 and parameters: {'criterion': 'gini', 'max_depth': None, 'max_features': 'auto', 'min_samples_leaf': 1, 'min_samples_split': 8, 'n_estimators': 10}. Best is trial 49 with value: 0.9119226777658795.[0m
[32m[I 2021-06-01 14:42:46,732][0m Trial 72 finished with value: 0.908966824843152 and parameters: {'criterion': 'entropy', 'max_depth': 20, 'max_features': 'auto', 'min_samples_leaf': 2, 'min_samples_split': 9, 'n_estimators': 295}. Best is trial 49 with value: 0.9119226777658795.[0m
[32m[I 2021-06-01 14:42:47,454][0m Trial 121 finished with value: 0.9104683118780572 and parameters: {'criterion': 'gini', 'max_depth': None, 'max_features': 'auto', 'min_samples_leaf': 1, 'min_samples_split': 7, 'n_estimators': 35}. Best is trial 49 with value: 0.9119226777658795.[0m
[32m[I 2021-06-01 14:42:47,602][0m Trial 120 finished with value: 0.9097046600167815 and parameters: {'criterion': 'gini', 'max_depth': None, 'max_features': 'auto', 'min_samples_leaf': 1, 'min_samples_split': 8, 'n_estimators': 40}. Best is trial 49 with value: 0.9119226777658795.[0m
[32m[I 2021-06-01 14:42:48,937][0m Trial 96 finished with value: 0.9090052413104728 and parameters: {'criterion': 'gini', 'max_depth': 35, 'max_features': 'auto', 'min_samples_leaf': 3, 'min_samples_split': 8, 'n_estimators': 255}. Best is trial 49 with value: 0.9119226777658795.[0m
[32m[I 2021-06-01 14:42:51,971][0m Trial 80 finished with value: 0.9094287793981563 and parameters: {'criterion': 'entropy', 'max_depth': None, 'max_features': 'auto', 'min_samples_leaf': 2, 'min_samples_split': 9, 'n_estimators': 280}. Best is trial 49 with value: 0.9119226777658795.[0m
[32m[I 2021-06-01 14:42:52,418][0m Trial 134 finished with value: 0.9105194243655174 and parameters: {'criterion': 'gini', 'max_depth': 25, 'max_features': 'log2', 'min_samples_leaf': 1, 'min_samples_split': 8, 'n_estimators': 10}. Best is trial 49 with value: 0.9119226777658795.[0m
[32m[I 2021-06-01 14:42:52,583][0m Trial 128 finished with value: 0.9120815596786409 and parameters: {'criterion': 'gini', 'max_depth': None, 'max_features': 'auto', 'min_samples_leaf': 1, 'min_samples_split': 8, 'n_estimators': 10}. Best is trial 128 with value: 0.9120815596786409.[0m
[32m[I 2021-06-01 14:42:54,999][0m Trial 129 finished with value: 0.9118551178033437 and parameters: {'criterion': 'gini', 'max_depth': None, 'max_features': 'auto', 'min_samples_leaf': 1, 'min_samples_split': 8, 'n_estimators': 10}. Best is trial 128 with value: 0.9120815596786409.[0m
[32m[I 2021-06-01 14:42:55,098][0m Trial 124 finished with value: 0.9101118220955469 and parameters: {'criterion': 'gini', 'max_depth': None, 'max_features': 'auto', 'min_samples_leaf': 1, 'min_samples_split': 8, 'n_estimators': 35}. Best is trial 128 with value: 0.9120815596786409.[0m
[32m[I 2021-06-01 14:42:56,131][0m Trial 136 finished with value: 0.9138869812196881 and parameters: {'criterion': 'gini', 'max_depth': 45, 'max_features': 'log2', 'min_samples_leaf': 1, 'min_samples_split': 3, 'n_estimators': 10}. Best is trial 136 with value: 0.9138869812196881.[0m
[32m[I 2021-06-01 14:42:56,637][0m Trial 130 finished with value: 0.9098833175006364 and parameters: {'criterion': 'gini', 'max_depth': None, 'max_features': 'log2', 'min_samples_leaf': 1, 'min_samples_split': 8, 'n_estimators': 35}. Best is trial 136 with value: 0.9138869812196881.[0m
[32m[I 2021-06-01 14:42:59,535][0m Trial 73 finished with value: 0.9095333647764703 and parameters: {'criterion': 'entropy', 'max_depth': 20, 'max_features': 'auto', 'min_samples_leaf': 2, 'min_samples_split': 9, 'n_estimators': 300}. Best is trial 136 with value: 0.9138869812196881.[0m
[32m[I 2021-06-01 14:43:00,658][0m Trial 135 finished with value: 0.9139234933666023 and parameters: {'criterion': 'gini', 'max_depth': 45, 'max_features': 'log2', 'min_samples_leaf': 1, 'min_samples_split': 3, 'n_estimators': 10}. Best is trial 135 with value: 0.9139234933666023.[0m
[32m[I 2021-06-01 14:43:01,067][0m Trial 89 finished with value: 0.9095473852990986 and parameters: {'criterion': 'entropy', 'max_depth': None, 'max_features': 'auto', 'min_samples_leaf': 2, 'min_samples_split': 9, 'n_estimators': 200}. Best is trial 135 with value: 0.9139234933666023.[0m
[32m[I 2021-06-01 14:43:01,365][0m Trial 137 finished with value: 0.9118874641004153 and parameters: {'criterion': 'gini', 'max_depth': 45, 'max_features': 'log2', 'min_samples_leaf': 1, 'min_samples_split': 3, 'n_estimators': 25}. Best is trial 135 with value: 0.9139234933666023.[0m
[32m[I 2021-06-01 14:43:02,518][0m Trial 98 finished with value: 0.9092019698643927 and parameters: {'criterion': 'gini', 'max_depth': None, 'max_features': 'auto', 'min_samples_leaf': 3, 'min_samples_split': 8, 'n_estimators': 250}. Best is trial 135 with value: 0.9139234933666023.[0m
[32m[I 2021-06-01 14:43:02,788][0m Trial 125 finished with value: 0.9104383072914424 and parameters: {'criterion': 'gini', 'max_depth': None, 'max_features': 'auto', 'min_samples_leaf': 1, 'min_samples_split': 8, 'n_estimators': 40}. Best is trial 135 with value: 0.9139234933666023.[0m
[32m[I 2021-06-01 14:43:02,899][0m Trial 131 finished with value: 0.9095479677383445 and parameters: {'criterion': 'gini', 'max_depth': None, 'max_features': 'log2', 'min_samples_leaf': 1, 'min_samples_split': 8, 'n_estimators': 35}. Best is trial 135 with value: 0.9139234933666023.[0m
[32m[I 2021-06-01 14:43:03,197][0m Trial 99 finished with value: 0.9090905766118343 and parameters: {'criterion': 'gini', 'max_depth': None, 'max_features': 'auto', 'min_samples_leaf': 3, 'min_samples_split': 8, 'n_estimators': 245}. Best is trial 135 with value: 0.9139234933666023.[0m
[32m[I 2021-06-01 14:43:04,100][0m Trial 140 finished with value: 0.9114183940232288 and parameters: {'criterion': 'gini', 'max_depth': 45, 'max_features': 'log2', 'min_samples_leaf': 1, 'min_samples_split': 3, 'n_estimators': 25}. Best is trial 135 with value: 0.9139234933666023.[0m
[32m[I 2021-06-01 14:43:04,374][0m Trial 110 finished with value: 0.9099064422787835 and parameters: {'criterion': 'gini', 'max_depth': None, 'max_features': 'auto', 'min_samples_leaf': 1, 'min_samples_split': 8, 'n_estimators': 160}. Best is trial 135 with value: 0.9139234933666023.[0m
[32m[I 2021-06-01 14:43:04,624][0m Trial 141 finished with value: 0.9119446216017959 and parameters: {'criterion': 'gini', 'max_depth': 45, 'max_features': 'log2', 'min_samples_leaf': 1, 'min_samples_split': 3, 'n_estimators': 25}. Best is trial 135 with value: 0.9139234933666023.[0m
[32m[I 2021-06-01 14:43:04,620][0m Trial 77 finished with value: 0.9091986475223433 and parameters: {'criterion': 'entropy', 'max_depth': 35, 'max_features': 'auto', 'min_samples_leaf': 2, 'min_samples_split': 9, 'n_estimators': 300}. Best is trial 135 with value: 0.9139234933666023.[0m
[32m[I 2021-06-01 14:43:08,403][0m Trial 142 finished with value: 0.9123055365068218 and parameters: {'criterion': 'gini', 'max_depth': 45, 'max_features': 'log2', 'min_samples_leaf': 1, 'min_samples_split': 2, 'n_estimators': 25}. Best is trial 135 with value: 0.9139234933666023.[0m
[32m[I 2021-06-01 14:43:08,670][0m Trial 143 finished with value: 0.9124962494604363 and parameters: {'criterion': 'gini', 'max_depth': 45, 'max_features': 'log2', 'min_samples_leaf': 1, 'min_samples_split': 3, 'n_estimators': 25}. Best is trial 135 with value: 0.9139234933666023.[0m
[32m[I 2021-06-01 14:43:09,030][0m Trial 138 finished with value: 0.9099122598351185 and parameters: {'criterion': 'gini', 'max_depth': 45, 'max_features': 'auto', 'min_samples_leaf': 1, 'min_samples_split': 8, 'n_estimators': 25}. Best is trial 135 with value: 0.9139234933666023.[0m
[32m[I 2021-06-01 14:43:09,063][0m Trial 139 finished with value: 0.9105032627603629 and parameters: {'criterion': 'gini', 'max_depth': 45, 'max_features': 'auto', 'min_samples_leaf': 1, 'min_samples_split': 8, 'n_estimators': 25}. Best is trial 135 with value: 0.9139234933666023.[0m
[32m[I 2021-06-01 14:43:09,346][0m Trial 145 finished with value: 0.9116684117261318 and parameters: {'criterion': 'gini', 'max_depth': 45, 'max_features': 'log2', 'min_samples_leaf': 1, 'min_samples_split': 3, 'n_estimators': 25}. Best is trial 135 with value: 0.9139234933666023.[0m
[32m[I 2021-06-01 14:43:09,431][0m Trial 101 finished with value: 0.9091057538749888 and parameters: {'criterion': 'gini', 'max_depth': None, 'max_features': 'auto', 'min_samples_leaf': 3, 'min_samples_split': 8, 'n_estimators': 235}. Best is trial 135 with value: 0.9139234933666023.[0m
[32m[I 2021-06-01 14:43:10,865][0m Trial 147 finished with value: 0.9116226678623743 and parameters: {'criterion': 'gini', 'max_depth': 45, 'max_features': 'log2', 'min_samples_leaf': 1, 'min_samples_split': 3, 'n_estimators': 25}. Best is trial 135 with value: 0.9139234933666023.[0m
[32m[I 2021-06-01 14:43:10,917][0m Trial 146 finished with value: 0.912288730681718 and parameters: {'criterion': 'gini', 'max_depth': 45, 'max_features': 'log2', 'min_samples_leaf': 1, 'min_samples_split': 3, 'n_estimators': 25}. Best is trial 135 with value: 0.9139234933666023.[0m
[32m[I 2021-06-01 14:43:11,159][0m Trial 148 finished with value: 0.9123212579354911 and parameters: {'criterion': 'gini', 'max_depth': 45, 'max_features': 'log2', 'min_samples_leaf': 1, 'min_samples_split': 3, 'n_estimators': 25}. Best is trial 135 with value: 0.9139234933666023.[0m
[32m[I 2021-06-01 14:43:11,382][0m Trial 81 finished with value: 0.9096736229513157 and parameters: {'criterion': 'entropy', 'max_depth': None, 'max_features': 'auto', 'min_samples_leaf': 2, 'min_samples_split': 9, 'n_estimators': 250}. Best is trial 135 with value: 0.9139234933666023.[0m
[32m[I 2021-06-01 14:43:12,125][0m Trial 150 finished with value: 0.9112575852180207 and parameters: {'criterion': 'gini', 'max_depth': 45, 'max_features': 'log2', 'min_samples_leaf': 1, 'min_samples_split': 3, 'n_estimators': 25}. Best is trial 135 with value: 0.9139234933666023.[0m
[32m[I 2021-06-01 14:43:12,449][0m Trial 151 finished with value: 0.9118621160875625 and parameters: {'criterion': 'gini', 'max_depth': 45, 'max_features': 'log2', 'min_samples_leaf': 1, 'min_samples_split': 4, 'n_estimators': 25}. Best is trial 135 with value: 0.9139234933666023.[0m
[32m[I 2021-06-01 14:43:12,562][0m Trial 152 finished with value: 0.9114357397022064 and parameters: {'criterion': 'gini', 'max_depth': 45, 'max_features': 'log2', 'min_samples_leaf': 1, 'min_samples_split': 3, 'n_estimators': 25}. Best is trial 135 with value: 0.9139234933666023.[0m
[32m[I 2021-06-01 14:43:13,043][0m Trial 144 finished with value: 0.9116752514829557 and parameters: {'criterion': 'gini', 'max_depth': 45, 'max_features': 'log2', 'min_samples_leaf': 1, 'min_samples_split': 3, 'n_estimators': 25}. Best is trial 135 with value: 0.9139234933666023.[0m
[32m[I 2021-06-01 14:43:14,479][0m Trial 154 finished with value: 0.9127343312079341 and parameters: {'criterion': 'gini', 'max_depth': 45, 'max_features': 'log2', 'min_samples_leaf': 1, 'min_samples_split': 3, 'n_estimators': 15}. Best is trial 135 with value: 0.9139234933666023.[0m
[32m[I 2021-06-01 14:43:14,494][0m Trial 155 finished with value: 0.913317526831167 and parameters: {'criterion': 'gini', 'max_depth': 45, 'max_features': 'log2', 'min_samples_leaf': 1, 'min_samples_split': 3, 'n_estimators': 15}. Best is trial 135 with value: 0.9139234933666023.[0m
[32m[I 2021-06-01 14:43:14,630][0m Trial 156 finished with value: 0.9132018110901343 and parameters: {'criterion': 'gini', 'max_depth': 45, 'max_features': 'log2', 'min_samples_leaf': 1, 'min_samples_split': 3, 'n_estimators': 15}. Best is trial 135 with value: 0.9139234933666023.[0m
[32m[I 2021-06-01 14:43:16,703][0m Trial 153 finished with value: 0.9122022380536642 and parameters: {'criterion': 'gini', 'max_depth': 45, 'max_features': 'log2', 'min_samples_leaf': 1, 'min_samples_split': 3, 'n_estimators': 25}. Best is trial 135 with value: 0.9139234933666023.[0m
[32m[I 2021-06-01 14:43:19,856][0m Trial 168 finished with value: 0.912418212357785 and parameters: {'criterion': 'gini', 'max_depth': 45, 'max_features': 'log2', 'min_samples_leaf': 1, 'min_samples_split': 4, 'n_estimators': 15}. Best is trial 135 with value: 0.9139234933666023.[0m
[32m[I 2021-06-01 14:43:19,929][0m Trial 170 finished with value: 0.9127081566294919 and parameters: {'criterion': 'gini', 'max_depth': 45, 'max_features': 'log2', 'min_samples_leaf': 1, 'min_samples_split': 4, 'n_estimators': 15}. Best is trial 135 with value: 0.9139234933666023.[0m
[32m[I 2021-06-01 14:43:20,044][0m Trial 157 finished with value: 0.9129383516370003 and parameters: {'criterion': 'gini', 'max_depth': 45, 'max_features': 'log2', 'min_samples_leaf': 1, 'min_samples_split': 3, 'n_estimators': 15}. Best is trial 135 with value: 0.9139234933666023.[0m
[32m[I 2021-06-01 14:43:20,489][0m Trial 158 finished with value: 0.9112400898293138 and parameters: {'criterion': 'gini', 'max_depth': 45, 'max_features': 'log2', 'min_samples_leaf': 1, 'min_samples_split': 3, 'n_estimators': 30}. Best is trial 135 with value: 0.9139234933666023.[0m
[32m[I 2021-06-01 14:43:21,297][0m Trial 159 finished with value: 0.911354086817318 and parameters: {'criterion': 'gini', 'max_depth': 45, 'max_features': 'log2', 'min_samples_leaf': 1, 'min_samples_split': 3, 'n_estimators': 30}. Best is trial 135 with value: 0.9139234933666023.[0m
[32m[I 2021-06-01 14:43:21,741][0m Trial 160 finished with value: 0.9119991215337659 and parameters: {'criterion': 'gini', 'max_depth': 45, 'max_features': 'log2', 'min_samples_leaf': 1, 'min_samples_split': 3, 'n_estimators': 30}. Best is trial 135 with value: 0.9139234933666023.[0m
[32m[I 2021-06-01 14:43:24,015][0m Trial 172 finished with value: 0.9083995541484956 and parameters: {'criterion': 'gini', 'max_depth': 45, 'max_features': 'log2', 'min_samples_leaf': 7, 'min_samples_split': 2, 'n_estimators': 15}. Best is trial 135 with value: 0.9139234933666023.[0m
[32m[I 2021-06-01 14:43:24,939][0m Trial 163 finished with value: 0.9085670116831335 and parameters: {'criterion': 'gini', 'max_depth': 45, 'max_features': 'log2', 'min_samples_leaf': 5, 'min_samples_split': 2, 'n_estimators': 30}. Best is trial 135 with value: 0.9139234933666023.[0m
[32m[I 2021-06-01 14:43:26,082][0m Trial 177 finished with value: 0.9092980566542959 and parameters: {'criterion': 'gini', 'max_depth': 45, 'max_features': 'log2', 'min_samples_leaf': 5, 'min_samples_split': 2, 'n_estimators': 15}. Best is trial 135 with value: 0.9139234933666023.[0m
[32m[I 2021-06-01 14:43:26,977][0m Trial 166 finished with value: 0.9108650958372804 and parameters: {'criterion': 'gini', 'max_depth': 45, 'max_features': 'log2', 'min_samples_leaf': 1, 'min_samples_split': 4, 'n_estimators': 45}. Best is trial 135 with value: 0.9139234933666023.[0m
[32m[I 2021-06-01 14:43:27,681][0m Trial 161 finished with value: 0.9107294390486731 and parameters: {'criterion': 'gini', 'max_depth': 45, 'max_features': 'log2', 'min_samples_leaf': 1, 'min_samples_split': 4, 'n_estimators': 50}. Best is trial 135 with value: 0.9139234933666023.[0m
[32m[I 2021-06-01 14:43:27,820][0m Trial 103 finished with value: 0.9099409663118291 and parameters: {'criterion': 'gini', 'max_depth': None, 'max_features': 'auto', 'min_samples_leaf': 1, 'min_samples_split': 7, 'n_estimators': 235}. Best is trial 135 with value: 0.9139234933666023.[0m
[32m[I 2021-06-01 14:43:29,153][0m Trial 164 finished with value: 0.9104113873103664 and parameters: {'criterion': 'gini', 'max_depth': 45, 'max_features': 'log2', 'min_samples_leaf': 1, 'min_samples_split': 4, 'n_estimators': 55}. Best is trial 135 with value: 0.9139234933666023.[0m
[32m[I 2021-06-01 14:43:29,370][0m Trial 165 finished with value: 0.9107862896806924 and parameters: {'criterion': 'gini', 'max_depth': 45, 'max_features': 'log2', 'min_samples_leaf': 1, 'min_samples_split': 4, 'n_estimators': 55}. Best is trial 135 with value: 0.9139234933666023.[0m
[32m[I 2021-06-01 14:43:29,988][0m Trial 167 finished with value: 0.9111992585856903 and parameters: {'criterion': 'gini', 'max_depth': 45, 'max_features': 'log2', 'min_samples_leaf': 1, 'min_samples_split': 4, 'n_estimators': 50}. Best is trial 135 with value: 0.9139234933666023.[0m
[32m[I 2021-06-01 14:43:30,250][0m Trial 169 finished with value: 0.9111522793884491 and parameters: {'criterion': 'gini', 'max_depth': 45, 'max_features': 'log2', 'min_samples_leaf': 1, 'min_samples_split': 4, 'n_estimators': 50}. Best is trial 135 with value: 0.9139234933666023.[0m
[32m[I 2021-06-01 14:43:32,031][0m Trial 171 finished with value: 0.9128717661290973 and parameters: {'criterion': 'gini', 'max_depth': 45, 'max_features': 'log2', 'min_samples_leaf': 1, 'min_samples_split': 2, 'n_estimators': 50}. Best is trial 135 with value: 0.9139234933666023.[0m
[32m[I 2021-06-01 14:43:32,450][0m Trial 133 finished with value: 0.9092227943754605 and parameters: {'criterion': 'gini', 'max_depth': 25, 'max_features': 'log2', 'min_samples_leaf': 1, 'min_samples_split': 8, 'n_estimators': 160}. Best is trial 135 with value: 0.9139234933666023.[0m
[32m[I 2021-06-01 14:43:32,772][0m Trial 176 finished with value: 0.9083676268861455 and parameters: {'criterion': 'gini', 'max_depth': 45, 'max_features': 'log2', 'min_samples_leaf': 7, 'min_samples_split': 2, 'n_estimators': 50}. Best is trial 135 with value: 0.9139234933666023.[0m
[32m[I 2021-06-01 14:43:33,009][0m Trial 132 finished with value: 0.909353414311829 and parameters: {'criterion': 'gini', 'max_depth': 45, 'max_features': 'log2', 'min_samples_leaf': 1, 'min_samples_split': 8, 'n_estimators': 160}. Best is trial 135 with value: 0.9139234933666023.[0m
[32m[I 2021-06-01 14:43:33,020][0m Trial 182 finished with value: 0.9129327723485072 and parameters: {'criterion': 'gini', 'max_depth': 45, 'max_features': 'log2', 'min_samples_leaf': 1, 'min_samples_split': 3, 'n_estimators': 15}. Best is trial 135 with value: 0.9139234933666023.[0m
[32m[I 2021-06-01 14:43:33,799][0m Trial 162 finished with value: 0.9119370769503898 and parameters: {'criterion': 'gini', 'max_depth': 45, 'max_features': 'log2', 'min_samples_leaf': 1, 'min_samples_split': 2, 'n_estimators': 50}. Best is trial 135 with value: 0.9139234933666023.[0m
[32m[I 2021-06-01 14:43:33,807][0m Trial 181 finished with value: 0.9125718383959581 and parameters: {'criterion': 'gini', 'max_depth': 45, 'max_features': 'log2', 'min_samples_leaf': 1, 'min_samples_split': 3, 'n_estimators': 20}. Best is trial 135 with value: 0.9139234933666023.[0m
[32m[I 2021-06-01 14:43:34,867][0m Trial 105 finished with value: 0.9097557396793576 and parameters: {'criterion': 'gini', 'max_depth': None, 'max_features': 'auto', 'min_samples_leaf': 1, 'min_samples_split': 8, 'n_estimators': 240}. Best is trial 135 with value: 0.9139234933666023.[0m
[32m[I 2021-06-01 14:43:35,289][0m Trial 185 finished with value: 0.9129075658721681 and parameters: {'criterion': 'gini', 'max_depth': 45, 'max_features': 'log2', 'min_samples_leaf': 1, 'min_samples_split': 3, 'n_estimators': 15}. Best is trial 135 with value: 0.9139234933666023.[0m
[32m[I 2021-06-01 14:43:35,428][0m Trial 173 finished with value: 0.9121172764881897 and parameters: {'criterion': 'gini', 'max_depth': 45, 'max_features': 'log2', 'min_samples_leaf': 1, 'min_samples_split': 2, 'n_estimators': 50}. Best is trial 135 with value: 0.9139234933666023.[0m
[32m[I 2021-06-01 14:43:35,729][0m Trial 175 finished with value: 0.9125855250425818 and parameters: {'criterion': 'gini', 'max_depth': 45, 'max_features': 'log2', 'min_samples_leaf': 1, 'min_samples_split': 2, 'n_estimators': 50}. Best is trial 135 with value: 0.9139234933666023.[0m
[32m[I 2021-06-01 14:43:35,794][0m Trial 184 finished with value: 0.9131001908636275 and parameters: {'criterion': 'gini', 'max_depth': 45, 'max_features': 'log2', 'min_samples_leaf': 1, 'min_samples_split': 3, 'n_estimators': 20}. Best is trial 135 with value: 0.9139234933666023.[0m
[32m[I 2021-06-01 14:43:35,796][0m Trial 174 finished with value: 0.9121130976378657 and parameters: {'criterion': 'gini', 'max_depth': 45, 'max_features': 'log2', 'min_samples_leaf': 1, 'min_samples_split': 2, 'n_estimators': 50}. Best is trial 135 with value: 0.9139234933666023.[0m
[32m[I 2021-06-01 14:43:36,891][0m Trial 186 finished with value: 0.9123141751979157 and parameters: {'criterion': 'gini', 'max_depth': 45, 'max_features': 'log2', 'min_samples_leaf': 1, 'min_samples_split': 3, 'n_estimators': 20}. Best is trial 135 with value: 0.9139234933666023.[0m
[32m[I 2021-06-01 14:43:37,423][0m Trial 178 finished with value: 0.9109612325052876 and parameters: {'criterion': 'gini', 'max_depth': 45, 'max_features': 'log2', 'min_samples_leaf': 1, 'min_samples_split': 4, 'n_estimators': 45}. Best is trial 135 with value: 0.9139234933666023.[0m
[32m[I 2021-06-01 14:43:38,060][0m Trial 183 finished with value: 0.9127473073999408 and parameters: {'criterion': 'gini', 'max_depth': 45, 'max_features': 'log2', 'min_samples_leaf': 1, 'min_samples_split': 3, 'n_estimators': 15}. Best is trial 135 with value: 0.9139234933666023.[0m
[32m[I 2021-06-01 14:43:38,270][0m Trial 190 finished with value: 0.9124220485259545 and parameters: {'criterion': 'gini', 'max_depth': 45, 'max_features': 'log2', 'min_samples_leaf': 1, 'min_samples_split': 3, 'n_estimators': 15}. Best is trial 135 with value: 0.9139234933666023.[0m
[32m[I 2021-06-01 14:43:38,810][0m Trial 187 finished with value: 0.9130457537069917 and parameters: {'criterion': 'gini', 'max_depth': 45, 'max_features': 'log2', 'min_samples_leaf': 1, 'min_samples_split': 3, 'n_estimators': 20}. Best is trial 135 with value: 0.9139234933666023.[0m
[32m[I 2021-06-01 14:43:39,093][0m Trial 192 finished with value: 0.9128292346693044 and parameters: {'criterion': 'gini', 'max_depth': 45, 'max_features': 'log2', 'min_samples_leaf': 1, 'min_samples_split': 3, 'n_estimators': 15}. Best is trial 135 with value: 0.9139234933666023.[0m
[32m[I 2021-06-01 14:43:39,109][0m Trial 193 finished with value: 0.9130745692494205 and parameters: {'criterion': 'gini', 'max_depth': 45, 'max_features': 'log2', 'min_samples_leaf': 1, 'min_samples_split': 3, 'n_estimators': 15}. Best is trial 135 with value: 0.9139234933666023.[0m
[32m[I 2021-06-01 14:43:39,496][0m Trial 189 finished with value: 0.9124466966983661 and parameters: {'criterion': 'gini', 'max_depth': 45, 'max_features': 'log2', 'min_samples_leaf': 1, 'min_samples_split': 3, 'n_estimators': 20}. Best is trial 135 with value: 0.9139234933666023.[0m
[32m[I 2021-06-01 14:43:39,674][0m Trial 180 finished with value: 0.9109637271516334 and parameters: {'criterion': 'gini', 'max_depth': 45, 'max_features': 'log2', 'min_samples_leaf': 1, 'min_samples_split': 4, 'n_estimators': 45}. Best is trial 135 with value: 0.9139234933666023.[0m
[32m[I 2021-06-01 14:43:39,856][0m Trial 179 finished with value: 0.9107316246976239 and parameters: {'criterion': 'gini', 'max_depth': 45, 'max_features': 'log2', 'min_samples_leaf': 1, 'min_samples_split': 4, 'n_estimators': 50}. Best is trial 135 with value: 0.9139234933666023.[0m
[32m[I 2021-06-01 14:43:40,588][0m Trial 195 finished with value: 0.9133039258137557 and parameters: {'criterion': 'gini', 'max_depth': 45, 'max_features': 'log2', 'min_samples_leaf': 1, 'min_samples_split': 3, 'n_estimators': 15}. Best is trial 135 with value: 0.9139234933666023.[0m
[32m[I 2021-06-01 14:43:40,691][0m Trial 196 finished with value: 0.91292753311699 and parameters: {'criterion': 'gini', 'max_depth': 45, 'max_features': 'log2', 'min_samples_leaf': 1, 'min_samples_split': 3, 'n_estimators': 15}. Best is trial 135 with value: 0.9139234933666023.[0m
[32m[I 2021-06-01 14:43:40,741][0m Trial 201 finished with value: 0.9083737637509269 and parameters: {'criterion': 'gini', 'max_depth': 5, 'max_features': 'log2', 'min_samples_leaf': 1, 'min_samples_split': 3, 'n_estimators': 15}. Best is trial 135 with value: 0.9139234933666023.[0m
[32m[I 2021-06-01 14:43:41,089][0m Trial 106 finished with value: 0.9098419366138122 and parameters: {'criterion': 'gini', 'max_depth': None, 'max_features': 'auto', 'min_samples_leaf': 1, 'min_samples_split': 8, 'n_estimators': 240}. Best is trial 135 with value: 0.9139234933666023.[0m
[32m[I 2021-06-01 14:43:41,093][0m Trial 197 finished with value: 0.913594311722955 and parameters: {'criterion': 'gini', 'max_depth': 45, 'max_features': 'log2', 'min_samples_leaf': 1, 'min_samples_split': 3, 'n_estimators': 15}. Best is trial 135 with value: 0.9139234933666023.[0m
[32m[I 2021-06-01 14:43:41,176][0m Trial 198 finished with value: 0.9132263104993352 and parameters: {'criterion': 'gini', 'max_depth': 45, 'max_features': 'log2', 'min_samples_leaf': 1, 'min_samples_split': 3, 'n_estimators': 15}. Best is trial 135 with value: 0.9139234933666023.[0m
[32m[I 2021-06-01 14:43:41,202][0m Trial 202 finished with value: 0.9083747512923861 and parameters: {'criterion': 'gini', 'max_depth': 5, 'max_features': 'log2', 'min_samples_leaf': 1, 'min_samples_split': 3, 'n_estimators': 15}. Best is trial 135 with value: 0.9139234933666023.[0m
[32m[I 2021-06-01 14:43:41,919][0m Trial 205 finished with value: 0.9083737402380351 and parameters: {'criterion': 'gini', 'max_depth': 5, 'max_features': 'log2', 'min_samples_leaf': 1, 'min_samples_split': 3, 'n_estimators': 15}. Best is trial 135 with value: 0.9139234933666023.[0m
[32m[I 2021-06-01 14:43:42,123][0m Trial 199 finished with value: 0.9135121670144585 and parameters: {'criterion': 'gini', 'max_depth': 45, 'max_features': 'log2', 'min_samples_leaf': 1, 'min_samples_split': 3, 'n_estimators': 15}. Best is trial 135 with value: 0.9139234933666023.[0m
[32m[I 2021-06-01 14:43:42,391][0m Trial 109 finished with value: 0.9097166455841533 and parameters: {'criterion': 'gini', 'max_depth': None, 'max_features': 'auto', 'min_samples_leaf': 1, 'min_samples_split': 8, 'n_estimators': 240}. Best is trial 135 with value: 0.9139234933666023.[0m
[32m[I 2021-06-01 14:43:42,460][0m Trial 207 finished with value: 0.9083738578024946 and parameters: {'criterion': 'gini', 'max_depth': 5, 'max_features': 'log2', 'min_samples_leaf': 1, 'min_samples_split': 3, 'n_estimators': 15}. Best is trial 135 with value: 0.9139234933666023.[0m
[32m[I 2021-06-01 14:43:42,656][0m Trial 191 finished with value: 0.9083737872638189 and parameters: {'criterion': 'gini', 'max_depth': 5, 'max_features': 'log2', 'min_samples_leaf': 1, 'min_samples_split': 3, 'n_estimators': 15}. Best is trial 135 with value: 0.9139234933666023.[0m
[32m[I 2021-06-01 14:43:42,660][0m Trial 200 finished with value: 0.912893812487504 and parameters: {'criterion': 'gini', 'max_depth': 45, 'max_features': 'log2', 'min_samples_leaf': 1, 'min_samples_split': 3, 'n_estimators': 15}. Best is trial 135 with value: 0.9139234933666023.[0m
[32m[I 2021-06-01 14:43:43,956][0m Trial 82 finished with value: 0.9093299844052478 and parameters: {'criterion': 'entropy', 'max_depth': None, 'max_features': 'auto', 'min_samples_leaf': 2, 'min_samples_split': 9, 'n_estimators': 275}. Best is trial 135 with value: 0.9139234933666023.[0m
[32m[I 2021-06-01 14:43:44,031][0m Trial 206 finished with value: 0.910251830276159 and parameters: {'criterion': 'gini', 'max_depth': 15, 'max_features': 'log2', 'min_samples_leaf': 1, 'min_samples_split': 3, 'n_estimators': 15}. Best is trial 135 with value: 0.9139234933666023.[0m
[32m[I 2021-06-01 14:43:44,922][0m Trial 188 finished with value: 0.9120485578384555 and parameters: {'criterion': 'gini', 'max_depth': 45, 'max_features': 'log2', 'min_samples_leaf': 1, 'min_samples_split': 3, 'n_estimators': 20}. Best is trial 135 with value: 0.9139234933666023.[0m
[32m[I 2021-06-01 14:43:45,643][0m Trial 216 finished with value: 0.9105867187215001 and parameters: {'criterion': 'gini', 'max_depth': 15, 'max_features': 'log2', 'min_samples_leaf': 1, 'min_samples_split': 3, 'n_estimators': 10}. Best is trial 135 with value: 0.9139234933666023.[0m
[32m[I 2021-06-01 14:43:45,753][0m Trial 214 finished with value: 0.9102453591124979 and parameters: {'criterion': 'gini', 'max_depth': 15, 'max_features': 'log2', 'min_samples_leaf': 1, 'min_samples_split': 3, 'n_estimators': 15}. Best is trial 135 with value: 0.9139234933666023.[0m
[32m[I 2021-06-01 14:43:45,892][0m Trial 209 finished with value: 0.9125511096462342 and parameters: {'criterion': 'gini', 'max_depth': 45, 'max_features': 'log2', 'min_samples_leaf': 1, 'min_samples_split': 3, 'n_estimators': 15}. Best is trial 135 with value: 0.9139234933666023.[0m
[32m[I 2021-06-01 14:43:46,515][0m Trial 212 finished with value: 0.9123629062330577 and parameters: {'criterion': 'gini', 'max_depth': 40, 'max_features': 'log2', 'min_samples_leaf': 1, 'min_samples_split': 3, 'n_estimators': 15}. Best is trial 135 with value: 0.9139234933666023.[0m
[32m[I 2021-06-01 14:43:46,525][0m Trial 213 finished with value: 0.9123221737203645 and parameters: {'criterion': 'gini', 'max_depth': 40, 'max_features': 'log2', 'min_samples_leaf': 1, 'min_samples_split': 3, 'n_estimators': 15}. Best is trial 135 with value: 0.9139234933666023.[0m
[32m[I 2021-06-01 14:43:46,678][0m Trial 211 finished with value: 0.910285605577565 and parameters: {'criterion': 'gini', 'max_depth': 15, 'max_features': 'log2', 'min_samples_leaf': 1, 'min_samples_split': 3, 'n_estimators': 15}. Best is trial 135 with value: 0.9139234933666023.[0m
[32m[I 2021-06-01 14:43:46,931][0m Trial 194 finished with value: 0.9126954104134619 and parameters: {'criterion': 'gini', 'max_depth': 45, 'max_features': 'log2', 'min_samples_leaf': 1, 'min_samples_split': 3, 'n_estimators': 15}. Best is trial 135 with value: 0.9139234933666023.[0m
[32m[I 2021-06-01 14:43:48,440][0m Trial 218 finished with value: 0.9137359188328068 and parameters: {'criterion': 'gini', 'max_depth': 45, 'max_features': 'log2', 'min_samples_leaf': 1, 'min_samples_split': 3, 'n_estimators': 10}. Best is trial 135 with value: 0.9139234933666023.[0m
[32m[I 2021-06-01 14:43:49,389][0m Trial 220 finished with value: 0.9146550735006576 and parameters: {'criterion': 'gini', 'max_depth': 45, 'max_features': 'log2', 'min_samples_leaf': 1, 'min_samples_split': 3, 'n_estimators': 10}. Best is trial 220 with value: 0.9146550735006576.[0m
[32m[I 2021-06-01 14:43:49,564][0m Trial 219 finished with value: 0.9137892700316049 and parameters: {'criterion': 'gini', 'max_depth': 45, 'max_features': 'log2', 'min_samples_leaf': 1, 'min_samples_split': 3, 'n_estimators': 10}. Best is trial 220 with value: 0.9146550735006576.[0m
[32m[I 2021-06-01 14:43:49,629][0m Trial 221 finished with value: 0.9149209508315035 and parameters: {'criterion': 'gini', 'max_depth': 40, 'max_features': 'log2', 'min_samples_leaf': 1, 'min_samples_split': 3, 'n_estimators': 10}. Best is trial 221 with value: 0.9149209508315035.[0m
[32m[I 2021-06-01 14:43:50,091][0m Trial 223 finished with value: 0.9132466894195606 and parameters: {'criterion': 'gini', 'max_depth': 45, 'max_features': 'log2', 'min_samples_leaf': 1, 'min_samples_split': 3, 'n_estimators': 10}. Best is trial 221 with value: 0.9149209508315035.[0m
[32m[I 2021-06-01 14:43:50,205][0m Trial 208 finished with value: 0.9083741634700889 and parameters: {'criterion': 'gini', 'max_depth': 5, 'max_features': 'log2', 'min_samples_leaf': 1, 'min_samples_split': 3, 'n_estimators': 85}. Best is trial 221 with value: 0.9149209508315035.[0m
[32m[I 2021-06-01 14:43:50,213][0m Trial 224 finished with value: 0.9141075521437954 and parameters: {'criterion': 'gini', 'max_depth': 45, 'max_features': 'log2', 'min_samples_leaf': 1, 'min_samples_split': 3, 'n_estimators': 10}. Best is trial 221 with value: 0.9149209508315035.[0m
[32m[I 2021-06-01 14:43:50,746][0m Trial 107 finished with value: 0.9097294655524568 and parameters: {'criterion': 'gini', 'max_depth': None, 'max_features': 'auto', 'min_samples_leaf': 1, 'min_samples_split': 8, 'n_estimators': 250}. Best is trial 221 with value: 0.9149209508315035.[0m
[32m[I 2021-06-01 14:43:51,187][0m Trial 222 finished with value: 0.9144582603209722 and parameters: {'criterion': 'gini', 'max_depth': 45, 'max_features': 'log2', 'min_samples_leaf': 1, 'min_samples_split': 3, 'n_estimators': 10}. Best is trial 221 with value: 0.9149209508315035.[0m
[32m[I 2021-06-01 14:43:51,894][0m Trial 225 finished with value: 0.9134934497348475 and parameters: {'criterion': 'gini', 'max_depth': 45, 'max_features': 'log2', 'min_samples_leaf': 1, 'min_samples_split': 3, 'n_estimators': 10}. Best is trial 221 with value: 0.9149209508315035.[0m
[32m[I 2021-06-01 14:43:53,458][0m Trial 123 finished with value: 0.9099755862052887 and parameters: {'criterion': 'gini', 'max_depth': None, 'max_features': 'auto', 'min_samples_leaf': 1, 'min_samples_split': 8, 'n_estimators': 155}. Best is trial 221 with value: 0.9149209508315035.[0m
[32m[I 2021-06-01 14:43:53,461][0m Trial 217 finished with value: 0.9143793151886852 and parameters: {'criterion': 'gini', 'max_depth': 45, 'max_features': 'log2', 'min_samples_leaf': 1, 'min_samples_split': 3, 'n_estimators': 10}. Best is trial 221 with value: 0.9149209508315035.[0m
[32m[I 2021-06-01 14:43:53,483][0m Trial 226 finished with value: 0.9142068084427837 and parameters: {'criterion': 'gini', 'max_depth': 40, 'max_features': 'log2', 'min_samples_leaf': 1, 'min_samples_split': 3, 'n_estimators': 10}. Best is trial 221 with value: 0.9149209508315035.[0m
[32m[I 2021-06-01 14:43:53,591][0m Trial 149 finished with value: 0.9104856928771687 and parameters: {'criterion': 'gini', 'max_depth': 45, 'max_features': 'log2', 'min_samples_leaf': 1, 'min_samples_split': 3, 'n_estimators': 160}. Best is trial 221 with value: 0.9149209508315035.[0m
[32m[I 2021-06-01 14:43:53,595][0m Trial 228 finished with value: 0.9148284397404657 and parameters: {'criterion': 'gini', 'max_depth': 40, 'max_features': 'log2', 'min_samples_leaf': 1, 'min_samples_split': 3, 'n_estimators': 10}. Best is trial 221 with value: 0.9149209508315035.[0m
[32m[I 2021-06-01 14:43:53,978][0m Trial 227 finished with value: 0.9150887222791914 and parameters: {'criterion': 'gini', 'max_depth': 40, 'max_features': 'log2', 'min_samples_leaf': 1, 'min_samples_split': 3, 'n_estimators': 10}. Best is trial 227 with value: 0.9150887222791914.[0m
[32m[I 2021-06-01 14:43:55,428][0m Trial 203 finished with value: 0.90932918054193 and parameters: {'criterion': 'gini', 'max_depth': 15, 'max_features': 'log2', 'min_samples_leaf': 1, 'min_samples_split': 3, 'n_estimators': 75}. Best is trial 227 with value: 0.9150887222791914.[0m
[32m[I 2021-06-01 14:43:55,855][0m Trial 111 finished with value: 0.9101871301630554 and parameters: {'criterion': 'gini', 'max_depth': None, 'max_features': 'auto', 'min_samples_leaf': 1, 'min_samples_split': 8, 'n_estimators': 250}. Best is trial 227 with value: 0.9150887222791914.[0m
[32m[I 2021-06-01 14:43:57,080][0m Trial 231 finished with value: 0.9149348211498708 and parameters: {'criterion': 'gini', 'max_depth': 40, 'max_features': 'sqrt', 'min_samples_leaf': 1, 'min_samples_split': 3, 'n_estimators': 10}. Best is trial 227 with value: 0.9150887222791914.[0m
[32m[I 2021-06-01 14:43:57,305][0m Trial 230 finished with value: 0.9143815508873375 and parameters: {'criterion': 'gini', 'max_depth': 40, 'max_features': 'sqrt', 'min_samples_leaf': 1, 'min_samples_split': 3, 'n_estimators': 10}. Best is trial 227 with value: 0.9150887222791914.[0m
[32m[I 2021-06-01 14:43:57,648][0m Trial 90 finished with value: 0.909133343781394 and parameters: {'criterion': 'entropy', 'max_depth': 35, 'max_features': 'auto', 'min_samples_leaf': 2, 'min_samples_split': 9, 'n_estimators': 250}. Best is trial 227 with value: 0.9150887222791914.[0m
[32m[I 2021-06-01 14:43:59,439][0m Trial 204 finished with value: 0.9111078919528726 and parameters: {'criterion': 'gini', 'max_depth': 45, 'max_features': 'log2', 'min_samples_leaf': 1, 'min_samples_split': 3, 'n_estimators': 70}. Best is trial 227 with value: 0.9150887222791914.[0m
[32m[I 2021-06-01 14:43:59,611][0m Trial 215 finished with value: 0.9092659245654519 and parameters: {'criterion': 'gini', 'max_depth': 15, 'max_features': 'log2', 'min_samples_leaf': 1, 'min_samples_split': 3, 'n_estimators': 85}. Best is trial 227 with value: 0.9150887222791914.[0m
[32m[I 2021-06-01 14:43:59,624][0m Trial 233 finished with value: 0.9137454910976853 and parameters: {'criterion': 'gini', 'max_depth': 40, 'max_features': 'sqrt', 'min_samples_leaf': 1, 'min_samples_split': 3, 'n_estimators': 10}. Best is trial 227 with value: 0.9150887222791914.[0m
[32m[I 2021-06-01 14:43:59,669][0m Trial 232 finished with value: 0.9145951724519568 and parameters: {'criterion': 'gini', 'max_depth': 40, 'max_features': 'sqrt', 'min_samples_leaf': 1, 'min_samples_split': 3, 'n_estimators': 10}. Best is trial 227 with value: 0.9150887222791914.[0m
[32m[I 2021-06-01 14:44:00,662][0m Trial 229 finished with value: 0.914798474247602 and parameters: {'criterion': 'gini', 'max_depth': 40, 'max_features': 'sqrt', 'min_samples_leaf': 1, 'min_samples_split': 3, 'n_estimators': 10}. Best is trial 227 with value: 0.9150887222791914.[0m
[32m[I 2021-06-01 14:44:01,069][0m Trial 210 finished with value: 0.9107904995608666 and parameters: {'criterion': 'gini', 'max_depth': 45, 'max_features': 'log2', 'min_samples_leaf': 1, 'min_samples_split': 3, 'n_estimators': 80}. Best is trial 227 with value: 0.9150887222791914.[0m
[32m[I 2021-06-01 14:44:02,756][0m Trial 234 finished with value: 0.9157152387746089 and parameters: {'criterion': 'gini', 'max_depth': 40, 'max_features': 'sqrt', 'min_samples_leaf': 1, 'min_samples_split': 3, 'n_estimators': 10}. Best is trial 234 with value: 0.9157152387746089.[0m
[32m[I 2021-06-01 14:44:03,356][0m Trial 235 finished with value: 0.9146349635029567 and parameters: {'criterion': 'gini', 'max_depth': 40, 'max_features': 'sqrt', 'min_samples_leaf': 1, 'min_samples_split': 3, 'n_estimators': 10}. Best is trial 234 with value: 0.9157152387746089.[0m
[32m[I 2021-06-01 14:44:04,441][0m Trial 237 finished with value: 0.9149949312676273 and parameters: {'criterion': 'gini', 'max_depth': 40, 'max_features': 'sqrt', 'min_samples_leaf': 1, 'min_samples_split': 3, 'n_estimators': 10}. Best is trial 234 with value: 0.9157152387746089.[0m
[32m[I 2021-06-01 14:44:04,820][0m Trial 241 finished with value: 0.9141708597364262 and parameters: {'criterion': 'gini', 'max_depth': 40, 'max_features': 'sqrt', 'min_samples_leaf': 1, 'min_samples_split': 3, 'n_estimators': 10}. Best is trial 234 with value: 0.9157152387746089.[0m
[32m[I 2021-06-01 14:44:04,826][0m Trial 239 finished with value: 0.9143190137058899 and parameters: {'criterion': 'gini', 'max_depth': 40, 'max_features': 'sqrt', 'min_samples_leaf': 1, 'min_samples_split': 3, 'n_estimators': 10}. Best is trial 234 with value: 0.9157152387746089.[0m
[32m[I 2021-06-01 14:44:05,222][0m Trial 127 finished with value: 0.9104542805931354 and parameters: {'criterion': 'gini', 'max_depth': 45, 'max_features': 'auto', 'min_samples_leaf': 1, 'min_samples_split': 8, 'n_estimators': 160}. Best is trial 234 with value: 0.9157152387746089.[0m
[32m[I 2021-06-01 14:44:05,499][0m Trial 238 finished with value: 0.9141092768873673 and parameters: {'criterion': 'gini', 'max_depth': 40, 'max_features': 'sqrt', 'min_samples_leaf': 1, 'min_samples_split': 3, 'n_estimators': 10}. Best is trial 234 with value: 0.9157152387746089.[0m
[32m[I 2021-06-01 14:44:05,727][0m Trial 240 finished with value: 0.9154882214025823 and parameters: {'criterion': 'gini', 'max_depth': 40, 'max_features': 'sqrt', 'min_samples_leaf': 1, 'min_samples_split': 3, 'n_estimators': 10}. Best is trial 234 with value: 0.9157152387746089.[0m
[32m[I 2021-06-01 14:44:06,212][0m Trial 243 finished with value: 0.9143992737829933 and parameters: {'criterion': 'gini', 'max_depth': 40, 'max_features': 'sqrt', 'min_samples_leaf': 1, 'min_samples_split': 3, 'n_estimators': 10}. Best is trial 234 with value: 0.9157152387746089.[0m
[32m[I 2021-06-01 14:44:06,593][0m Trial 242 finished with value: 0.9149987596893736 and parameters: {'criterion': 'gini', 'max_depth': 40, 'max_features': 'sqrt', 'min_samples_leaf': 1, 'min_samples_split': 3, 'n_estimators': 10}. Best is trial 234 with value: 0.9157152387746089.[0m
[32m[I 2021-06-01 14:44:07,545][0m Trial 236 finished with value: 0.9149868322345789 and parameters: {'criterion': 'gini', 'max_depth': 40, 'max_features': 'sqrt', 'min_samples_leaf': 1, 'min_samples_split': 3, 'n_estimators': 10}. Best is trial 234 with value: 0.9157152387746089.[0m
[32m[I 2021-06-01 14:44:08,658][0m Trial 244 finished with value: 0.9147711775207528 and parameters: {'criterion': 'gini', 'max_depth': 40, 'max_features': 'sqrt', 'min_samples_leaf': 1, 'min_samples_split': 3, 'n_estimators': 10}. Best is trial 234 with value: 0.9157152387746089.[0m
[32m[I 2021-06-01 14:44:09,321][0m Trial 245 finished with value: 0.9146414104698243 and parameters: {'criterion': 'gini', 'max_depth': 40, 'max_features': 'sqrt', 'min_samples_leaf': 1, 'min_samples_split': 3, 'n_estimators': 10}. Best is trial 234 with value: 0.9157152387746089.[0m
[32m[I 2021-06-01 14:44:09,810][0m Trial 247 finished with value: 0.9145916754847294 and parameters: {'criterion': 'gini', 'max_depth': 40, 'max_features': 'sqrt', 'min_samples_leaf': 1, 'min_samples_split': 3, 'n_estimators': 10}. Best is trial 234 with value: 0.9157152387746089.[0m
[32m[I 2021-06-01 14:44:10,530][0m Trial 246 finished with value: 0.9138227240518001 and parameters: {'criterion': 'gini', 'max_depth': 40, 'max_features': 'sqrt', 'min_samples_leaf': 1, 'min_samples_split': 3, 'n_estimators': 10}. Best is trial 234 with value: 0.9157152387746089.[0m
[32m[I 2021-06-01 14:44:11,154][0m Trial 252 finished with value: 0.9085427122340409 and parameters: {'criterion': 'gini', 'max_depth': 40, 'max_features': 'sqrt', 'min_samples_leaf': 8, 'min_samples_split': 3, 'n_estimators': 10}. Best is trial 234 with value: 0.9157152387746089.[0m
[32m[I 2021-06-01 14:44:11,216][0m Trial 248 finished with value: 0.9143961854162519 and parameters: {'criterion': 'gini', 'max_depth': 40, 'max_features': 'sqrt', 'min_samples_leaf': 1, 'min_samples_split': 3, 'n_estimators': 10}. Best is trial 234 with value: 0.9157152387746089.[0m
[32m[I 2021-06-01 14:44:11,267][0m Trial 251 finished with value: 0.914579585656725 and parameters: {'criterion': 'gini', 'max_depth': 40, 'max_features': 'sqrt', 'min_samples_leaf': 1, 'min_samples_split': 3, 'n_estimators': 10}. Best is trial 234 with value: 0.9157152387746089.[0m
[32m[I 2021-06-01 14:44:11,653][0m Trial 250 finished with value: 0.9155480866404717 and parameters: {'criterion': 'gini', 'max_depth': 40, 'max_features': 'sqrt', 'min_samples_leaf': 1, 'min_samples_split': 3, 'n_estimators': 10}. Best is trial 234 with value: 0.9157152387746089.[0m
[32m[I 2021-06-01 14:44:11,680][0m Trial 249 finished with value: 0.9145167730347625 and parameters: {'criterion': 'gini', 'max_depth': 40, 'max_features': 'sqrt', 'min_samples_leaf': 1, 'min_samples_split': 3, 'n_estimators': 10}. Best is trial 234 with value: 0.9157152387746089.[0m
[32m[I 2021-06-01 14:44:13,395][0m Trial 253 finished with value: 0.9149863714115891 and parameters: {'criterion': 'gini', 'max_depth': 40, 'max_features': 'sqrt', 'min_samples_leaf': 1, 'min_samples_split': 3, 'n_estimators': 10}. Best is trial 234 with value: 0.9157152387746089.[0m
[32m[I 2021-06-01 14:44:14,558][0m Trial 254 finished with value: 0.9140917194008106 and parameters: {'criterion': 'gini', 'max_depth': 40, 'max_features': 'sqrt', 'min_samples_leaf': 1, 'min_samples_split': 3, 'n_estimators': 10}. Best is trial 234 with value: 0.9157152387746089.[0m
[32m[I 2021-06-01 14:44:14,880][0m Trial 255 finished with value: 0.9144864189792015 and parameters: {'criterion': 'gini', 'max_depth': 40, 'max_features': 'sqrt', 'min_samples_leaf': 1, 'min_samples_split': 3, 'n_estimators': 10}. Best is trial 234 with value: 0.9157152387746089.[0m
[32m[I 2021-06-01 14:44:16,330][0m Trial 258 finished with value: 0.9152070559988829 and parameters: {'criterion': 'gini', 'max_depth': 40, 'max_features': 'sqrt', 'min_samples_leaf': 1, 'min_samples_split': 3, 'n_estimators': 10}. Best is trial 234 with value: 0.9157152387746089.[0m
[32m[I 2021-06-01 14:44:16,331][0m Trial 256 finished with value: 0.9143608856731437 and parameters: {'criterion': 'gini', 'max_depth': 40, 'max_features': 'sqrt', 'min_samples_leaf': 1, 'min_samples_split': 3, 'n_estimators': 10}. Best is trial 234 with value: 0.9157152387746089.[0m
[32m[I 2021-06-01 14:44:16,380][0m Trial 257 finished with value: 0.9148253666549154 and parameters: {'criterion': 'gini', 'max_depth': 40, 'max_features': 'sqrt', 'min_samples_leaf': 1, 'min_samples_split': 3, 'n_estimators': 10}. Best is trial 234 with value: 0.9157152387746089.[0m
[32m[I 2021-06-01 14:44:17,440][0m Trial 260 finished with value: 0.9148778385404579 and parameters: {'criterion': 'gini', 'max_depth': 40, 'max_features': 'sqrt', 'min_samples_leaf': 1, 'min_samples_split': 3, 'n_estimators': 10}. Best is trial 234 with value: 0.9157152387746089.[0m
[32m[I 2021-06-01 14:44:17,486][0m Trial 259 finished with value: 0.9144003164251903 and parameters: {'criterion': 'gini', 'max_depth': 40, 'max_features': 'sqrt', 'min_samples_leaf': 1, 'min_samples_split': 3, 'n_estimators': 10}. Best is trial 234 with value: 0.9157152387746089.[0m
[32m[I 2021-06-01 14:44:19,123][0m Trial 261 finished with value: 0.914411880826288 and parameters: {'criterion': 'gini', 'max_depth': 40, 'max_features': 'sqrt', 'min_samples_leaf': 1, 'min_samples_split': 3, 'n_estimators': 10}. Best is trial 234 with value: 0.9157152387746089.[0m
[32m[I 2021-06-01 14:44:20,270][0m Trial 262 finished with value: 0.9152963709500455 and parameters: {'criterion': 'gini', 'max_depth': 40, 'max_features': 'sqrt', 'min_samples_leaf': 1, 'min_samples_split': 3, 'n_estimators': 10}. Best is trial 234 with value: 0.9157152387746089.[0m
[32m[I 2021-06-01 14:44:23,841][0m Trial 263 finished with value: 0.91231215800484 and parameters: {'criterion': 'gini', 'max_depth': 40, 'max_features': 'sqrt', 'min_samples_leaf': 1, 'min_samples_split': 3, 'n_estimators': 20}. Best is trial 234 with value: 0.9157152387746089.[0m
[32m[I 2021-06-01 14:44:25,272][0m Trial 265 finished with value: 0.9126461417755406 and parameters: {'criterion': 'gini', 'max_depth': 40, 'max_features': 'sqrt', 'min_samples_leaf': 1, 'min_samples_split': 3, 'n_estimators': 20}. Best is trial 234 with value: 0.9157152387746089.[0m
[32m[I 2021-06-01 14:44:27,562][0m Trial 266 finished with value: 0.9130490540339322 and parameters: {'criterion': 'gini', 'max_depth': 40, 'max_features': 'sqrt', 'min_samples_leaf': 1, 'min_samples_split': 3, 'n_estimators': 20}. Best is trial 234 with value: 0.9157152387746089.[0m
[32m[I 2021-06-01 14:44:27,768][0m Trial 267 finished with value: 0.9123244740800764 and parameters: {'criterion': 'gini', 'max_depth': 40, 'max_features': 'sqrt', 'min_samples_leaf': 1, 'min_samples_split': 3, 'n_estimators': 20}. Best is trial 234 with value: 0.9157152387746089.[0m
[32m[I 2021-06-01 14:44:29,312][0m Trial 268 finished with value: 0.9142092167366368 and parameters: {'criterion': 'gini', 'max_depth': 40, 'max_features': 'sqrt', 'min_samples_leaf': 1, 'min_samples_split': 3, 'n_estimators': 20}. Best is trial 234 with value: 0.9157152387746089.[0m
[32m[I 2021-06-01 14:44:30,364][0m Trial 269 finished with value: 0.9126216071903235 and parameters: {'criterion': 'gini', 'max_depth': 40, 'max_features': 'sqrt', 'min_samples_leaf': 1, 'min_samples_split': 3, 'n_estimators': 20}. Best is trial 234 with value: 0.9157152387746089.[0m
[32m[I 2021-06-01 14:44:35,462][0m Trial 272 finished with value: 0.9129413861184592 and parameters: {'criterion': 'gini', 'max_depth': 40, 'max_features': 'sqrt', 'min_samples_leaf': 2, 'min_samples_split': 3, 'n_estimators': 10}. Best is trial 234 with value: 0.9157152387746089.[0m
[32m[I 2021-06-01 14:44:37,631][0m Trial 270 finished with value: 0.9130149906016101 and parameters: {'criterion': 'gini', 'max_depth': 40, 'max_features': 'sqrt', 'min_samples_leaf': 1, 'min_samples_split': 3, 'n_estimators': 20}. Best is trial 234 with value: 0.9157152387746089.[0m
[32m[I 2021-06-01 14:44:39,309][0m Trial 271 finished with value: 0.9129901096390171 and parameters: {'criterion': 'gini', 'max_depth': 40, 'max_features': 'sqrt', 'min_samples_leaf': 1, 'min_samples_split': 3, 'n_estimators': 20}. Best is trial 234 with value: 0.9157152387746089.[0m
[32m[I 2021-06-01 14:44:41,660][0m Trial 273 finished with value: 0.9087063398975561 and parameters: {'criterion': 'gini', 'max_depth': 40, 'max_features': 'sqrt', 'min_samples_leaf': 9, 'min_samples_split': 3, 'n_estimators': 10}. Best is trial 234 with value: 0.9157152387746089.[0m
[32m[I 2021-06-01 14:45:12,684][0m Trial 264 finished with value: 0.9111439960797835 and parameters: {'criterion': 'gini', 'max_depth': 40, 'max_features': 'sqrt', 'min_samples_leaf': 1, 'min_samples_split': 3, 'n_estimators': 125}. Best is trial 234 with value: 0.9157152387746089.[0m
[32m[I 2021-06-01 14:45:17,837][0m Trial 275 finished with value: 0.9149616067449173 and parameters: {'criterion': 'gini', 'max_depth': 40, 'max_features': 'sqrt', 'min_samples_leaf': 1, 'min_samples_split': 3, 'n_estimators': 10}. Best is trial 234 with value: 0.9157152387746089.[0m
[32m[I 2021-06-01 14:45:27,461][0m Trial 276 finished with value: 0.9121539039234241 and parameters: {'criterion': 'gini', 'max_depth': 40, 'max_features': 'sqrt', 'min_samples_leaf': 1, 'min_samples_split': 3, 'n_estimators': 20}. Best is trial 234 with value: 0.9157152387746089.[0m
[32m[I 2021-06-01 14:45:29,351][0m Trial 274 finished with value: 0.9110333912942605 and parameters: {'criterion': 'gini', 'max_depth': 40, 'max_features': 'sqrt', 'min_samples_leaf': 1, 'min_samples_split': 3, 'n_estimators': 115}. Best is trial 234 with value: 0.9157152387746089.[0m
[32m[I 2021-06-01 14:45:32,803][0m Trial 277 finished with value: 0.9142762605132685 and parameters: {'criterion': 'gini', 'max_depth': 40, 'max_features': 'sqrt', 'min_samples_leaf': 1, 'min_samples_split': 3, 'n_estimators': 10}. Best is trial 234 with value: 0.9157152387746089.[0m
[32m[I 2021-06-01 14:45:34,694][0m Trial 278 finished with value: 0.9147839650883707 and parameters: {'criterion': 'gini', 'max_depth': 40, 'max_features': 'sqrt', 'min_samples_leaf': 1, 'min_samples_split': 3, 'n_estimators': 10}. Best is trial 234 with value: 0.9157152387746089.[0m
[32m[I 2021-06-01 14:45:43,271][0m Trial 279 finished with value: 0.9111830804976453 and parameters: {'criterion': 'gini', 'max_depth': 40, 'max_features': 'sqrt', 'min_samples_leaf': 2, 'min_samples_split': 3, 'n_estimators': 20}. Best is trial 234 with value: 0.9157152387746089.[0m
